
 

YPDFORMAMIDE4
[['Y', 'P', 'D', 'F', 'O', 'R', 'M', 'A', 'M', 'I', 'D', 'E', '4'], ['Y', 'P', 'D', 'S', 'D', 'S']]
Round 1 of 10
Fitting 5 folds for each of 60 candidates, totalling 300 fits
[Parallel(n_jobs=-1)]: Using backend LokyBackend with 20 concurrent workers.
[CV] estimator__max_depth=3, estimator__max_features=0.1, estimator__n_estimators=300 
[CV]  estimator__max_depth=3, estimator__max_features=0.1, estimator__n_estimators=300, total=  59.7s
[CV] estimator__max_depth=3, estimator__max_features=0.5, estimator__n_estimators=100 
[CV]  estimator__max_depth=3, estimator__max_features=0.5, estimator__n_estimators=100, total= 1.5min
[CV] estimator__max_depth=3, estimator__max_features=0.5, estimator__n_estimators=700 
[CV]  estimator__max_depth=3, estimator__max_features=0.5, estimator__n_estimators=700, total=10.7min
[CV] estimator__max_depth=5, estimator__max_features=0.5, estimator__n_estimators=100 
[CV]  estimator__max_depth=5, estimator__max_features=0.5, estimator__n_estimators=100, total= 3.0min
[CV] estimator__max_depth=5, estimator__max_features=0.5, estimator__n_estimators=500 
[CV]  estimator__max_depth=5, estimator__max_features=0.5, estimator__n_estimators=500, total=15.7min
[CV] estimator__max_depth=10, estimator__max_features=0.1, estimator__n_estimators=700 
[CV]  estimator__max_depth=10, estimator__max_features=0.1, estimator__n_estimators=700, total=11.5min
[CV] estimator__max_depth=10, estimator__max_features=0.5, estimator__n_estimators=300 
[CV]  estimator__max_depth=10, estimator__max_features=0.5, estimator__n_estimators=300, total=22.0min
[CV] estimator__max_depth=10, estimator__max_features=sqrt, estimator__n_estimators=1000 
[CV]  estimator__max_depth=10, estimator__max_features=sqrt, estimator__n_estimators=1000, total=  35.0s
[CV] estimator__max_depth=10, estimator__max_features=log2, estimator__n_estimators=1000 
[CV]  estimator__max_depth=10, estimator__max_features=log2, estimator__n_estimators=1000, total=   4.3s
[CV] estimator__max_depth=3, estimator__max_features=0.1, estimator__n_estimators=300 
[CV]  estimator__max_depth=3, estimator__max_features=0.1, estimator__n_estimators=300, total=  55.8s
[CV] estimator__max_depth=3, estimator__max_features=0.5, estimator__n_estimators=100 
[CV]  estimator__max_depth=3, estimator__max_features=0.5, estimator__n_estimators=100, total= 1.6min
[CV] estimator__max_depth=3, estimator__max_features=0.5, estimator__n_estimators=700 
[CV]  estimator__max_depth=3, estimator__max_features=0.5, estimator__n_estimators=700, total=10.5min
[CV] estimator__max_depth=5, estimator__max_features=0.5, estimator__n_estimators=100 
[CV]  estimator__max_depth=5, estimator__max_features=0.5, estimator__n_estimators=100, total= 3.0min
[CV] estimator__max_depth=5, estimator__max_features=0.5, estimator__n_estimators=500 
[CV]  estimator__max_depth=5, estimator__max_features=0.5, estimator__n_estimators=500, total=15.0min
[CV] estimator__max_depth=10, estimator__max_features=0.1, estimator__n_estimators=700 
[CV]  estimator__max_depth=10, estimator__max_features=0.1, estimator__n_estimators=700, total=12.2min
[CV] estimator__max_depth=10, estimator__max_features=0.5, estimator__n_estimators=300 
[CV]  estimator__max_depth=10, estimator__max_features=0.5, estimator__n_estimators=300, total=22.5min
[CV] estimator__max_depth=10, estimator__max_features=log2, estimator__n_estimators=100 
[CV]  estimator__max_depth=10, estimator__max_features=log2, estimator__n_estimators=100, total=   0.8s
[CV] estimator__max_depth=10, estimator__max_features=log2, estimator__n_estimators=100 
[CV]  estimator__max_depth=10, estimator__max_features=log2, estimator__n_estimators=100, total=   0.8s
[CV] estimator__max_depth=10, estimator__max_features=log2, estimator__n_estimators=300 
[CV]  estimator__max_depth=10, estimator__max_features=log2, estimator__n_estimators=300, total=   1.6s
[CV] estimator__max_depth=10, estimator__max_features=log2, estimator__n_estimators=300 
[CV]  estimator__max_depth=10, estimator__max_features=log2, estimator__n_estimators=300, total=   1.5s
[CV] estimator__max_depth=10, estimator__max_features=log2, estimator__n_estimators=300 
[CV]  estimator__max_depth=10, estimator__max_features=log2, estimator__n_estimators=300, total=   1.5s
[CV] estimator__max_depth=10, estimator__max_features=log2, estimator__n_estimators=500 
[CV]  estimator__max_depth=10, estimator__max_features=log2, estimator__n_estimators=500, total=   2.3s
[CV] estimator__max_depth=10, estimator__max_features=log2, estimator__n_estimators=500 
[CV]  estimator__max_depth=10, estimator__max_features=log2, estimator__n_estimators=500, total=   2.3s
[CV] estimator__max_depth=10, estimator__max_features=log2, estimator__n_estimators=700 
[CV]  estimator__max_depth=10, estimator__max_features=log2, estimator__n_estimators=700, total=   3.0s
[CV] estimator__max_depth=10, estimator__max_features=log2, estimator__n_estimators=700 
[CV]  estimator__max_depth=10, estimator__max_features=log2, estimator__n_estimators=700, total=   3.1s
[CV] estimator__max_depth=10, estimator__max_features=log2, estimator__n_estimators=1000 
[CV]  estimator__max_depth=10, estimator__max_features=log2, estimator__n_estimators=1000, total=   4.4s
[CV] estimator__max_depth=3, estimator__max_features=0.1, estimator__n_estimators=700 
[CV]  estimator__max_depth=3, estimator__max_features=0.1, estimator__n_estimators=700, total= 2.1min
[CV] estimator__max_depth=3, estimator__max_features=0.5, estimator__n_estimators=500 
[CV]  estimator__max_depth=3, estimator__max_features=0.5, estimator__n_estimators=500, total= 7.2min
[CV] estimator__max_depth=5, estimator__max_features=0.1, estimator__n_estimators=700 
[CV]  estimator__max_depth=5, estimator__max_features=0.1, estimator__n_estimators=700, total= 4.0min
[CV] estimator__max_depth=5, estimator__max_features=0.5, estimator__n_estimators=100 
[CV]  estimator__max_depth=5, estimator__max_features=0.5, estimator__n_estimators=100, total= 2.8min
[CV] estimator__max_depth=5, estimator__max_features=0.5, estimator__n_estimators=500 
[CV]  estimator__max_depth=5, estimator__max_features=0.5, estimator__n_estimators=500, total=14.1min
[CV] estimator__max_depth=10, estimator__max_features=0.1, estimator__n_estimators=700 
[CV]  estimator__max_depth=10, estimator__max_features=0.1, estimator__n_estimators=700, total=10.4min
[CV] estimator__max_depth=10, estimator__max_features=0.5, estimator__n_estimators=300 
[CV]  estimator__max_depth=10, estimator__max_features=0.5, estimator__n_estimators=300, total=19.7min
[CV] estimator__max_depth=10, estimator__max_features=sqrt, estimator__n_estimators=100 
[CV]  estimator__max_depth=10, estimator__max_features=sqrt, estimator__n_estimators=100, total=   3.2s
[CV] estimator__max_depth=10, estimator__max_features=sqrt, estimator__n_estimators=100 
[CV]  estimator__max_depth=10, estimator__max_features=sqrt, estimator__n_estimators=100, total=   3.3s
[CV] estimator__max_depth=10, estimator__max_features=sqrt, estimator__n_estimators=100 
[CV]  estimator__max_depth=10, estimator__max_features=sqrt, estimator__n_estimators=100, total=   3.4s
[CV] estimator__max_depth=10, estimator__max_features=sqrt, estimator__n_estimators=100 
[CV]  estimator__max_depth=10, estimator__max_features=sqrt, estimator__n_estimators=100, total=   3.2s
[CV] estimator__max_depth=10, estimator__max_features=sqrt, estimator__n_estimators=100 
[CV]  estimator__max_depth=10, estimator__max_features=sqrt, estimator__n_estimators=100, total=   3.2s
[CV] estimator__max_depth=10, estimator__max_features=sqrt, estimator__n_estimators=300 
[CV]  estimator__max_depth=10, estimator__max_features=sqrt, estimator__n_estimators=300, total=   8.6s
[CV] estimator__max_depth=10, estimator__max_features=sqrt, estimator__n_estimators=300 
[CV]  estimator__max_depth=10, estimator__max_features=sqrt, estimator__n_estimators=300, total=   8.9s
[CV] estimator__max_depth=10, estimator__max_features=sqrt, estimator__n_estimators=300 
[CV]  estimator__max_depth=10, estimator__max_features=sqrt, estimator__n_estimators=300, total=   9.5s
[CV] estimator__max_depth=10, estimator__max_features=sqrt, estimator__n_estimators=300 
[CV]  estimator__max_depth=10, estimator__max_features=sqrt, estimator__n_estimators=300, total=   9.0s
[CV] estimator__max_depth=10, estimator__max_features=sqrt, estimator__n_estimators=300 
[CV]  estimator__max_depth=10, estimator__max_features=sqrt, estimator__n_estimators=300, total=   8.9s
[CV] estimator__max_depth=10, estimator__max_features=sqrt, estimator__n_estimators=500 
[CV]  estimator__max_depth=10, estimator__max_features=sqrt, estimator__n_estimators=500, total=  22.0s
[CV] estimator__max_depth=10, estimator__max_features=sqrt, estimator__n_estimators=500 
[CV]  estimator__max_depth=10, estimator__max_features=sqrt, estimator__n_estimators=500, total=  15.4s
[CV] estimator__max_depth=10, estimator__max_features=sqrt, estimator__n_estimators=500 
[CV]  estimator__max_depth=10, estimator__max_features=sqrt, estimator__n_estimators=500, total=  25.0s
[CV] estimator__max_depth=10, estimator__max_features=sqrt, estimator__n_estimators=500 
[CV]  estimator__max_depth=10, estimator__max_features=sqrt, estimator__n_estimators=500, total=  14.8s
[CV] estimator__max_depth=10, estimator__max_features=sqrt, estimator__n_estimators=500 
[CV]  estimator__max_depth=10, estimator__max_features=sqrt, estimator__n_estimators=500, total=  14.7s
[CV] estimator__max_depth=10, estimator__max_features=sqrt, estimator__n_estimators=700 
[CV]  estimator__max_depth=10, estimator__max_features=sqrt, estimator__n_estimators=700, total=  20.1s
[CV] estimator__max_depth=10, estimator__max_features=sqrt, estimator__n_estimators=700 
[CV]  estimator__max_depth=10, estimator__max_features=sqrt, estimator__n_estimators=700, total=  41.8s
[CV] estimator__max_depth=10, estimator__max_features=sqrt, estimator__n_estimators=700 
[CV]  estimator__max_depth=10, estimator__max_features=sqrt, estimator__n_estimators=700, total=  21.9s
[CV] estimator__max_depth=10, estimator__max_features=sqrt, estimator__n_estimators=700 
[CV]  estimator__max_depth=10, estimator__max_features=sqrt, estimator__n_estimators=700, total=  20.2s
[CV] estimator__max_depth=10, estimator__max_features=sqrt, estimator__n_estimators=1000 
[CV]  estimator__max_depth=10, estimator__max_features=sqrt, estimator__n_estimators=1000, total=  28.7s
[CV] estimator__max_depth=10, estimator__max_features=sqrt, estimator__n_estimators=1000 
[CV]  estimator__max_depth=10, estimator__max_features=sqrt, estimator__n_estimators=1000, total=  31.3s
[CV] estimator__max_depth=10, estimator__max_features=log2, estimator__n_estimators=100 
[CV]  estimator__max_depth=10, estimator__max_features=log2, estimator__n_estimators=100, total=   0.8s
[CV] estimator__max_depth=10, estimator__max_features=log2, estimator__n_estimators=100 
[CV]  estimator__max_depth=10, estimator__max_features=log2, estimator__n_estimators=100, total=   0.8s
[CV] estimator__max_depth=10, estimator__max_features=log2, estimator__n_estimators=100 
[CV]  estimator__max_depth=10, estimator__max_features=log2, estimator__n_estimators=100, total=   1.1s
[CV] estimator__max_depth=10, estimator__max_features=log2, estimator__n_estimators=300 
[CV]  estimator__max_depth=10, estimator__max_features=log2, estimator__n_estimators=300, total=   1.6s
[CV] estimator__max_depth=10, estimator__max_features=log2, estimator__n_estimators=300 
[CV]  estimator__max_depth=10, estimator__max_features=log2, estimator__n_estimators=300, total=   1.5s
[CV] estimator__max_depth=10, estimator__max_features=log2, estimator__n_estimators=500 
[CV]  estimator__max_depth=10, estimator__max_features=log2, estimator__n_estimators=500, total=   2.2s
[CV] estimator__max_depth=10, estimator__max_features=log2, estimator__n_estimators=500 
[CV]  estimator__max_depth=10, estimator__max_features=log2, estimator__n_estimators=500, total=   2.3s
[CV] estimator__max_depth=10, estimator__max_features=log2, estimator__n_estimators=500 
[CV]  estimator__max_depth=10, estimator__max_features=log2, estimator__n_estimators=500, total=   2.2s
[CV] estimator__max_depth=10, estimator__max_features=log2, estimator__n_estimators=700 
[CV]  estimator__max_depth=10, estimator__max_features=log2, estimator__n_estimators=700, total=   3.0s
[CV] estimator__max_depth=10, estimator__max_features=log2, estimator__n_estimators=700 
[CV]  estimator__max_depth=10, estimator__max_features=log2, estimator__n_estimators=700, total=   3.0s
[CV] estimator__max_depth=10, estimator__max_features=log2, estimator__n_estimators=1000 
[CV]  estimator__max_depth=10, estimator__max_features=log2, estimator__n_estimators=1000, total=   4.0s
[CV] estimator__max_depth=3, estimator__max_features=0.1, estimator__n_estimators=700 
[CV]  estimator__max_depth=3, estimator__max_features=0.1, estimator__n_estimators=700, total= 2.2min
[CV] estimator__max_depth=3, estimator__max_features=0.5, estimator__n_estimators=500 
[CV]  estimator__max_depth=3, estimator__max_features=0.5, estimator__n_estimators=500, total= 7.6min
[CV] estimator__max_depth=5, estimator__max_features=0.1, estimator__n_estimators=700 
[CV]  estimator__max_depth=5, estimator__max_features=0.1, estimator__n_estimators=700, total= 4.5min
[CV] estimator__max_depth=5, estimator__max_features=0.5, estimator__n_estimators=300 
[CV]  estimator__max_depth=5, estimator__max_features=0.5, estimator__n_estimators=300, total= 9.4min
[CV] estimator__max_depth=10, estimator__max_features=0.1, estimator__n_estimators=100 
[CV]  estimator__max_depth=10, estimator__max_features=0.1, estimator__n_estimators=100, total= 1.6min
[CV] estimator__max_depth=10, estimator__max_features=0.1, estimator__n_estimators=300 
[CV]  estimator__max_depth=10, estimator__max_features=0.1, estimator__n_estimators=300, total= 5.2min
[CV] estimator__max_depth=10, estimator__max_features=0.1, estimator__n_estimators=700 
[CV]  estimator__max_depth=10, estimator__max_features=0.1, estimator__n_estimators=700, total=11.5min
[CV] estimator__max_depth=10, estimator__max_features=0.5, estimator__n_estimators=300 
[CV]  estimator__max_depth=10, estimator__max_features=0.5, estimator__n_estimators=300, total=22.4min
[CV] estimator__max_depth=10, estimator__max_features=sqrt, estimator__n_estimators=700 
[CV]  estimator__max_depth=10, estimator__max_features=sqrt, estimator__n_estimators=700, total=  25.3s
[CV] estimator__max_depth=10, estimator__max_features=sqrt, estimator__n_estimators=1000 
[CV]  estimator__max_depth=10, estimator__max_features=sqrt, estimator__n_estimators=1000, total=  35.8s
[CV] estimator__max_depth=10, estimator__max_features=sqrt, estimator__n_estimators=1000 
[CV]  estimator__max_depth=10, estimator__max_features=sqrt, estimator__n_estimators=1000, total=  35.1s
[CV] estimator__max_depth=10, estimator__max_features=log2, estimator__n_estimators=700 
[CV]  estimator__max_depth=10, estimator__max_features=log2, estimator__n_estimators=700, total=   3.3s
[CV] estimator__max_depth=10, estimator__max_features=log2, estimator__n_estimators=1000 
[CV]  estimator__max_depth=10, estimator__max_features=log2, estimator__n_estimators=1000, total=   4.3s
[CV] estimator__max_depth=10, estimator__max_features=log2, estimator__n_estimators=1000 
[CV]  estimator__max_depth=10, estimator__max_features=log2, estimator__n_estimators=1000, total=   4.3s
[CV] estimator__max_depth=3, estimator__max_features=0.1, estimator__n_estimators=300 
[CV]  estimator__max_depth=3, estimator__max_features=0.1, estimator__n_estimators=300, total=  56.0s
[CV] estimator__max_depth=3, estimator__max_features=0.5, estimator__n_estimators=100 
[CV]  estimator__max_depth=3, estimator__max_features=0.5, estimator__n_estimators=100, total= 1.5min
[CV] estimator__max_depth=3, estimator__max_features=0.5, estimator__n_estimators=700 
[CV]  estimator__max_depth=3, estimator__max_features=0.5, estimator__n_estimators=700, total=10.7min
[CV] estimator__max_depth=5, estimator__max_features=0.5, estimator__n_estimators=100 
[CV]  estimator__max_depth=5, estimator__max_features=0.5, estimator__n_estimators=100, total= 3.2min
[CV] estimator__max_depth=5, estimator__max_features=0.5, estimator__n_estimators=500 
[CV]  estimator__max_depth=5, estimator__max_features=0.5, estimator__n_estimators=500, total=14.8min
[CV] estimator__max_depth=10, estimator__max_features=0.1, estimator__n_estimators=700 
[CV]  estimator__max_depth=10, estimator__max_features=0.1, estimator__n_estimators=700, total=11.7min
[CV] estimator__max_depth=10, estimator__max_features=0.5, estimator__n_estimators=300 
[CV]  estimator__max_depth=10, estimator__max_features=0.5, estimator__n_estimators=300, total=24.0min
[CV] estimator__max_depth=3, estimator__max_features=0.1, estimator__n_estimators=700 
[CV]  estimator__max_depth=3, estimator__max_features=0.1, estimator__n_estimators=700, total= 2.1min
[CV] estimator__max_depth=3, estimator__max_features=0.5, estimator__n_estimators=500 
[CV]  estimator__max_depth=3, estimator__max_features=0.5, estimator__n_estimators=500, total= 7.6min
[CV] estimator__max_depth=5, estimator__max_features=0.1, estimator__n_estimators=700 
[CV]  estimator__max_depth=5, estimator__max_features=0.1, estimator__n_estimators=700, total= 4.5min
[CV] estimator__max_depth=5, estimator__max_features=0.5, estimator__n_estimators=300 
[CV]  estimator__max_depth=5, estimator__max_features=0.5, estimator__n_estimators=300, total= 8.8min
[CV] estimator__max_depth=5, estimator__max_features=sqrt, estimator__n_estimators=1000 
[CV]  estimator__max_depth=5, estimator__max_features=sqrt, estimator__n_estimators=1000, total=  12.9s
[CV] estimator__max_depth=5, estimator__max_features=sqrt, estimator__n_estimators=1000 
[CV]  estimator__max_depth=5, estimator__max_features=sqrt, estimator__n_estimators=1000, total=  13.2s
[CV] estimator__max_depth=5, estimator__max_features=log2, estimator__n_estimators=700 
[CV]  estimator__max_depth=5, estimator__max_features=log2, estimator__n_estimators=700, total=   2.0s
[CV] estimator__max_depth=5, estimator__max_features=log2, estimator__n_estimators=1000 
[CV]  estimator__max_depth=5, estimator__max_features=log2, estimator__n_estimators=1000, total=   2.7s
[CV] estimator__max_depth=10, estimator__max_features=0.1, estimator__n_estimators=100 
[CV]  estimator__max_depth=10, estimator__max_features=0.1, estimator__n_estimators=100, total= 1.6min
[CV] estimator__max_depth=10, estimator__max_features=0.1, estimator__n_estimators=300 
[CV]  estimator__max_depth=10, estimator__max_features=0.1, estimator__n_estimators=300, total= 4.9min
[CV] estimator__max_depth=10, estimator__max_features=0.1, estimator__n_estimators=500 
[CV]  estimator__max_depth=10, estimator__max_features=0.1, estimator__n_estimators=500, total= 8.8min
[CV] estimator__max_depth=10, estimator__max_features=0.5, estimator__n_estimators=100 
[CV]  estimator__max_depth=10, estimator__max_features=0.5, estimator__n_estimators=100, total= 7.3min
[CV] estimator__max_depth=10, estimator__max_features=0.5, estimator__n_estimators=500 
[CV]  estimator__max_depth=10, estimator__max_features=0.5, estimator__n_estimators=500, total=35.7min
[CV] estimator__max_depth=3, estimator__max_features=0.1, estimator__n_estimators=500 
[CV]  estimator__max_depth=3, estimator__max_features=0.1, estimator__n_estimators=500, total= 1.5min
[CV] estimator__max_depth=3, estimator__max_features=0.5, estimator__n_estimators=300 
[CV]  estimator__max_depth=3, estimator__max_features=0.5, estimator__n_estimators=300, total= 4.5min
[CV] estimator__max_depth=3, estimator__max_features=sqrt, estimator__n_estimators=100 
[CV]  estimator__max_depth=3, estimator__max_features=sqrt, estimator__n_estimators=100, total=   1.1s
[CV] estimator__max_depth=3, estimator__max_features=sqrt, estimator__n_estimators=100 
[CV]  estimator__max_depth=3, estimator__max_features=sqrt, estimator__n_estimators=100, total=   1.1s
[CV] estimator__max_depth=3, estimator__max_features=sqrt, estimator__n_estimators=100 
[CV]  estimator__max_depth=3, estimator__max_features=sqrt, estimator__n_estimators=100, total=   1.1s
[CV] estimator__max_depth=3, estimator__max_features=sqrt, estimator__n_estimators=100 
[CV]  estimator__max_depth=3, estimator__max_features=sqrt, estimator__n_estimators=100, total=   1.1s
[CV] estimator__max_depth=3, estimator__max_features=sqrt, estimator__n_estimators=100 
[CV]  estimator__max_depth=3, estimator__max_features=sqrt, estimator__n_estimators=100, total=   1.1s
[CV] estimator__max_depth=3, estimator__max_features=sqrt, estimator__n_estimators=300 
[CV]  estimator__max_depth=3, estimator__max_features=sqrt, estimator__n_estimators=300, total=   2.6s
[CV] estimator__max_depth=3, estimator__max_features=sqrt, estimator__n_estimators=500 
[CV]  estimator__max_depth=3, estimator__max_features=sqrt, estimator__n_estimators=500, total=   3.9s
[CV] estimator__max_depth=3, estimator__max_features=sqrt, estimator__n_estimators=500 
[CV]  estimator__max_depth=3, estimator__max_features=sqrt, estimator__n_estimators=500, total=   3.9s
[CV] estimator__max_depth=3, estimator__max_features=sqrt, estimator__n_estimators=700 
[CV]  estimator__max_depth=3, estimator__max_features=sqrt, estimator__n_estimators=700, total=   5.4s
[CV] estimator__max_depth=3, estimator__max_features=sqrt, estimator__n_estimators=1000 
[CV]  estimator__max_depth=3, estimator__max_features=sqrt, estimator__n_estimators=1000, total=   7.7s
[CV] estimator__max_depth=3, estimator__max_features=log2, estimator__n_estimators=300 
[CV]  estimator__max_depth=3, estimator__max_features=log2, estimator__n_estimators=300, total=   1.0s
[CV] estimator__max_depth=3, estimator__max_features=log2, estimator__n_estimators=500 
[CV]  estimator__max_depth=3, estimator__max_features=log2, estimator__n_estimators=500, total=   1.4s
[CV] estimator__max_depth=3, estimator__max_features=log2, estimator__n_estimators=700 
[CV]  estimator__max_depth=3, estimator__max_features=log2, estimator__n_estimators=700, total=   1.8s
[CV] estimator__max_depth=3, estimator__max_features=log2, estimator__n_estimators=1000 
[CV]  estimator__max_depth=3, estimator__max_features=log2, estimator__n_estimators=1000, total=   2.3s
[CV] estimator__max_depth=5, estimator__max_features=0.1, estimator__n_estimators=100 
[CV]  estimator__max_depth=5, estimator__max_features=0.1, estimator__n_estimators=100, total=  36.3s
[CV] estimator__max_depth=5, estimator__max_features=0.1, estimator__n_estimators=300 
[CV]  estimator__max_depth=5, estimator__max_features=0.1, estimator__n_estimators=300, total= 1.8min
[CV] estimator__max_depth=5, estimator__max_features=0.1, estimator__n_estimators=500 
[CV]  estimator__max_depth=5, estimator__max_features=0.1, estimator__n_estimators=500, total= 3.1min
[CV] estimator__max_depth=5, estimator__max_features=0.1, estimator__n_estimators=1000 
[CV]  estimator__max_depth=5, estimator__max_features=0.1, estimator__n_estimators=1000, total= 6.1min
[CV] estimator__max_depth=5, estimator__max_features=0.5, estimator__n_estimators=700 
[CV]  estimator__max_depth=5, estimator__max_features=0.5, estimator__n_estimators=700, total=21.1min
[CV] estimator__max_depth=10, estimator__max_features=0.5, estimator__n_estimators=100 
[CV]  estimator__max_depth=10, estimator__max_features=0.5, estimator__n_estimators=100, total= 7.4min
[CV] estimator__max_depth=10, estimator__max_features=0.5, estimator__n_estimators=500 
[CV]  estimator__max_depth=10, estimator__max_features=0.5, estimator__n_estimators=500, total=36.0min
[CV] estimator__max_depth=3, estimator__max_features=0.1, estimator__n_estimators=500 
[CV]  estimator__max_depth=3, estimator__max_features=0.1, estimator__n_estimators=500, total= 1.6min
[CV] estimator__max_depth=3, estimator__max_features=0.5, estimator__n_estimators=300 
[CV]  estimator__max_depth=3, estimator__max_features=0.5, estimator__n_estimators=300, total= 4.5min
[CV] estimator__max_depth=3, estimator__max_features=sqrt, estimator__n_estimators=300 
[CV]  estimator__max_depth=3, estimator__max_features=sqrt, estimator__n_estimators=300, total=   2.5s
[CV] estimator__max_depth=3, estimator__max_features=sqrt, estimator__n_estimators=500 
[CV]  estimator__max_depth=3, estimator__max_features=sqrt, estimator__n_estimators=500, total=   4.8s
[CV] estimator__max_depth=3, estimator__max_features=sqrt, estimator__n_estimators=700 
[CV]  estimator__max_depth=3, estimator__max_features=sqrt, estimator__n_estimators=700, total=   5.6s
[CV] estimator__max_depth=3, estimator__max_features=sqrt, estimator__n_estimators=1000 
[CV]  estimator__max_depth=3, estimator__max_features=sqrt, estimator__n_estimators=1000, total=   7.9s
[CV] estimator__max_depth=3, estimator__max_features=log2, estimator__n_estimators=100 
[CV]  estimator__max_depth=3, estimator__max_features=log2, estimator__n_estimators=100, total=   0.6s
[CV] estimator__max_depth=3, estimator__max_features=log2, estimator__n_estimators=300 
[CV]  estimator__max_depth=3, estimator__max_features=log2, estimator__n_estimators=300, total=   1.4s
[CV] estimator__max_depth=3, estimator__max_features=log2, estimator__n_estimators=500 
[CV]  estimator__max_depth=3, estimator__max_features=log2, estimator__n_estimators=500, total=   1.5s
[CV] estimator__max_depth=3, estimator__max_features=log2, estimator__n_estimators=700 
[CV]  estimator__max_depth=3, estimator__max_features=log2, estimator__n_estimators=700, total=   1.8s
[CV] estimator__max_depth=3, estimator__max_features=log2, estimator__n_estimators=1000 
[CV]  estimator__max_depth=3, estimator__max_features=log2, estimator__n_estimators=1000, total=   2.3s
[CV] estimator__max_depth=5, estimator__max_features=0.1, estimator__n_estimators=100 
[CV]  estimator__max_depth=5, estimator__max_features=0.1, estimator__n_estimators=100, total=  39.1s
[CV] estimator__max_depth=5, estimator__max_features=0.1, estimator__n_estimators=300 
[CV]  estimator__max_depth=5, estimator__max_features=0.1, estimator__n_estimators=300, total= 1.8min
[CV] estimator__max_depth=5, estimator__max_features=0.1, estimator__n_estimators=500 
[CV]  estimator__max_depth=5, estimator__max_features=0.1, estimator__n_estimators=500, total= 3.0min
[CV] estimator__max_depth=5, estimator__max_features=0.1, estimator__n_estimators=1000 
[CV]  estimator__max_depth=5, estimator__max_features=0.1, estimator__n_estimators=1000, total= 6.2min
[CV] estimator__max_depth=5, estimator__max_features=0.5, estimator__n_estimators=700 
[CV]  estimator__max_depth=5, estimator__max_features=0.5, estimator__n_estimators=700, total=22.1min
[CV] estimator__max_depth=10, estimator__max_features=0.5, estimator__n_estimators=100 
[CV]  estimator__max_depth=10, estimator__max_features=0.5, estimator__n_estimators=100, total= 7.3min
[CV] estimator__max_depth=10, estimator__max_features=0.5, estimator__n_estimators=500 
[CV]  estimator__max_depth=10, estimator__max_features=0.5, estimator__n_estimators=500, total=35.5min
[CV] estimator__max_depth=3, estimator__max_features=0.1, estimator__n_estimators=500 
[CV]  estimator__max_depth=3, estimator__max_features=0.1, estimator__n_estimators=500, total= 1.5min
[CV] estimator__max_depth=3, estimator__max_features=0.5, estimator__n_estimators=300 
[CV]  estimator__max_depth=3, estimator__max_features=0.5, estimator__n_estimators=300, total= 4.5min
[CV] estimator__max_depth=3, estimator__max_features=sqrt, estimator__n_estimators=300 
[CV]  estimator__max_depth=3, estimator__max_features=sqrt, estimator__n_estimators=300, total=   2.5s
[CV] estimator__max_depth=3, estimator__max_features=sqrt, estimator__n_estimators=300 
[CV]  estimator__max_depth=3, estimator__max_features=sqrt, estimator__n_estimators=300, total=   2.5s
[CV] estimator__max_depth=3, estimator__max_features=sqrt, estimator__n_estimators=500 
[CV]  estimator__max_depth=3, estimator__max_features=sqrt, estimator__n_estimators=500, total=   4.1s
[CV] estimator__max_depth=3, estimator__max_features=sqrt, estimator__n_estimators=700 
[CV]  estimator__max_depth=3, estimator__max_features=sqrt, estimator__n_estimators=700, total=   5.4s
[CV] estimator__max_depth=3, estimator__max_features=sqrt, estimator__n_estimators=1000 
[CV]  estimator__max_depth=3, estimator__max_features=sqrt, estimator__n_estimators=1000, total=   7.8s
[CV] estimator__max_depth=3, estimator__max_features=log2, estimator__n_estimators=100 
[CV]  estimator__max_depth=3, estimator__max_features=log2, estimator__n_estimators=100, total=   0.6s
[CV] estimator__max_depth=3, estimator__max_features=log2, estimator__n_estimators=100 
[CV]  estimator__max_depth=3, estimator__max_features=log2, estimator__n_estimators=100, total=   0.6s
[CV] estimator__max_depth=3, estimator__max_features=log2, estimator__n_estimators=300 
[CV]  estimator__max_depth=3, estimator__max_features=log2, estimator__n_estimators=300, total=   1.1s
[CV] estimator__max_depth=3, estimator__max_features=log2, estimator__n_estimators=300 
[CV]  estimator__max_depth=3, estimator__max_features=log2, estimator__n_estimators=300, total=   1.0s
[CV] estimator__max_depth=3, estimator__max_features=log2, estimator__n_estimators=500 
[CV]  estimator__max_depth=3, estimator__max_features=log2, estimator__n_estimators=500, total=   1.4s
[CV] estimator__max_depth=3, estimator__max_features=log2, estimator__n_estimators=700 
[CV]  estimator__max_depth=3, estimator__max_features=log2, estimator__n_estimators=700, total=   1.8s
[CV] estimator__max_depth=3, estimator__max_features=log2, estimator__n_estimators=1000 
[CV]  estimator__max_depth=3, estimator__max_features=log2, estimator__n_estimators=1000, total=   2.3s
[CV] estimator__max_depth=5, estimator__max_features=0.1, estimator__n_estimators=100 
[CV]  estimator__max_depth=5, estimator__max_features=0.1, estimator__n_estimators=100, total=  36.9s
[CV] estimator__max_depth=5, estimator__max_features=0.1, estimator__n_estimators=300 
[CV]  estimator__max_depth=5, estimator__max_features=0.1, estimator__n_estimators=300, total= 1.9min
[CV] estimator__max_depth=5, estimator__max_features=0.1, estimator__n_estimators=500 
[CV]  estimator__max_depth=5, estimator__max_features=0.1, estimator__n_estimators=500, total= 3.0min
[CV] estimator__max_depth=5, estimator__max_features=0.1, estimator__n_estimators=1000 
[CV]  estimator__max_depth=5, estimator__max_features=0.1, estimator__n_estimators=1000, total= 6.2min
[CV] estimator__max_depth=5, estimator__max_features=0.5, estimator__n_estimators=700 
[CV]  estimator__max_depth=5, estimator__max_features=0.5, estimator__n_estimators=700, total=20.9min
[CV] estimator__max_depth=10, estimator__max_features=0.5, estimator__n_estimators=100 
[CV]  estimator__max_depth=10, estimator__max_features=0.5, estimator__n_estimators=100, total= 7.9min
[CV] estimator__max_depth=10, estimator__max_features=0.5, estimator__n_estimators=500 
[CV]  estimator__max_depth=10, estimator__max_features=0.5, estimator__n_estimators=500, total=36.3min
[CV] estimator__max_depth=3, estimator__max_features=0.1, estimator__n_estimators=500 
[CV]  estimator__max_depth=3, estimator__max_features=0.1, estimator__n_estimators=500, total= 1.6min
[CV] estimator__max_depth=3, estimator__max_features=0.5, estimator__n_estimators=300 
[CV]  estimator__max_depth=3, estimator__max_features=0.5, estimator__n_estimators=300, total= 4.8min
[CV] estimator__max_depth=3, estimator__max_features=sqrt, estimator__n_estimators=1000 
[CV]  estimator__max_depth=3, estimator__max_features=sqrt, estimator__n_estimators=1000, total=   7.5s
[CV] estimator__max_depth=3, estimator__max_features=log2, estimator__n_estimators=100 
[CV]  estimator__max_depth=3, estimator__max_features=log2, estimator__n_estimators=100, total=   0.6s
[CV] estimator__max_depth=3, estimator__max_features=log2, estimator__n_estimators=100 
[CV]  estimator__max_depth=3, estimator__max_features=log2, estimator__n_estimators=100, total=   0.8s
[CV] estimator__max_depth=3, estimator__max_features=log2, estimator__n_estimators=300 
[CV]  estimator__max_depth=3, estimator__max_features=log2, estimator__n_estimators=300, total=   1.1s
[CV] estimator__max_depth=3, estimator__max_features=log2, estimator__n_estimators=500 
[CV]  estimator__max_depth=3, estimator__max_features=log2, estimator__n_estimators=500, total=   1.4s
[CV] estimator__max_depth=3, estimator__max_features=log2, estimator__n_estimators=500 
[CV]  estimator__max_depth=3, estimator__max_features=log2, estimator__n_estimators=500, total=   1.4s
[CV] estimator__max_depth=3, estimator__max_features=log2, estimator__n_estimators=700 
[CV]  estimator__max_depth=3, estimator__max_features=log2, estimator__n_estimators=700, total=   1.7s
[CV] estimator__max_depth=3, estimator__max_features=log2, estimator__n_estimators=1000 
[CV]  estimator__max_depth=3, estimator__max_features=log2, estimator__n_estimators=1000, total=   2.4s
[CV] estimator__max_depth=5, estimator__max_features=0.1, estimator__n_estimators=100 
[CV]  estimator__max_depth=5, estimator__max_features=0.1, estimator__n_estimators=100, total=  36.8s
[CV] estimator__max_depth=5, estimator__max_features=0.1, estimator__n_estimators=300 
[CV]  estimator__max_depth=5, estimator__max_features=0.1, estimator__n_estimators=300, total= 1.8min
[CV] estimator__max_depth=5, estimator__max_features=0.1, estimator__n_estimators=500 
[CV]  estimator__max_depth=5, estimator__max_features=0.1, estimator__n_estimators=500, total= 3.2min
[CV] estimator__max_depth=5, estimator__max_features=0.1, estimator__n_estimators=1000 
[CV]  estimator__max_depth=5, estimator__max_features=0.1, estimator__n_estimators=1000, total= 6.1min
[CV] estimator__max_depth=5, estimator__max_features=0.5, estimator__n_estimators=700 
[CV]  estimator__max_depth=5, estimator__max_features=0.5, estimator__n_estimators=700, total=21.0min
[CV] estimator__max_depth=10, estimator__max_features=0.5, estimator__n_estimators=100 
[CV]  estimator__max_depth=10, estimator__max_features=0.5, estimator__n_estimators=100, total= 7.5min
[CV] estimator__max_depth=10, estimator__max_features=0.5, estimator__n_estimators=500 
[CV]  estimator__max_depth=10, estimator__max_features=0.5, estimator__n_estimators=500, total=38.2min
