
 

YPDHU
[['Y', 'P', 'D', 'H', 'U'], ['Y', 'P', 'D', 'N', 'A', 'C', 'L', '1', 'M']]
Round 1 of 10
Fitting 5 folds for each of 60 candidates, totalling 300 fits
[Parallel(n_jobs=-1)]: Using backend LokyBackend with 20 concurrent workers.
[CV] estimator__max_depth=3, estimator__max_features=0.1, estimator__n_estimators=700 
[CV]  estimator__max_depth=3, estimator__max_features=0.1, estimator__n_estimators=700, total= 2.8min
[CV] estimator__max_depth=3, estimator__max_features=0.5, estimator__n_estimators=700 
[CV]  estimator__max_depth=3, estimator__max_features=0.5, estimator__n_estimators=700, total=13.1min
[CV] estimator__max_depth=5, estimator__max_features=0.5, estimator__n_estimators=100 
[CV]  estimator__max_depth=5, estimator__max_features=0.5, estimator__n_estimators=100, total= 3.7min
[CV] estimator__max_depth=5, estimator__max_features=0.5, estimator__n_estimators=500 
[CV]  estimator__max_depth=5, estimator__max_features=0.5, estimator__n_estimators=500, total=18.4min
[CV] estimator__max_depth=10, estimator__max_features=0.1, estimator__n_estimators=700 
[CV]  estimator__max_depth=10, estimator__max_features=0.1, estimator__n_estimators=700, total=13.7min
[CV] estimator__max_depth=10, estimator__max_features=0.5, estimator__n_estimators=300 
[CV]  estimator__max_depth=10, estimator__max_features=0.5, estimator__n_estimators=300, total=26.2min
[CV] estimator__max_depth=10, estimator__max_features=sqrt, estimator__n_estimators=100 
[CV]  estimator__max_depth=10, estimator__max_features=sqrt, estimator__n_estimators=100, total=   4.6s
[CV] estimator__max_depth=10, estimator__max_features=sqrt, estimator__n_estimators=100 
[CV]  estimator__max_depth=10, estimator__max_features=sqrt, estimator__n_estimators=100, total=   4.6s
[CV] estimator__max_depth=10, estimator__max_features=sqrt, estimator__n_estimators=100 
[CV]  estimator__max_depth=10, estimator__max_features=sqrt, estimator__n_estimators=100, total=   4.7s
[CV] estimator__max_depth=10, estimator__max_features=sqrt, estimator__n_estimators=100 
[CV]  estimator__max_depth=10, estimator__max_features=sqrt, estimator__n_estimators=100, total=   4.5s
[CV] estimator__max_depth=10, estimator__max_features=sqrt, estimator__n_estimators=100 
[CV]  estimator__max_depth=10, estimator__max_features=sqrt, estimator__n_estimators=100, total=   4.5s
[CV] estimator__max_depth=10, estimator__max_features=sqrt, estimator__n_estimators=300 
[CV]  estimator__max_depth=10, estimator__max_features=sqrt, estimator__n_estimators=300, total=  12.4s
[CV] estimator__max_depth=10, estimator__max_features=sqrt, estimator__n_estimators=300 
[CV]  estimator__max_depth=10, estimator__max_features=sqrt, estimator__n_estimators=300, total=  12.9s
[CV] estimator__max_depth=10, estimator__max_features=sqrt, estimator__n_estimators=500 
[CV]  estimator__max_depth=10, estimator__max_features=sqrt, estimator__n_estimators=500, total=  20.4s
[CV] estimator__max_depth=10, estimator__max_features=sqrt, estimator__n_estimators=500 
[CV]  estimator__max_depth=10, estimator__max_features=sqrt, estimator__n_estimators=500, total=  20.5s
[CV] estimator__max_depth=10, estimator__max_features=sqrt, estimator__n_estimators=700 
[CV]  estimator__max_depth=10, estimator__max_features=sqrt, estimator__n_estimators=700, total=  29.3s
[CV] estimator__max_depth=10, estimator__max_features=sqrt, estimator__n_estimators=1000 
[CV]  estimator__max_depth=10, estimator__max_features=sqrt, estimator__n_estimators=1000, total=  41.9s
[CV] estimator__max_depth=10, estimator__max_features=log2, estimator__n_estimators=500 
[CV]  estimator__max_depth=10, estimator__max_features=log2, estimator__n_estimators=500, total=   3.1s
[CV] estimator__max_depth=10, estimator__max_features=log2, estimator__n_estimators=700 
[CV]  estimator__max_depth=10, estimator__max_features=log2, estimator__n_estimators=700, total=   4.1s
[CV] estimator__max_depth=10, estimator__max_features=log2, estimator__n_estimators=1000 
[CV]  estimator__max_depth=10, estimator__max_features=log2, estimator__n_estimators=1000, total=   5.4s
[CV] estimator__max_depth=3, estimator__max_features=0.1, estimator__n_estimators=300 
[CV]  estimator__max_depth=3, estimator__max_features=0.1, estimator__n_estimators=300, total= 1.2min
[CV] estimator__max_depth=3, estimator__max_features=0.5, estimator__n_estimators=100 
[CV]  estimator__max_depth=3, estimator__max_features=0.5, estimator__n_estimators=100, total= 1.9min
[CV] estimator__max_depth=3, estimator__max_features=0.5, estimator__n_estimators=700 
[CV]  estimator__max_depth=3, estimator__max_features=0.5, estimator__n_estimators=700, total=13.8min
[CV] estimator__max_depth=5, estimator__max_features=0.5, estimator__n_estimators=100 
[CV]  estimator__max_depth=5, estimator__max_features=0.5, estimator__n_estimators=100, total= 3.7min
[CV] estimator__max_depth=5, estimator__max_features=0.5, estimator__n_estimators=500 
[CV]  estimator__max_depth=5, estimator__max_features=0.5, estimator__n_estimators=500, total=17.8min
[CV] estimator__max_depth=10, estimator__max_features=0.1, estimator__n_estimators=700 
[CV]  estimator__max_depth=10, estimator__max_features=0.1, estimator__n_estimators=700, total=14.3min
[CV] estimator__max_depth=10, estimator__max_features=0.5, estimator__n_estimators=300 
[CV]  estimator__max_depth=10, estimator__max_features=0.5, estimator__n_estimators=300, total=26.8min
[CV] estimator__max_depth=10, estimator__max_features=sqrt, estimator__n_estimators=700 
[CV]  estimator__max_depth=10, estimator__max_features=sqrt, estimator__n_estimators=700, total=  27.9s
[CV] estimator__max_depth=10, estimator__max_features=sqrt, estimator__n_estimators=1000 
[CV]  estimator__max_depth=10, estimator__max_features=sqrt, estimator__n_estimators=1000, total=  40.1s
[CV] estimator__max_depth=10, estimator__max_features=log2, estimator__n_estimators=300 
[CV]  estimator__max_depth=10, estimator__max_features=log2, estimator__n_estimators=300, total=   2.0s
[CV] estimator__max_depth=10, estimator__max_features=log2, estimator__n_estimators=500 
[CV]  estimator__max_depth=10, estimator__max_features=log2, estimator__n_estimators=500, total=   3.0s
[CV] estimator__max_depth=10, estimator__max_features=log2, estimator__n_estimators=500 
[CV]  estimator__max_depth=10, estimator__max_features=log2, estimator__n_estimators=500, total=   3.0s
[CV] estimator__max_depth=10, estimator__max_features=log2, estimator__n_estimators=700 
[CV]  estimator__max_depth=10, estimator__max_features=log2, estimator__n_estimators=700, total=   4.1s
[CV] estimator__max_depth=10, estimator__max_features=log2, estimator__n_estimators=1000 
[CV]  estimator__max_depth=10, estimator__max_features=log2, estimator__n_estimators=1000, total=   5.5s
[CV] estimator__max_depth=3, estimator__max_features=0.1, estimator__n_estimators=300 
[CV]  estimator__max_depth=3, estimator__max_features=0.1, estimator__n_estimators=300, total= 1.2min
[CV] estimator__max_depth=3, estimator__max_features=0.5, estimator__n_estimators=100 
[CV]  estimator__max_depth=3, estimator__max_features=0.5, estimator__n_estimators=100, total= 1.9min
[CV] estimator__max_depth=3, estimator__max_features=0.5, estimator__n_estimators=700 
[CV]  estimator__max_depth=3, estimator__max_features=0.5, estimator__n_estimators=700, total=13.5min
[CV] estimator__max_depth=5, estimator__max_features=0.5, estimator__n_estimators=100 
[CV]  estimator__max_depth=5, estimator__max_features=0.5, estimator__n_estimators=100, total= 3.8min
[CV] estimator__max_depth=5, estimator__max_features=0.5, estimator__n_estimators=500 
[CV]  estimator__max_depth=5, estimator__max_features=0.5, estimator__n_estimators=500, total=18.5min
[CV] estimator__max_depth=10, estimator__max_features=0.1, estimator__n_estimators=700 
[CV]  estimator__max_depth=10, estimator__max_features=0.1, estimator__n_estimators=700, total=13.6min
[CV] estimator__max_depth=10, estimator__max_features=0.5, estimator__n_estimators=300 
[CV]  estimator__max_depth=10, estimator__max_features=0.5, estimator__n_estimators=300, total=27.2min
[CV] estimator__max_depth=10, estimator__max_features=sqrt, estimator__n_estimators=700 
[CV]  estimator__max_depth=10, estimator__max_features=sqrt, estimator__n_estimators=700, total=  28.7s
[CV] estimator__max_depth=10, estimator__max_features=sqrt, estimator__n_estimators=1000 
[CV]  estimator__max_depth=10, estimator__max_features=sqrt, estimator__n_estimators=1000, total=  40.0s
[CV] estimator__max_depth=10, estimator__max_features=log2, estimator__n_estimators=1000 
[CV]  estimator__max_depth=10, estimator__max_features=log2, estimator__n_estimators=1000, total=   5.5s
[CV] estimator__max_depth=3, estimator__max_features=0.1, estimator__n_estimators=500 
[CV]  estimator__max_depth=3, estimator__max_features=0.1, estimator__n_estimators=500, total= 1.9min
[CV] estimator__max_depth=3, estimator__max_features=0.5, estimator__n_estimators=300 
[CV]  estimator__max_depth=3, estimator__max_features=0.5, estimator__n_estimators=300, total= 5.7min
[CV] estimator__max_depth=3, estimator__max_features=sqrt, estimator__n_estimators=500 
[CV]  estimator__max_depth=3, estimator__max_features=sqrt, estimator__n_estimators=500, total=   5.3s
[CV] estimator__max_depth=3, estimator__max_features=sqrt, estimator__n_estimators=500 
[CV]  estimator__max_depth=3, estimator__max_features=sqrt, estimator__n_estimators=500, total=   5.2s
[CV] estimator__max_depth=3, estimator__max_features=sqrt, estimator__n_estimators=700 
[CV]  estimator__max_depth=3, estimator__max_features=sqrt, estimator__n_estimators=700, total=   9.3s
[CV] estimator__max_depth=3, estimator__max_features=sqrt, estimator__n_estimators=1000 
[CV]  estimator__max_depth=3, estimator__max_features=sqrt, estimator__n_estimators=1000, total=  10.1s
[CV] estimator__max_depth=3, estimator__max_features=log2, estimator__n_estimators=500 
[CV]  estimator__max_depth=3, estimator__max_features=log2, estimator__n_estimators=500, total=   2.0s
[CV] estimator__max_depth=3, estimator__max_features=log2, estimator__n_estimators=700 
[CV]  estimator__max_depth=3, estimator__max_features=log2, estimator__n_estimators=700, total=   2.5s
[CV] estimator__max_depth=3, estimator__max_features=log2, estimator__n_estimators=1000 
[CV]  estimator__max_depth=3, estimator__max_features=log2, estimator__n_estimators=1000, total=   3.3s
[CV] estimator__max_depth=5, estimator__max_features=0.1, estimator__n_estimators=100 
[CV]  estimator__max_depth=5, estimator__max_features=0.1, estimator__n_estimators=100, total=  47.2s
[CV] estimator__max_depth=5, estimator__max_features=0.1, estimator__n_estimators=300 
[CV]  estimator__max_depth=5, estimator__max_features=0.1, estimator__n_estimators=300, total= 2.4min
[CV] estimator__max_depth=5, estimator__max_features=0.1, estimator__n_estimators=700 
[CV]  estimator__max_depth=5, estimator__max_features=0.1, estimator__n_estimators=700, total= 5.5min
[CV] estimator__max_depth=5, estimator__max_features=0.5, estimator__n_estimators=300 
[CV]  estimator__max_depth=5, estimator__max_features=0.5, estimator__n_estimators=300, total=11.0min
[CV] estimator__max_depth=5, estimator__max_features=sqrt, estimator__n_estimators=100 
[CV]  estimator__max_depth=5, estimator__max_features=sqrt, estimator__n_estimators=100, total=   2.3s
[CV] estimator__max_depth=5, estimator__max_features=sqrt, estimator__n_estimators=100 
[CV]  estimator__max_depth=5, estimator__max_features=sqrt, estimator__n_estimators=100, total=   2.3s
[CV] estimator__max_depth=5, estimator__max_features=sqrt, estimator__n_estimators=100 
[CV]  estimator__max_depth=5, estimator__max_features=sqrt, estimator__n_estimators=100, total=   2.3s
[CV] estimator__max_depth=5, estimator__max_features=sqrt, estimator__n_estimators=100 
[CV]  estimator__max_depth=5, estimator__max_features=sqrt, estimator__n_estimators=100, total=   2.3s
[CV] estimator__max_depth=5, estimator__max_features=sqrt, estimator__n_estimators=100 
[CV]  estimator__max_depth=5, estimator__max_features=sqrt, estimator__n_estimators=100, total=   2.3s
[CV] estimator__max_depth=5, estimator__max_features=sqrt, estimator__n_estimators=300 
[CV]  estimator__max_depth=5, estimator__max_features=sqrt, estimator__n_estimators=300, total=   5.8s
[CV] estimator__max_depth=5, estimator__max_features=sqrt, estimator__n_estimators=300 
[CV]  estimator__max_depth=5, estimator__max_features=sqrt, estimator__n_estimators=300, total=   5.6s
[CV] estimator__max_depth=5, estimator__max_features=sqrt, estimator__n_estimators=300 
[CV]  estimator__max_depth=5, estimator__max_features=sqrt, estimator__n_estimators=300, total=   5.6s
[CV] estimator__max_depth=5, estimator__max_features=sqrt, estimator__n_estimators=300 
[CV]  estimator__max_depth=5, estimator__max_features=sqrt, estimator__n_estimators=300, total=   5.5s
[CV] estimator__max_depth=5, estimator__max_features=sqrt, estimator__n_estimators=500 
[CV]  estimator__max_depth=5, estimator__max_features=sqrt, estimator__n_estimators=500, total=   9.5s
[CV] estimator__max_depth=5, estimator__max_features=sqrt, estimator__n_estimators=500 
[CV]  estimator__max_depth=5, estimator__max_features=sqrt, estimator__n_estimators=500, total=   9.4s
[CV] estimator__max_depth=5, estimator__max_features=sqrt, estimator__n_estimators=700 
[CV]  estimator__max_depth=5, estimator__max_features=sqrt, estimator__n_estimators=700, total=  11.6s
[CV] estimator__max_depth=5, estimator__max_features=sqrt, estimator__n_estimators=700 
[CV]  estimator__max_depth=5, estimator__max_features=sqrt, estimator__n_estimators=700, total=  11.6s
[CV] estimator__max_depth=5, estimator__max_features=sqrt, estimator__n_estimators=1000 
[CV]  estimator__max_depth=5, estimator__max_features=sqrt, estimator__n_estimators=1000, total=  16.9s
[CV] estimator__max_depth=5, estimator__max_features=log2, estimator__n_estimators=300 
[CV]  estimator__max_depth=5, estimator__max_features=log2, estimator__n_estimators=300, total=   1.5s
[CV] estimator__max_depth=5, estimator__max_features=log2, estimator__n_estimators=500 
[CV]  estimator__max_depth=5, estimator__max_features=log2, estimator__n_estimators=500, total=   2.1s
[CV] estimator__max_depth=5, estimator__max_features=log2, estimator__n_estimators=700 
[CV]  estimator__max_depth=5, estimator__max_features=log2, estimator__n_estimators=700, total=   2.7s
[CV] estimator__max_depth=5, estimator__max_features=log2, estimator__n_estimators=1000 
[CV]  estimator__max_depth=5, estimator__max_features=log2, estimator__n_estimators=1000, total=   3.6s
[CV] estimator__max_depth=10, estimator__max_features=0.1, estimator__n_estimators=100 
[CV]  estimator__max_depth=10, estimator__max_features=0.1, estimator__n_estimators=100, total= 2.0min
[CV] estimator__max_depth=10, estimator__max_features=0.1, estimator__n_estimators=300 
[CV]  estimator__max_depth=10, estimator__max_features=0.1, estimator__n_estimators=300, total= 6.2min
[CV] estimator__max_depth=10, estimator__max_features=0.1, estimator__n_estimators=700 
[CV]  estimator__max_depth=10, estimator__max_features=0.1, estimator__n_estimators=700, total=14.1min
[CV] estimator__max_depth=10, estimator__max_features=0.5, estimator__n_estimators=300 
[CV]  estimator__max_depth=10, estimator__max_features=0.5, estimator__n_estimators=300, total=26.5min
[CV] estimator__max_depth=10, estimator__max_features=sqrt, estimator__n_estimators=300 
[CV]  estimator__max_depth=10, estimator__max_features=sqrt, estimator__n_estimators=300, total=  12.3s
[CV] estimator__max_depth=10, estimator__max_features=sqrt, estimator__n_estimators=300 
[CV]  estimator__max_depth=10, estimator__max_features=sqrt, estimator__n_estimators=300, total=  12.2s
[CV] estimator__max_depth=10, estimator__max_features=sqrt, estimator__n_estimators=500 
[CV]  estimator__max_depth=10, estimator__max_features=sqrt, estimator__n_estimators=500, total=  20.9s
[CV] estimator__max_depth=10, estimator__max_features=sqrt, estimator__n_estimators=700 
[CV]  estimator__max_depth=10, estimator__max_features=sqrt, estimator__n_estimators=700, total=  27.9s
[CV] estimator__max_depth=10, estimator__max_features=sqrt, estimator__n_estimators=1000 
[CV]  estimator__max_depth=10, estimator__max_features=sqrt, estimator__n_estimators=1000, total=  39.4s
[CV] estimator__max_depth=10, estimator__max_features=log2, estimator__n_estimators=100 
[CV]  estimator__max_depth=10, estimator__max_features=log2, estimator__n_estimators=100, total=   1.1s
[CV] estimator__max_depth=10, estimator__max_features=log2, estimator__n_estimators=100 
[CV]  estimator__max_depth=10, estimator__max_features=log2, estimator__n_estimators=100, total=   1.1s
[CV] estimator__max_depth=10, estimator__max_features=log2, estimator__n_estimators=100 
[CV]  estimator__max_depth=10, estimator__max_features=log2, estimator__n_estimators=100, total=   1.1s
[CV] estimator__max_depth=10, estimator__max_features=log2, estimator__n_estimators=100 
[CV]  estimator__max_depth=10, estimator__max_features=log2, estimator__n_estimators=100, total=   1.1s
[CV] estimator__max_depth=10, estimator__max_features=log2, estimator__n_estimators=100 
[CV]  estimator__max_depth=10, estimator__max_features=log2, estimator__n_estimators=100, total=   1.1s
[CV] estimator__max_depth=10, estimator__max_features=log2, estimator__n_estimators=300 
[CV]  estimator__max_depth=10, estimator__max_features=log2, estimator__n_estimators=300, total=   2.0s
[CV] estimator__max_depth=10, estimator__max_features=log2, estimator__n_estimators=300 
[CV]  estimator__max_depth=10, estimator__max_features=log2, estimator__n_estimators=300, total=   2.0s
[CV] estimator__max_depth=10, estimator__max_features=log2, estimator__n_estimators=300 
[CV]  estimator__max_depth=10, estimator__max_features=log2, estimator__n_estimators=300, total=   2.1s
[CV] estimator__max_depth=10, estimator__max_features=log2, estimator__n_estimators=300 
[CV]  estimator__max_depth=10, estimator__max_features=log2, estimator__n_estimators=300, total=   2.0s
[CV] estimator__max_depth=10, estimator__max_features=log2, estimator__n_estimators=500 
[CV]  estimator__max_depth=10, estimator__max_features=log2, estimator__n_estimators=500, total=   3.0s
[CV] estimator__max_depth=10, estimator__max_features=log2, estimator__n_estimators=500 
[CV]  estimator__max_depth=10, estimator__max_features=log2, estimator__n_estimators=500, total=   3.1s
[CV] estimator__max_depth=10, estimator__max_features=log2, estimator__n_estimators=700 
[CV]  estimator__max_depth=10, estimator__max_features=log2, estimator__n_estimators=700, total=   3.9s
[CV] estimator__max_depth=10, estimator__max_features=log2, estimator__n_estimators=1000 
[CV]  estimator__max_depth=10, estimator__max_features=log2, estimator__n_estimators=1000, total=   5.2s
[CV] estimator__max_depth=3, estimator__max_features=0.1, estimator__n_estimators=300 
[CV]  estimator__max_depth=3, estimator__max_features=0.1, estimator__n_estimators=300, total= 1.2min
[CV] estimator__max_depth=3, estimator__max_features=0.5, estimator__n_estimators=100 
[CV]  estimator__max_depth=3, estimator__max_features=0.5, estimator__n_estimators=100, total= 2.0min
[CV] estimator__max_depth=3, estimator__max_features=0.5, estimator__n_estimators=700 
[CV]  estimator__max_depth=3, estimator__max_features=0.5, estimator__n_estimators=700, total=13.1min
[CV] estimator__max_depth=5, estimator__max_features=0.5, estimator__n_estimators=100 
[CV]  estimator__max_depth=5, estimator__max_features=0.5, estimator__n_estimators=100, total= 3.8min
[CV] estimator__max_depth=5, estimator__max_features=0.5, estimator__n_estimators=500 
[CV]  estimator__max_depth=5, estimator__max_features=0.5, estimator__n_estimators=500, total=18.7min
[CV] estimator__max_depth=10, estimator__max_features=0.1, estimator__n_estimators=700 
[CV]  estimator__max_depth=10, estimator__max_features=0.1, estimator__n_estimators=700, total=14.0min
[CV] estimator__max_depth=10, estimator__max_features=0.5, estimator__n_estimators=300 
[CV]  estimator__max_depth=10, estimator__max_features=0.5, estimator__n_estimators=300, total=25.9min
[CV] estimator__max_depth=10, estimator__max_features=sqrt, estimator__n_estimators=300 
[CV]  estimator__max_depth=10, estimator__max_features=sqrt, estimator__n_estimators=300, total=  12.3s
[CV] estimator__max_depth=10, estimator__max_features=sqrt, estimator__n_estimators=500 
[CV]  estimator__max_depth=10, estimator__max_features=sqrt, estimator__n_estimators=500, total=  20.2s
[CV] estimator__max_depth=10, estimator__max_features=sqrt, estimator__n_estimators=500 
[CV]  estimator__max_depth=10, estimator__max_features=sqrt, estimator__n_estimators=500, total=  20.0s
[CV] estimator__max_depth=10, estimator__max_features=sqrt, estimator__n_estimators=700 
[CV]  estimator__max_depth=10, estimator__max_features=sqrt, estimator__n_estimators=700, total=  28.1s
[CV] estimator__max_depth=10, estimator__max_features=sqrt, estimator__n_estimators=1000 
[CV]  estimator__max_depth=10, estimator__max_features=sqrt, estimator__n_estimators=1000, total=  40.3s
[CV] estimator__max_depth=10, estimator__max_features=log2, estimator__n_estimators=700 
[CV]  estimator__max_depth=10, estimator__max_features=log2, estimator__n_estimators=700, total=   4.0s
[CV] estimator__max_depth=10, estimator__max_features=log2, estimator__n_estimators=700 
[CV]  estimator__max_depth=10, estimator__max_features=log2, estimator__n_estimators=700, total=   4.2s
[CV] estimator__max_depth=10, estimator__max_features=log2, estimator__n_estimators=1000 
[CV]  estimator__max_depth=10, estimator__max_features=log2, estimator__n_estimators=1000, total=   5.3s
[CV] estimator__max_depth=3, estimator__max_features=0.1, estimator__n_estimators=700 
[CV]  estimator__max_depth=3, estimator__max_features=0.1, estimator__n_estimators=700, total= 2.7min
[CV] estimator__max_depth=3, estimator__max_features=0.5, estimator__n_estimators=500 
[CV]  estimator__max_depth=3, estimator__max_features=0.5, estimator__n_estimators=500, total= 9.7min
[CV] estimator__max_depth=5, estimator__max_features=0.1, estimator__n_estimators=700 
[CV]  estimator__max_depth=5, estimator__max_features=0.1, estimator__n_estimators=700, total= 5.5min
[CV] estimator__max_depth=5, estimator__max_features=0.5, estimator__n_estimators=300 
[CV]  estimator__max_depth=5, estimator__max_features=0.5, estimator__n_estimators=300, total=11.3min
[CV] estimator__max_depth=5, estimator__max_features=sqrt, estimator__n_estimators=1000 
[CV]  estimator__max_depth=5, estimator__max_features=sqrt, estimator__n_estimators=1000, total=  16.4s
[CV] estimator__max_depth=5, estimator__max_features=log2, estimator__n_estimators=300 
[CV]  estimator__max_depth=5, estimator__max_features=log2, estimator__n_estimators=300, total=   1.5s
[CV] estimator__max_depth=5, estimator__max_features=log2, estimator__n_estimators=300 
[CV]  estimator__max_depth=5, estimator__max_features=log2, estimator__n_estimators=300, total=   1.5s
[CV] estimator__max_depth=5, estimator__max_features=log2, estimator__n_estimators=500 
[CV]  estimator__max_depth=5, estimator__max_features=log2, estimator__n_estimators=500, total=   2.1s
[CV] estimator__max_depth=5, estimator__max_features=log2, estimator__n_estimators=700 
[CV]  estimator__max_depth=5, estimator__max_features=log2, estimator__n_estimators=700, total=   2.7s
[CV] estimator__max_depth=5, estimator__max_features=log2, estimator__n_estimators=1000 
[CV]  estimator__max_depth=5, estimator__max_features=log2, estimator__n_estimators=1000, total=   3.6s
[CV] estimator__max_depth=10, estimator__max_features=0.1, estimator__n_estimators=100 
[CV]  estimator__max_depth=10, estimator__max_features=0.1, estimator__n_estimators=100, total= 2.0min
[CV] estimator__max_depth=10, estimator__max_features=0.1, estimator__n_estimators=300 
[CV]  estimator__max_depth=10, estimator__max_features=0.1, estimator__n_estimators=300, total= 6.0min
[CV] estimator__max_depth=10, estimator__max_features=0.1, estimator__n_estimators=500 
[CV]  estimator__max_depth=10, estimator__max_features=0.1, estimator__n_estimators=500, total= 9.9min
[CV] estimator__max_depth=10, estimator__max_features=0.5, estimator__n_estimators=100 
[CV]  estimator__max_depth=10, estimator__max_features=0.5, estimator__n_estimators=100, total= 8.8min
[CV] estimator__max_depth=10, estimator__max_features=0.5, estimator__n_estimators=500 
[CV]  estimator__max_depth=10, estimator__max_features=0.5, estimator__n_estimators=500, total=42.7min
[CV] estimator__max_depth=3, estimator__max_features=0.1, estimator__n_estimators=500 
[CV]  estimator__max_depth=3, estimator__max_features=0.1, estimator__n_estimators=500, total= 2.0min
[CV] estimator__max_depth=3, estimator__max_features=0.5, estimator__n_estimators=300 
[CV]  estimator__max_depth=3, estimator__max_features=0.5, estimator__n_estimators=300, total= 5.8min
[CV] estimator__max_depth=3, estimator__max_features=sqrt, estimator__n_estimators=700 
[CV]  estimator__max_depth=3, estimator__max_features=sqrt, estimator__n_estimators=700, total=   7.0s
[CV] estimator__max_depth=3, estimator__max_features=sqrt, estimator__n_estimators=700 
[CV]  estimator__max_depth=3, estimator__max_features=sqrt, estimator__n_estimators=700, total=   7.0s
[CV] estimator__max_depth=3, estimator__max_features=sqrt, estimator__n_estimators=1000 
[CV]  estimator__max_depth=3, estimator__max_features=sqrt, estimator__n_estimators=1000, total=   9.9s
[CV] estimator__max_depth=3, estimator__max_features=log2, estimator__n_estimators=500 
[CV]  estimator__max_depth=3, estimator__max_features=log2, estimator__n_estimators=500, total=   2.0s
[CV] estimator__max_depth=3, estimator__max_features=log2, estimator__n_estimators=700 
[CV]  estimator__max_depth=3, estimator__max_features=log2, estimator__n_estimators=700, total=   2.5s
[CV] estimator__max_depth=3, estimator__max_features=log2, estimator__n_estimators=1000 
[CV]  estimator__max_depth=3, estimator__max_features=log2, estimator__n_estimators=1000, total=   3.3s
[CV] estimator__max_depth=5, estimator__max_features=0.1, estimator__n_estimators=100 
[CV]  estimator__max_depth=5, estimator__max_features=0.1, estimator__n_estimators=100, total=  47.6s
[CV] estimator__max_depth=5, estimator__max_features=0.1, estimator__n_estimators=300 
[CV]  estimator__max_depth=5, estimator__max_features=0.1, estimator__n_estimators=300, total= 2.4min
[CV] estimator__max_depth=5, estimator__max_features=0.1, estimator__n_estimators=500 
[CV]  estimator__max_depth=5, estimator__max_features=0.1, estimator__n_estimators=500, total= 3.9min
[CV] estimator__max_depth=5, estimator__max_features=0.1, estimator__n_estimators=1000 
[CV]  estimator__max_depth=5, estimator__max_features=0.1, estimator__n_estimators=1000, total= 7.7min
[CV] estimator__max_depth=5, estimator__max_features=0.5, estimator__n_estimators=700 
[CV]  estimator__max_depth=5, estimator__max_features=0.5, estimator__n_estimators=700, total=25.6min
[CV] estimator__max_depth=10, estimator__max_features=0.5, estimator__n_estimators=100 
[CV]  estimator__max_depth=10, estimator__max_features=0.5, estimator__n_estimators=100, total= 8.9min
[CV] estimator__max_depth=10, estimator__max_features=0.5, estimator__n_estimators=500 
[CV]  estimator__max_depth=10, estimator__max_features=0.5, estimator__n_estimators=500, total=41.8min
[CV] estimator__max_depth=3, estimator__max_features=0.1, estimator__n_estimators=700 
[CV]  estimator__max_depth=3, estimator__max_features=0.1, estimator__n_estimators=700, total= 2.7min
[CV] estimator__max_depth=3, estimator__max_features=0.5, estimator__n_estimators=500 
[CV]  estimator__max_depth=3, estimator__max_features=0.5, estimator__n_estimators=500, total= 9.9min
[CV] estimator__max_depth=5, estimator__max_features=0.1, estimator__n_estimators=700 
[CV]  estimator__max_depth=5, estimator__max_features=0.1, estimator__n_estimators=700, total= 5.4min
[CV] estimator__max_depth=5, estimator__max_features=0.5, estimator__n_estimators=300 
[CV]  estimator__max_depth=5, estimator__max_features=0.5, estimator__n_estimators=300, total=11.4min
[CV] estimator__max_depth=5, estimator__max_features=sqrt, estimator__n_estimators=1000 
[CV]  estimator__max_depth=5, estimator__max_features=sqrt, estimator__n_estimators=1000, total=  16.3s
[CV] estimator__max_depth=5, estimator__max_features=log2, estimator__n_estimators=500 
[CV]  estimator__max_depth=5, estimator__max_features=log2, estimator__n_estimators=500, total=   2.2s
[CV] estimator__max_depth=5, estimator__max_features=log2, estimator__n_estimators=700 
[CV]  estimator__max_depth=5, estimator__max_features=log2, estimator__n_estimators=700, total=   2.7s
[CV] estimator__max_depth=5, estimator__max_features=log2, estimator__n_estimators=1000 
[CV]  estimator__max_depth=5, estimator__max_features=log2, estimator__n_estimators=1000, total=   3.6s
[CV] estimator__max_depth=10, estimator__max_features=0.1, estimator__n_estimators=100 
[CV]  estimator__max_depth=10, estimator__max_features=0.1, estimator__n_estimators=100, total= 2.0min
[CV] estimator__max_depth=10, estimator__max_features=0.1, estimator__n_estimators=300 
[CV]  estimator__max_depth=10, estimator__max_features=0.1, estimator__n_estimators=300, total= 6.0min
[CV] estimator__max_depth=10, estimator__max_features=0.1, estimator__n_estimators=500 
[CV]  estimator__max_depth=10, estimator__max_features=0.1, estimator__n_estimators=500, total=10.2min
[CV] estimator__max_depth=10, estimator__max_features=0.5, estimator__n_estimators=100 
[CV]  estimator__max_depth=10, estimator__max_features=0.5, estimator__n_estimators=100, total= 8.7min
[CV] estimator__max_depth=10, estimator__max_features=0.5, estimator__n_estimators=500 
[CV]  estimator__max_depth=10, estimator__max_features=0.5, estimator__n_estimators=500, total=42.9min
[CV] estimator__max_depth=3, estimator__max_features=0.1, estimator__n_estimators=100 
[CV]  estimator__max_depth=3, estimator__max_features=0.1, estimator__n_estimators=100, total=  23.6s
[CV] estimator__max_depth=3, estimator__max_features=0.1, estimator__n_estimators=1000 
[CV]  estimator__max_depth=3, estimator__max_features=0.1, estimator__n_estimators=1000, total= 3.9min
[CV] estimator__max_depth=3, estimator__max_features=0.5, estimator__n_estimators=1000 
[CV]  estimator__max_depth=3, estimator__max_features=0.5, estimator__n_estimators=1000, total=18.7min
[CV] estimator__max_depth=5, estimator__max_features=0.5, estimator__n_estimators=700 
[CV]  estimator__max_depth=5, estimator__max_features=0.5, estimator__n_estimators=700, total=25.8min
[CV] estimator__max_depth=10, estimator__max_features=0.5, estimator__n_estimators=100 
[CV]  estimator__max_depth=10, estimator__max_features=0.5, estimator__n_estimators=100, total= 8.6min
[CV] estimator__max_depth=10, estimator__max_features=0.5, estimator__n_estimators=500 
[CV]  estimator__max_depth=10, estimator__max_features=0.5, estimator__n_estimators=500, total=43.0min
[CV] estimator__max_depth=3, estimator__max_features=0.1, estimator__n_estimators=500 
[CV]  estimator__max_depth=3, estimator__max_features=0.1, estimator__n_estimators=500, total= 2.0min
[CV] estimator__max_depth=3, estimator__max_features=0.5, estimator__n_estimators=300 
[CV]  estimator__max_depth=3, estimator__max_features=0.5, estimator__n_estimators=300, total= 5.7min
[CV] estimator__max_depth=3, estimator__max_features=sqrt, estimator__n_estimators=300 
[CV]  estimator__max_depth=3, estimator__max_features=sqrt, estimator__n_estimators=300, total=   3.5s
[CV] estimator__max_depth=3, estimator__max_features=sqrt, estimator__n_estimators=500 
[CV]  estimator__max_depth=3, estimator__max_features=sqrt, estimator__n_estimators=500, total=   5.5s
[CV] estimator__max_depth=3, estimator__max_features=sqrt, estimator__n_estimators=700 
[CV]  estimator__max_depth=3, estimator__max_features=sqrt, estimator__n_estimators=700, total=   7.4s
[CV] estimator__max_depth=3, estimator__max_features=sqrt, estimator__n_estimators=1000 
[CV]  estimator__max_depth=3, estimator__max_features=sqrt, estimator__n_estimators=1000, total=  10.1s
[CV] estimator__max_depth=3, estimator__max_features=log2, estimator__n_estimators=100 
[CV]  estimator__max_depth=3, estimator__max_features=log2, estimator__n_estimators=100, total=   0.9s
[CV] estimator__max_depth=3, estimator__max_features=log2, estimator__n_estimators=100 
[CV]  estimator__max_depth=3, estimator__max_features=log2, estimator__n_estimators=100, total=   0.9s
[CV] estimator__max_depth=3, estimator__max_features=log2, estimator__n_estimators=300 
[CV]  estimator__max_depth=3, estimator__max_features=log2, estimator__n_estimators=300, total=   1.5s
[CV] estimator__max_depth=3, estimator__max_features=log2, estimator__n_estimators=300 
[CV]  estimator__max_depth=3, estimator__max_features=log2, estimator__n_estimators=300, total=   1.5s
[CV] estimator__max_depth=3, estimator__max_features=log2, estimator__n_estimators=500 
[CV]  estimator__max_depth=3, estimator__max_features=log2, estimator__n_estimators=500, total=   2.1s
[CV] estimator__max_depth=3, estimator__max_features=log2, estimator__n_estimators=700 
[CV]  estimator__max_depth=3, estimator__max_features=log2, estimator__n_estimators=700, total=   3.1s
[CV] estimator__max_depth=3, estimator__max_features=log2, estimator__n_estimators=1000 
[CV]  estimator__max_depth=3, estimator__max_features=log2, estimator__n_estimators=1000, total=   3.5s
[CV] estimator__max_depth=5, estimator__max_features=0.1, estimator__n_estimators=100 
[CV]  estimator__max_depth=5, estimator__max_features=0.1, estimator__n_estimators=100, total=  46.6s
[CV] estimator__max_depth=5, estimator__max_features=0.1, estimator__n_estimators=300 
[CV]  estimator__max_depth=5, estimator__max_features=0.1, estimator__n_estimators=300, total= 2.4min
[CV] estimator__max_depth=5, estimator__max_features=0.1, estimator__n_estimators=500 
[CV]  estimator__max_depth=5, estimator__max_features=0.1, estimator__n_estimators=500, total= 3.8min
[CV] estimator__max_depth=5, estimator__max_features=0.1, estimator__n_estimators=1000 
[CV]  estimator__max_depth=5, estimator__max_features=0.1, estimator__n_estimators=1000, total= 7.9min
[CV] estimator__max_depth=5, estimator__max_features=0.5, estimator__n_estimators=700 
[CV]  estimator__max_depth=5, estimator__max_features=0.5, estimator__n_estimators=700, total=24.8min
[CV] estimator__max_depth=10, estimator__max_features=0.5, estimator__n_estimators=100 
[CV]  estimator__max_depth=10, estimator__max_features=0.5, estimator__n_estimators=100, total= 9.1min
[CV] estimator__max_depth=10, estimator__max_features=0.5, estimator__n_estimators=500 
[CV]  estimator__max_depth=10, estimator__max_features=0.5, estimator__n_estimators=500, total=44.0min
[CV] estimator__max_depth=3, estimator__max_features=0.1, estimator__n_estimators=100 
[CV]  estimator__max_depth=3, estimator__max_features=0.1, estimator__n_estimators=100, total=  23.8s
[CV] estimator__max_depth=3, estimator__max_features=0.1, estimator__n_estimators=1000 
[CV]  estimator__max_depth=3, estimator__max_features=0.1, estimator__n_estimators=1000, total= 4.1min
[CV] estimator__max_depth=3, estimator__max_features=0.5, estimator__n_estimators=1000 
[CV]  estimator__max_depth=3, estimator__max_features=0.5, estimator__n_estimators=1000, total=18.8min
[CV] estimator__max_depth=5, estimator__max_features=0.5, estimator__n_estimators=1000 
[CV]  estimator__max_depth=5, estimator__max_features=0.5, estimator__n_estimators=1000, total=35.3min
[CV] estimator__max_depth=10, estimator__max_features=0.5, estimator__n_estimators=700 
[CV]  estimator__max_depth=10, estimator__max_features=0.5, estimator__n_estimators=700, total=58.3min
[CV] estimator__max_depth=3, estimator__max_features=0.1, estimator__n_estimators=100 
[CV]  estimator__max_depth=3, estimator__max_features=0.1, estimator__n_estimators=100, total=  24.7s
[CV] estimator__max_depth=3, estimator__max_features=0.1, estimator__n_estimators=1000 
[CV]  estimator__max_depth=3, estimator__max_features=0.1, estimator__n_estimators=1000, total= 3.9min
[CV] estimator__max_depth=3, estimator__max_features=0.5, estimator__n_estimators=1000 
[CV]  estimator__max_depth=3, estimator__max_features=0.5, estimator__n_estimators=1000, total=19.3min
[CV] estimator__max_depth=5, estimator__max_features=0.5, estimator__n_estimators=1000 
[CV]  estimator__max_depth=5, estimator__max_features=0.5, estimator__n_estimators=1000, total=36.8min
[CV] estimator__max_depth=10, estimator__max_features=0.5, estimator__n_estimators=700 
[CV]  estimator__max_depth=10, estimator__max_features=0.5, estimator__n_estimators=700, total=56.7min
[CV] estimator__max_depth=3, estimator__max_features=0.1, estimator__n_estimators=100 
[CV]  estimator__max_depth=3, estimator__max_features=0.1, estimator__n_estimators=100, total=  24.0s
[CV] estimator__max_depth=3, estimator__max_features=0.1, estimator__n_estimators=1000 
[CV]  estimator__max_depth=3, estimator__max_features=0.1, estimator__n_estimators=1000, total= 3.9min
[CV] estimator__max_depth=3, estimator__max_features=0.5, estimator__n_estimators=1000 
[CV]  estimator__max_depth=3, estimator__max_features=0.5, estimator__n_estimators=1000, total=19.8min
[CV] estimator__max_depth=5, estimator__max_features=0.5, estimator__n_estimators=1000 
[CV]  estimator__max_depth=5, estimator__max_features=0.5, estimator__n_estimators=1000, total=35.1min
[CV] estimator__max_depth=10, estimator__max_features=0.5, estimator__n_estimators=700 
[CV]  estimator__max_depth=10, estimator__max_features=0.5, estimator__n_estimators=700, total=58.2min
[CV] estimator__max_depth=3, estimator__max_features=0.1, estimator__n_estimators=100 
[CV]  estimator__max_depth=3, estimator__max_features=0.1, estimator__n_estimators=100, total=  24.2s
[CV] estimator__max_depth=3, estimator__max_features=0.1, estimator__n_estimators=1000 
[CV]  estimator__max_depth=3, estimator__max_features=0.1, estimator__n_estimators=1000, total= 4.0min
[CV] estimator__max_depth=3, estimator__max_features=0.5, estimator__n_estimators=1000 
[CV]  estimator__max_depth=3, estimator__max_features=0.5, estimator__n_estimators=1000, total=19.3min
[CV] estimator__max_depth=5, estimator__max_features=0.5, estimator__n_estimators=1000 
[CV]  estimator__max_depth=5, estimator__max_features=0.5, estimator__n_estimators=1000, total=36.2min
[CV] estimator__max_depth=10, estimator__max_features=0.5, estimator__n_estimators=700 
[CV]  estimator__max_depth=10, estimator__max_features=0.5, estimator__n_estimators=700, total=58.9min
[CV] estimator__max_depth=3, estimator__max_features=0.1, estimator__n_estimators=500 
[CV]  estimator__max_depth=3, estimator__max_features=0.1, estimator__n_estimators=500, total= 2.0min
[CV] estimator__max_depth=3, estimator__max_features=0.5, estimator__n_estimators=300 
[CV]  estimator__max_depth=3, estimator__max_features=0.5, estimator__n_estimators=300, total= 5.9min
[CV] estimator__max_depth=3, estimator__max_features=sqrt, estimator__n_estimators=1000 
[CV]  estimator__max_depth=3, estimator__max_features=sqrt, estimator__n_estimators=1000, total=   9.8s
[CV] estimator__max_depth=3, estimator__max_features=log2, estimator__n_estimators=100 
[CV]  estimator__max_depth=3, estimator__max_features=log2, estimator__n_estimators=100, total=   0.9s
[CV] estimator__max_depth=3, estimator__max_features=log2, estimator__n_estimators=100 
[CV]  estimator__max_depth=3, estimator__max_features=log2, estimator__n_estimators=100, total=   0.9s
[CV] estimator__max_depth=3, estimator__max_features=log2, estimator__n_estimators=100 
[CV]  estimator__max_depth=3, estimator__max_features=log2, estimator__n_estimators=100, total=   0.9s
[CV] estimator__max_depth=3, estimator__max_features=log2, estimator__n_estimators=300 
[CV]  estimator__max_depth=3, estimator__max_features=log2, estimator__n_estimators=300, total=   1.5s
[CV] estimator__max_depth=3, estimator__max_features=log2, estimator__n_estimators=300 
[CV]  estimator__max_depth=3, estimator__max_features=log2, estimator__n_estimators=300, total=   1.5s
[CV] estimator__max_depth=3, estimator__max_features=log2, estimator__n_estimators=500 
[CV]  estimator__max_depth=3, estimator__max_features=log2, estimator__n_estimators=500, total=   2.3s
[CV] estimator__max_depth=3, estimator__max_features=log2, estimator__n_estimators=700 
[CV]  estimator__max_depth=3, estimator__max_features=log2, estimator__n_estimators=700, total=   2.5s
[CV] estimator__max_depth=3, estimator__max_features=log2, estimator__n_estimators=1000 
[CV]  estimator__max_depth=3, estimator__max_features=log2, estimator__n_estimators=1000, total=   3.3s
[CV] estimator__max_depth=5, estimator__max_features=0.1, estimator__n_estimators=100 
[CV]  estimator__max_depth=5, estimator__max_features=0.1, estimator__n_estimators=100, total=  48.2s
[CV] estimator__max_depth=5, estimator__max_features=0.1, estimator__n_estimators=300 
[CV]  estimator__max_depth=5, estimator__max_features=0.1, estimator__n_estimators=300, total= 2.3min
[CV] estimator__max_depth=5, estimator__max_features=0.1, estimator__n_estimators=500 
[CV]  estimator__max_depth=5, estimator__max_features=0.1, estimator__n_estimators=500, total= 3.9min
[CV] estimator__max_depth=5, estimator__max_features=0.1, estimator__n_estimators=1000 
[CV]  estimator__max_depth=5, estimator__max_features=0.1, estimator__n_estimators=1000, total= 8.0min
[CV] estimator__max_depth=5, estimator__max_features=0.5, estimator__n_estimators=1000 
[CV]  estimator__max_depth=5, estimator__max_features=0.5, estimator__n_estimators=1000, total=36.0min
[CV] estimator__max_depth=10, estimator__max_features=0.5, estimator__n_estimators=700 
[CV]  estimator__max_depth=10, estimator__max_features=0.5, estimator__n_estimators=700, total=59.9min
[CV] estimator__max_depth=3, estimator__max_features=0.1, estimator__n_estimators=500 
[CV]  estimator__max_depth=3, estimator__max_features=0.1, estimator__n_estimators=500, total= 1.9min
[CV] estimator__max_depth=3, estimator__max_features=0.5, estimator__n_estimators=300 
[CV]  estimator__max_depth=3, estimator__max_features=0.5, estimator__n_estimators=300, total= 5.4min
[CV] estimator__max_depth=3, estimator__max_features=sqrt, estimator__n_estimators=100 
[CV]  estimator__max_depth=3, estimator__max_features=sqrt, estimator__n_estimators=100, total=   1.4s
[CV] estimator__max_depth=3, estimator__max_features=sqrt, estimator__n_estimators=100 
[CV]  estimator__max_depth=3, estimator__max_features=sqrt, estimator__n_estimators=100, total=   1.4s
[CV] estimator__max_depth=3, estimator__max_features=sqrt, estimator__n_estimators=100 
[CV]  estimator__max_depth=3, estimator__max_features=sqrt, estimator__n_estimators=100, total=   1.4s
[CV] estimator__max_depth=3, estimator__max_features=sqrt, estimator__n_estimators=100 
[CV]  estimator__max_depth=3, estimator__max_features=sqrt, estimator__n_estimators=100, total=   1.4s
[CV] estimator__max_depth=3, estimator__max_features=sqrt, estimator__n_estimators=100 
[CV]  estimator__max_depth=3, estimator__max_features=sqrt, estimator__n_estimators=100, total=   1.4s
[CV] estimator__max_depth=3, estimator__max_features=sqrt, estimator__n_estimators=300 
[CV]  estimator__max_depth=3, estimator__max_features=sqrt, estimator__n_estimators=300, total=   3.0s
[CV] estimator__max_depth=3, estimator__max_features=sqrt, estimator__n_estimators=300 
[CV]  estimator__max_depth=3, estimator__max_features=sqrt, estimator__n_estimators=300, total=   3.0s
[CV] estimator__max_depth=3, estimator__max_features=sqrt, estimator__n_estimators=300 
[CV]  estimator__max_depth=3, estimator__max_features=sqrt, estimator__n_estimators=300, total=   3.1s
[CV] estimator__max_depth=3, estimator__max_features=sqrt, estimator__n_estimators=300 
[CV]  estimator__max_depth=3, estimator__max_features=sqrt, estimator__n_estimators=300, total=   4.4s
[CV] estimator__max_depth=3, estimator__max_features=sqrt, estimator__n_estimators=500 
[CV]  estimator__max_depth=3, estimator__max_features=sqrt, estimator__n_estimators=500, total=   4.7s
[CV] estimator__max_depth=3, estimator__max_features=sqrt, estimator__n_estimators=500 
[CV]  estimator__max_depth=3, estimator__max_features=sqrt, estimator__n_estimators=500, total=   5.8s
[CV] estimator__max_depth=3, estimator__max_features=sqrt, estimator__n_estimators=700 
[CV]  estimator__max_depth=3, estimator__max_features=sqrt, estimator__n_estimators=700, total=   8.2s
[CV] estimator__max_depth=3, estimator__max_features=sqrt, estimator__n_estimators=1000 
[CV]  estimator__max_depth=3, estimator__max_features=sqrt, estimator__n_estimators=1000, total=   9.4s
[CV] estimator__max_depth=3, estimator__max_features=log2, estimator__n_estimators=300 
[CV]  estimator__max_depth=3, estimator__max_features=log2, estimator__n_estimators=300, total=   1.5s
[CV] estimator__max_depth=3, estimator__max_features=log2, estimator__n_estimators=500 
[CV]  estimator__max_depth=3, estimator__max_features=log2, estimator__n_estimators=500, total=   1.8s
[CV] estimator__max_depth=3, estimator__max_features=log2, estimator__n_estimators=700 
[CV]  estimator__max_depth=3, estimator__max_features=log2, estimator__n_estimators=700, total=   2.7s
[CV] estimator__max_depth=3, estimator__max_features=log2, estimator__n_estimators=1000 
[CV]  estimator__max_depth=3, estimator__max_features=log2, estimator__n_estimators=1000, total=   3.7s
[CV] estimator__max_depth=5, estimator__max_features=0.1, estimator__n_estimators=100 
[CV]  estimator__max_depth=5, estimator__max_features=0.1, estimator__n_estimators=100, total=  44.2s
[CV] estimator__max_depth=5, estimator__max_features=0.1, estimator__n_estimators=300 
[CV]  estimator__max_depth=5, estimator__max_features=0.1, estimator__n_estimators=300, total= 2.1min
[CV] estimator__max_depth=5, estimator__max_features=0.1, estimator__n_estimators=500 
[CV]  estimator__max_depth=5, estimator__max_features=0.1, estimator__n_estimators=500, total= 3.3min
[CV] estimator__max_depth=5, estimator__max_features=0.1, estimator__n_estimators=1000 
[CV]  estimator__max_depth=5, estimator__max_features=0.1, estimator__n_estimators=1000, total= 6.6min
[CV] estimator__max_depth=5, estimator__max_features=0.5, estimator__n_estimators=700 
[CV]  estimator__max_depth=5, estimator__max_features=0.5, estimator__n_estimators=700, total=22.9min
[CV] estimator__max_depth=10, estimator__max_features=0.1, estimator__n_estimators=1000 
[CV]  estimator__max_depth=10, estimator__max_features=0.1, estimator__n_estimators=1000, total=18.1min
[CV] estimator__max_depth=10, estimator__max_features=0.5, estimator__n_estimators=1000 
[CV]  estimator__max_depth=10, estimator__max_features=0.5, estimator__n_estimators=1000, total=79.1min
[CV] estimator__max_depth=3, estimator__max_features=0.1, estimator__n_estimators=700 
[CV]  estimator__max_depth=3, estimator__max_features=0.1, estimator__n_estimators=700, total= 2.6min
[CV] estimator__max_depth=3, estimator__max_features=0.5, estimator__n_estimators=500 
[CV]  estimator__max_depth=3, estimator__max_features=0.5, estimator__n_estimators=500, total= 8.8min
[CV] estimator__max_depth=5, estimator__max_features=0.1, estimator__n_estimators=500 
[CV]  estimator__max_depth=5, estimator__max_features=0.1, estimator__n_estimators=500, total= 3.4min
[CV] estimator__max_depth=5, estimator__max_features=0.1, estimator__n_estimators=1000 
[CV]  estimator__max_depth=5, estimator__max_features=0.1, estimator__n_estimators=1000, total= 6.6min
[CV] estimator__max_depth=5, estimator__max_features=0.5, estimator__n_estimators=700 
[CV]  estimator__max_depth=5, estimator__max_features=0.5, estimator__n_estimators=700, total=23.3min
[CV] estimator__max_depth=10, estimator__max_features=0.1, estimator__n_estimators=1000 
[CV]  estimator__max_depth=10, estimator__max_features=0.1, estimator__n_estimators=1000, total=17.7min
[CV] estimator__max_depth=10, estimator__max_features=0.5, estimator__n_estimators=1000 
[CV]  estimator__max_depth=10, estimator__max_features=0.5, estimator__n_estimators=1000, total=78.9min
[CV] estimator__max_depth=3, estimator__max_features=0.1, estimator__n_estimators=700 
[CV]  estimator__max_depth=3, estimator__max_features=0.1, estimator__n_estimators=700, total= 2.7min
[CV] estimator__max_depth=3, estimator__max_features=0.5, estimator__n_estimators=500 
[CV]  estimator__max_depth=3, estimator__max_features=0.5, estimator__n_estimators=500, total= 9.7min
[CV] estimator__max_depth=5, estimator__max_features=0.1, estimator__n_estimators=700 
[CV]  estimator__max_depth=5, estimator__max_features=0.1, estimator__n_estimators=700, total= 5.6min
[CV] estimator__max_depth=5, estimator__max_features=0.5, estimator__n_estimators=300 
[CV]  estimator__max_depth=5, estimator__max_features=0.5, estimator__n_estimators=300, total=11.0min
[CV] estimator__max_depth=5, estimator__max_features=sqrt, estimator__n_estimators=700 
[CV]  estimator__max_depth=5, estimator__max_features=sqrt, estimator__n_estimators=700, total=  11.8s
[CV] estimator__max_depth=5, estimator__max_features=sqrt, estimator__n_estimators=1000 
[CV]  estimator__max_depth=5, estimator__max_features=sqrt, estimator__n_estimators=1000, total=  16.0s
[CV] estimator__max_depth=5, estimator__max_features=log2, estimator__n_estimators=100 
[CV]  estimator__max_depth=5, estimator__max_features=log2, estimator__n_estimators=100, total=   0.9s
[CV] estimator__max_depth=5, estimator__max_features=log2, estimator__n_estimators=100 
[CV]  estimator__max_depth=5, estimator__max_features=log2, estimator__n_estimators=100, total=   0.9s
[CV] estimator__max_depth=5, estimator__max_features=log2, estimator__n_estimators=100 
[CV]  estimator__max_depth=5, estimator__max_features=log2, estimator__n_estimators=100, total=   0.9s
[CV] estimator__max_depth=5, estimator__max_features=log2, estimator__n_estimators=100 
[CV]  estimator__max_depth=5, estimator__max_features=log2, estimator__n_estimators=100, total=   0.9s
[CV] estimator__max_depth=5, estimator__max_features=log2, estimator__n_estimators=100 
[CV]  estimator__max_depth=5, estimator__max_features=log2, estimator__n_estimators=100, total=   0.9s
[CV] estimator__max_depth=5, estimator__max_features=log2, estimator__n_estimators=300 
[CV]  estimator__max_depth=5, estimator__max_features=log2, estimator__n_estimators=300, total=   1.5s
[CV] estimator__max_depth=5, estimator__max_features=log2, estimator__n_estimators=300 
[CV]  estimator__max_depth=5, estimator__max_features=log2, estimator__n_estimators=300, total=   1.5s
[CV] estimator__max_depth=5, estimator__max_features=log2, estimator__n_estimators=500 
[CV]  estimator__max_depth=5, estimator__max_features=log2, estimator__n_estimators=500, total=   2.1s
[CV] estimator__max_depth=5, estimator__max_features=log2, estimator__n_estimators=700 
[CV]  estimator__max_depth=5, estimator__max_features=log2, estimator__n_estimators=700, total=   2.7s
[CV] estimator__max_depth=5, estimator__max_features=log2, estimator__n_estimators=1000 
[CV]  estimator__max_depth=5, estimator__max_features=log2, estimator__n_estimators=1000, total=   3.5s
[CV] estimator__max_depth=10, estimator__max_features=0.1, estimator__n_estimators=100 
[CV]  estimator__max_depth=10, estimator__max_features=0.1, estimator__n_estimators=100, total= 2.0min
[CV] estimator__max_depth=10, estimator__max_features=0.1, estimator__n_estimators=300 
[CV]  estimator__max_depth=10, estimator__max_features=0.1, estimator__n_estimators=300, total= 5.9min
[CV] estimator__max_depth=10, estimator__max_features=0.1, estimator__n_estimators=500 
[CV]  estimator__max_depth=10, estimator__max_features=0.1, estimator__n_estimators=500, total= 9.8min
[CV] estimator__max_depth=10, estimator__max_features=0.1, estimator__n_estimators=1000 
[CV]  estimator__max_depth=10, estimator__max_features=0.1, estimator__n_estimators=1000, total=20.0min
[CV] estimator__max_depth=10, estimator__max_features=0.5, estimator__n_estimators=1000 
[CV]  estimator__max_depth=10, estimator__max_features=0.5, estimator__n_estimators=1000, total=78.0min
[CV] estimator__max_depth=3, estimator__max_features=0.1, estimator__n_estimators=300 
[CV]  estimator__max_depth=3, estimator__max_features=0.1, estimator__n_estimators=300, total= 1.1min
[CV] estimator__max_depth=3, estimator__max_features=0.5, estimator__n_estimators=100 
[CV]  estimator__max_depth=3, estimator__max_features=0.5, estimator__n_estimators=100, total= 1.7min
[CV] estimator__max_depth=3, estimator__max_features=0.5, estimator__n_estimators=500 
[CV]  estimator__max_depth=3, estimator__max_features=0.5, estimator__n_estimators=500, total= 8.8min
[CV] estimator__max_depth=5, estimator__max_features=0.1, estimator__n_estimators=700 
[CV]  estimator__max_depth=5, estimator__max_features=0.1, estimator__n_estimators=700, total= 4.6min
[CV] estimator__max_depth=5, estimator__max_features=0.5, estimator__n_estimators=100 
[CV]  estimator__max_depth=5, estimator__max_features=0.5, estimator__n_estimators=100, total= 3.2min
[CV] estimator__max_depth=5, estimator__max_features=0.5, estimator__n_estimators=500 
[CV]  estimator__max_depth=5, estimator__max_features=0.5, estimator__n_estimators=500, total=16.6min
[CV] estimator__max_depth=10, estimator__max_features=0.1, estimator__n_estimators=500 
[CV]  estimator__max_depth=10, estimator__max_features=0.1, estimator__n_estimators=500, total= 9.1min
[CV] estimator__max_depth=10, estimator__max_features=0.1, estimator__n_estimators=1000 
[CV]  estimator__max_depth=10, estimator__max_features=0.1, estimator__n_estimators=1000, total=18.5min
[CV] estimator__max_depth=10, estimator__max_features=0.5, estimator__n_estimators=1000 
[CV]  estimator__max_depth=10, estimator__max_features=0.5, estimator__n_estimators=1000, total=82.0min
[CV] estimator__max_depth=3, estimator__max_features=0.1, estimator__n_estimators=300 
[CV]  estimator__max_depth=3, estimator__max_features=0.1, estimator__n_estimators=300, total= 1.2min
[CV] estimator__max_depth=3, estimator__max_features=0.5, estimator__n_estimators=100 
[CV]  estimator__max_depth=3, estimator__max_features=0.5, estimator__n_estimators=100, total= 2.0min
[CV] estimator__max_depth=3, estimator__max_features=0.5, estimator__n_estimators=700 
[CV]  estimator__max_depth=3, estimator__max_features=0.5, estimator__n_estimators=700, total=14.1min
[CV] estimator__max_depth=5, estimator__max_features=0.5, estimator__n_estimators=300 
[CV]  estimator__max_depth=5, estimator__max_features=0.5, estimator__n_estimators=300, total=11.1min
[CV] estimator__max_depth=5, estimator__max_features=sqrt, estimator__n_estimators=300 
[CV]  estimator__max_depth=5, estimator__max_features=sqrt, estimator__n_estimators=300, total=   5.8s
[CV] estimator__max_depth=5, estimator__max_features=sqrt, estimator__n_estimators=500 
[CV]  estimator__max_depth=5, estimator__max_features=sqrt, estimator__n_estimators=500, total=   8.8s
[CV] estimator__max_depth=5, estimator__max_features=sqrt, estimator__n_estimators=500 
[CV]  estimator__max_depth=5, estimator__max_features=sqrt, estimator__n_estimators=500, total=   9.1s
[CV] estimator__max_depth=5, estimator__max_features=sqrt, estimator__n_estimators=500 
[CV]  estimator__max_depth=5, estimator__max_features=sqrt, estimator__n_estimators=500, total=   8.7s
[CV] estimator__max_depth=5, estimator__max_features=sqrt, estimator__n_estimators=700 
[CV]  estimator__max_depth=5, estimator__max_features=sqrt, estimator__n_estimators=700, total=  11.7s
[CV] estimator__max_depth=5, estimator__max_features=sqrt, estimator__n_estimators=700 
[CV]  estimator__max_depth=5, estimator__max_features=sqrt, estimator__n_estimators=700, total=  11.6s
[CV] estimator__max_depth=5, estimator__max_features=sqrt, estimator__n_estimators=1000 
[CV]  estimator__max_depth=5, estimator__max_features=sqrt, estimator__n_estimators=1000, total=  16.5s
[CV] estimator__max_depth=5, estimator__max_features=log2, estimator__n_estimators=500 
[CV]  estimator__max_depth=5, estimator__max_features=log2, estimator__n_estimators=500, total=   2.1s
[CV] estimator__max_depth=5, estimator__max_features=log2, estimator__n_estimators=700 
[CV]  estimator__max_depth=5, estimator__max_features=log2, estimator__n_estimators=700, total=   2.8s
[CV] estimator__max_depth=5, estimator__max_features=log2, estimator__n_estimators=1000 
[CV]  estimator__max_depth=5, estimator__max_features=log2, estimator__n_estimators=1000, total=   3.6s
[CV] estimator__max_depth=10, estimator__max_features=0.1, estimator__n_estimators=100 
[CV]  estimator__max_depth=10, estimator__max_features=0.1, estimator__n_estimators=100, total= 2.0min
[CV] estimator__max_depth=10, estimator__max_features=0.1, estimator__n_estimators=300 
[CV]  estimator__max_depth=10, estimator__max_features=0.1, estimator__n_estimators=300, total= 6.0min
[CV] estimator__max_depth=10, estimator__max_features=0.1, estimator__n_estimators=500 
[CV]  estimator__max_depth=10, estimator__max_features=0.1, estimator__n_estimators=500, total= 9.8min
[CV] estimator__max_depth=10, estimator__max_features=0.1, estimator__n_estimators=1000 
[CV]  estimator__max_depth=10, estimator__max_features=0.1, estimator__n_estimators=1000, total=19.6min
[CV] estimator__max_depth=10, estimator__max_features=0.5, estimator__n_estimators=1000 
[CV]  estimator__max_depth=10, estimator__max_features=0.5, estimator__n_estimators=1000, total=80.6min
