
 

YPD40
[['Y', 'P', 'D', '4', '0'], ['Y', 'P', 'D', 'B', 'E', 'N', 'O', 'M', 'Y', 'L', '5', '0', '0']]
Round 1 of 10
Fitting 5 folds for each of 60 candidates, totalling 300 fits
[Parallel(n_jobs=-1)]: Using backend LokyBackend with 20 concurrent workers.
[CV] estimator__max_depth=3, estimator__max_features=0.1, estimator__n_estimators=300 
[CV]  estimator__max_depth=3, estimator__max_features=0.1, estimator__n_estimators=300, total= 7.0min
[CV] estimator__max_depth=3, estimator__max_features=0.5, estimator__n_estimators=100 
[CV]  estimator__max_depth=3, estimator__max_features=0.5, estimator__n_estimators=100, total=12.0min
[CV] estimator__max_depth=3, estimator__max_features=0.5, estimator__n_estimators=700 
[CV]  estimator__max_depth=3, estimator__max_features=0.5, estimator__n_estimators=700, total=77.9min
[CV] estimator__max_depth=5, estimator__max_features=0.5, estimator__n_estimators=100 
[CV]  estimator__max_depth=5, estimator__max_features=0.5, estimator__n_estimators=100, total=20.3min
[CV] estimator__max_depth=5, estimator__max_features=0.5, estimator__n_estimators=500 
[CV]  estimator__max_depth=5, estimator__max_features=0.5, estimator__n_estimators=500, total=108.4min
[CV] estimator__max_depth=10, estimator__max_features=0.1, estimator__n_estimators=700 
[CV]  estimator__max_depth=10, estimator__max_features=0.1, estimator__n_estimators=700, total=65.5min
[CV] estimator__max_depth=10, estimator__max_features=0.5, estimator__n_estimators=300 
[CV]  estimator__max_depth=10, estimator__max_features=0.5, estimator__n_estimators=300, total=128.7min
[CV] estimator__max_depth=10, estimator__max_features=sqrt, estimator__n_estimators=700 
[CV]  estimator__max_depth=10, estimator__max_features=sqrt, estimator__n_estimators=700, total= 2.2min
[CV] estimator__max_depth=10, estimator__max_features=sqrt, estimator__n_estimators=1000 
[CV]  estimator__max_depth=10, estimator__max_features=sqrt, estimator__n_estimators=1000, total= 3.3min
[CV] estimator__max_depth=10, estimator__max_features=log2, estimator__n_estimators=300 
[CV]  estimator__max_depth=10, estimator__max_features=log2, estimator__n_estimators=300, total=  10.9s
[CV] estimator__max_depth=10, estimator__max_features=log2, estimator__n_estimators=300 
[CV]  estimator__max_depth=10, estimator__max_features=log2, estimator__n_estimators=300, total=  10.8s
[CV] estimator__max_depth=10, estimator__max_features=log2, estimator__n_estimators=500 
[CV]  estimator__max_depth=10, estimator__max_features=log2, estimator__n_estimators=500, total=  17.4s
[CV] estimator__max_depth=10, estimator__max_features=log2, estimator__n_estimators=500 
[CV]  estimator__max_depth=10, estimator__max_features=log2, estimator__n_estimators=500, total=  16.9s
[CV] estimator__max_depth=10, estimator__max_features=log2, estimator__n_estimators=700 
[CV]  estimator__max_depth=10, estimator__max_features=log2, estimator__n_estimators=700, total=  28.1s
[CV] estimator__max_depth=10, estimator__max_features=log2, estimator__n_estimators=1000 
[CV]  estimator__max_depth=10, estimator__max_features=log2, estimator__n_estimators=1000, total=  32.7s
[CV] estimator__max_depth=3, estimator__max_features=0.1, estimator__n_estimators=700 
[CV]  estimator__max_depth=3, estimator__max_features=0.1, estimator__n_estimators=700, total=15.4min
[CV] estimator__max_depth=3, estimator__max_features=0.5, estimator__n_estimators=500 
[CV]  estimator__max_depth=3, estimator__max_features=0.5, estimator__n_estimators=500, total=53.6min
[CV] estimator__max_depth=5, estimator__max_features=0.1, estimator__n_estimators=700 
[CV]  estimator__max_depth=5, estimator__max_features=0.1, estimator__n_estimators=700, total=27.4min
[CV] estimator__max_depth=5, estimator__max_features=0.5, estimator__n_estimators=100 
[CV]  estimator__max_depth=5, estimator__max_features=0.5, estimator__n_estimators=100, total=21.4min
[CV] estimator__max_depth=5, estimator__max_features=0.5, estimator__n_estimators=500 
[CV]  estimator__max_depth=5, estimator__max_features=0.5, estimator__n_estimators=500, total=98.8min
[CV] estimator__max_depth=10, estimator__max_features=0.1, estimator__n_estimators=700 
[CV]  estimator__max_depth=10, estimator__max_features=0.1, estimator__n_estimators=700, total=69.8min
[CV] estimator__max_depth=10, estimator__max_features=0.5, estimator__n_estimators=300 
[CV]  estimator__max_depth=10, estimator__max_features=0.5, estimator__n_estimators=300, total=133.3min
[CV] estimator__max_depth=10, estimator__max_features=sqrt, estimator__n_estimators=700 
[CV]  estimator__max_depth=10, estimator__max_features=sqrt, estimator__n_estimators=700, total= 2.2min
[CV] estimator__max_depth=10, estimator__max_features=sqrt, estimator__n_estimators=1000 
[CV]  estimator__max_depth=10, estimator__max_features=sqrt, estimator__n_estimators=1000, total= 3.2min
[CV] estimator__max_depth=10, estimator__max_features=log2, estimator__n_estimators=100 
[CV]  estimator__max_depth=10, estimator__max_features=log2, estimator__n_estimators=100, total=   5.5s
[CV] estimator__max_depth=10, estimator__max_features=log2, estimator__n_estimators=300 
[CV]  estimator__max_depth=10, estimator__max_features=log2, estimator__n_estimators=300, total=  12.1s
[CV] estimator__max_depth=10, estimator__max_features=log2, estimator__n_estimators=300 
[CV]  estimator__max_depth=10, estimator__max_features=log2, estimator__n_estimators=300, total=  12.1s
[CV] estimator__max_depth=10, estimator__max_features=log2, estimator__n_estimators=500 
[CV]  estimator__max_depth=10, estimator__max_features=log2, estimator__n_estimators=500, total=  18.3s
[CV] estimator__max_depth=10, estimator__max_features=log2, estimator__n_estimators=700 
[CV]  estimator__max_depth=10, estimator__max_features=log2, estimator__n_estimators=700, total=  23.9s
[CV] estimator__max_depth=10, estimator__max_features=log2, estimator__n_estimators=700 
[CV]  estimator__max_depth=10, estimator__max_features=log2, estimator__n_estimators=700, total=  24.3s
[CV] estimator__max_depth=10, estimator__max_features=log2, estimator__n_estimators=1000 
[CV]  estimator__max_depth=10, estimator__max_features=log2, estimator__n_estimators=1000, total=  33.4s
[CV] estimator__max_depth=3, estimator__max_features=0.1, estimator__n_estimators=700 
[CV]  estimator__max_depth=3, estimator__max_features=0.1, estimator__n_estimators=700, total=16.2min
[CV] estimator__max_depth=3, estimator__max_features=0.5, estimator__n_estimators=500 
[CV]  estimator__max_depth=3, estimator__max_features=0.5, estimator__n_estimators=500, total=55.5min
[CV] estimator__max_depth=5, estimator__max_features=0.1, estimator__n_estimators=700 
[CV]  estimator__max_depth=5, estimator__max_features=0.1, estimator__n_estimators=700, total=29.3min
[CV] estimator__max_depth=5, estimator__max_features=0.5, estimator__n_estimators=300 
[CV]  estimator__max_depth=5, estimator__max_features=0.5, estimator__n_estimators=300, total=60.4min
[CV] estimator__max_depth=5, estimator__max_features=sqrt, estimator__n_estimators=100 
[CV]  estimator__max_depth=5, estimator__max_features=sqrt, estimator__n_estimators=100, total=  11.1s
[CV] estimator__max_depth=5, estimator__max_features=sqrt, estimator__n_estimators=100 
[CV]  estimator__max_depth=5, estimator__max_features=sqrt, estimator__n_estimators=100, total=  11.1s
[CV] estimator__max_depth=5, estimator__max_features=sqrt, estimator__n_estimators=100 
[CV]  estimator__max_depth=5, estimator__max_features=sqrt, estimator__n_estimators=100, total=  19.1s
[CV] estimator__max_depth=5, estimator__max_features=sqrt, estimator__n_estimators=100 
[CV]  estimator__max_depth=5, estimator__max_features=sqrt, estimator__n_estimators=100, total=  11.2s
[CV] estimator__max_depth=5, estimator__max_features=sqrt, estimator__n_estimators=100 
[CV]  estimator__max_depth=5, estimator__max_features=sqrt, estimator__n_estimators=100, total=  11.1s
[CV] estimator__max_depth=5, estimator__max_features=sqrt, estimator__n_estimators=300 
[CV]  estimator__max_depth=5, estimator__max_features=sqrt, estimator__n_estimators=300, total=  29.6s
[CV] estimator__max_depth=5, estimator__max_features=sqrt, estimator__n_estimators=300 
[CV]  estimator__max_depth=5, estimator__max_features=sqrt, estimator__n_estimators=300, total=  30.0s
[CV] estimator__max_depth=5, estimator__max_features=sqrt, estimator__n_estimators=300 
[CV]  estimator__max_depth=5, estimator__max_features=sqrt, estimator__n_estimators=300, total=  29.9s
[CV] estimator__max_depth=5, estimator__max_features=sqrt, estimator__n_estimators=500 
[CV]  estimator__max_depth=5, estimator__max_features=sqrt, estimator__n_estimators=500, total=  48.1s
[CV] estimator__max_depth=5, estimator__max_features=sqrt, estimator__n_estimators=500 
[CV]  estimator__max_depth=5, estimator__max_features=sqrt, estimator__n_estimators=500, total=  47.8s
[CV] estimator__max_depth=5, estimator__max_features=sqrt, estimator__n_estimators=700 
[CV]  estimator__max_depth=5, estimator__max_features=sqrt, estimator__n_estimators=700, total= 1.1min
[CV] estimator__max_depth=5, estimator__max_features=sqrt, estimator__n_estimators=1000 
[CV]  estimator__max_depth=5, estimator__max_features=sqrt, estimator__n_estimators=1000, total= 1.7min
[CV] estimator__max_depth=5, estimator__max_features=log2, estimator__n_estimators=500 
[CV]  estimator__max_depth=5, estimator__max_features=log2, estimator__n_estimators=500, total=  13.6s
[CV] estimator__max_depth=5, estimator__max_features=log2, estimator__n_estimators=500 
[CV]  estimator__max_depth=5, estimator__max_features=log2, estimator__n_estimators=500, total=  13.6s
[CV] estimator__max_depth=5, estimator__max_features=log2, estimator__n_estimators=700 
[CV]  estimator__max_depth=5, estimator__max_features=log2, estimator__n_estimators=700, total=  18.6s
[CV] estimator__max_depth=5, estimator__max_features=log2, estimator__n_estimators=1000 
[CV]  estimator__max_depth=5, estimator__max_features=log2, estimator__n_estimators=1000, total=  25.4s
[CV] estimator__max_depth=10, estimator__max_features=0.1, estimator__n_estimators=100 
[CV]  estimator__max_depth=10, estimator__max_features=0.1, estimator__n_estimators=100, total= 9.5min
[CV] estimator__max_depth=10, estimator__max_features=0.1, estimator__n_estimators=300 
[CV]  estimator__max_depth=10, estimator__max_features=0.1, estimator__n_estimators=300, total=30.8min
[CV] estimator__max_depth=10, estimator__max_features=0.1, estimator__n_estimators=700 
[CV]  estimator__max_depth=10, estimator__max_features=0.1, estimator__n_estimators=700, total=66.7min
[CV] estimator__max_depth=10, estimator__max_features=0.5, estimator__n_estimators=300 
[CV]  estimator__max_depth=10, estimator__max_features=0.5, estimator__n_estimators=300, total=134.2min
[CV] estimator__max_depth=10, estimator__max_features=sqrt, estimator__n_estimators=300 
[CV]  estimator__max_depth=10, estimator__max_features=sqrt, estimator__n_estimators=300, total=  58.6s
[CV] estimator__max_depth=10, estimator__max_features=sqrt, estimator__n_estimators=300 
[CV]  estimator__max_depth=10, estimator__max_features=sqrt, estimator__n_estimators=300, total=  58.8s
[CV] estimator__max_depth=10, estimator__max_features=sqrt, estimator__n_estimators=500 
[CV]  estimator__max_depth=10, estimator__max_features=sqrt, estimator__n_estimators=500, total= 1.6min
[CV] estimator__max_depth=10, estimator__max_features=sqrt, estimator__n_estimators=500 
[CV]  estimator__max_depth=10, estimator__max_features=sqrt, estimator__n_estimators=500, total= 1.7min
[CV] estimator__max_depth=10, estimator__max_features=sqrt, estimator__n_estimators=500 
[CV]  estimator__max_depth=10, estimator__max_features=sqrt, estimator__n_estimators=500, total= 1.6min
[CV] estimator__max_depth=10, estimator__max_features=sqrt, estimator__n_estimators=700 
[CV]  estimator__max_depth=10, estimator__max_features=sqrt, estimator__n_estimators=700, total= 2.2min
[CV] estimator__max_depth=10, estimator__max_features=sqrt, estimator__n_estimators=1000 
[CV]  estimator__max_depth=10, estimator__max_features=sqrt, estimator__n_estimators=1000, total= 3.2min
[CV] estimator__max_depth=10, estimator__max_features=sqrt, estimator__n_estimators=1000 
[CV]  estimator__max_depth=10, estimator__max_features=sqrt, estimator__n_estimators=1000, total= 3.2min
[CV] estimator__max_depth=10, estimator__max_features=log2, estimator__n_estimators=700 
[CV]  estimator__max_depth=10, estimator__max_features=log2, estimator__n_estimators=700, total=  23.6s
[CV] estimator__max_depth=10, estimator__max_features=log2, estimator__n_estimators=1000 
[CV]  estimator__max_depth=10, estimator__max_features=log2, estimator__n_estimators=1000, total=  35.7s
[CV] estimator__max_depth=3, estimator__max_features=0.1, estimator__n_estimators=300 
[CV]  estimator__max_depth=3, estimator__max_features=0.1, estimator__n_estimators=300, total= 7.3min
[CV] estimator__max_depth=3, estimator__max_features=0.5, estimator__n_estimators=100 
[CV]  estimator__max_depth=3, estimator__max_features=0.5, estimator__n_estimators=100, total=11.2min
[CV] estimator__max_depth=3, estimator__max_features=0.5, estimator__n_estimators=700 
[CV]  estimator__max_depth=3, estimator__max_features=0.5, estimator__n_estimators=700, total=75.8min
[CV] estimator__max_depth=5, estimator__max_features=0.5, estimator__n_estimators=100 
[CV]  estimator__max_depth=5, estimator__max_features=0.5, estimator__n_estimators=100, total=19.8min
[CV] estimator__max_depth=5, estimator__max_features=0.5, estimator__n_estimators=500 
[CV]  estimator__max_depth=5, estimator__max_features=0.5, estimator__n_estimators=500, total=97.5min
[CV] estimator__max_depth=10, estimator__max_features=0.1, estimator__n_estimators=700 
[CV]  estimator__max_depth=10, estimator__max_features=0.1, estimator__n_estimators=700, total=64.1min
[CV] estimator__max_depth=10, estimator__max_features=0.5, estimator__n_estimators=300 
[CV]  estimator__max_depth=10, estimator__max_features=0.5, estimator__n_estimators=300, total=133.3min
[CV] estimator__max_depth=10, estimator__max_features=sqrt, estimator__n_estimators=100 
[CV]  estimator__max_depth=10, estimator__max_features=sqrt, estimator__n_estimators=100, total=  20.8s
[CV] estimator__max_depth=10, estimator__max_features=sqrt, estimator__n_estimators=100 
[CV]  estimator__max_depth=10, estimator__max_features=sqrt, estimator__n_estimators=100, total=  21.1s
[CV] estimator__max_depth=10, estimator__max_features=sqrt, estimator__n_estimators=100 
[CV]  estimator__max_depth=10, estimator__max_features=sqrt, estimator__n_estimators=100, total=  22.3s
[CV] estimator__max_depth=10, estimator__max_features=sqrt, estimator__n_estimators=100 
[CV]  estimator__max_depth=10, estimator__max_features=sqrt, estimator__n_estimators=100, total=  21.4s
[CV] estimator__max_depth=10, estimator__max_features=sqrt, estimator__n_estimators=100 
[CV]  estimator__max_depth=10, estimator__max_features=sqrt, estimator__n_estimators=100, total=  21.0s
[CV] estimator__max_depth=10, estimator__max_features=sqrt, estimator__n_estimators=300 
[CV]  estimator__max_depth=10, estimator__max_features=sqrt, estimator__n_estimators=300, total=  58.3s
[CV] estimator__max_depth=10, estimator__max_features=sqrt, estimator__n_estimators=300 
[CV]  estimator__max_depth=10, estimator__max_features=sqrt, estimator__n_estimators=300, total= 1.1min
[CV] estimator__max_depth=10, estimator__max_features=sqrt, estimator__n_estimators=300 
[CV]  estimator__max_depth=10, estimator__max_features=sqrt, estimator__n_estimators=300, total=  59.0s
[CV] estimator__max_depth=10, estimator__max_features=sqrt, estimator__n_estimators=500 
[CV]  estimator__max_depth=10, estimator__max_features=sqrt, estimator__n_estimators=500, total= 1.7min
[CV] estimator__max_depth=10, estimator__max_features=sqrt, estimator__n_estimators=500 
[CV]  estimator__max_depth=10, estimator__max_features=sqrt, estimator__n_estimators=500, total= 1.6min
[CV] estimator__max_depth=10, estimator__max_features=sqrt, estimator__n_estimators=700 
[CV]  estimator__max_depth=10, estimator__max_features=sqrt, estimator__n_estimators=700, total= 2.3min
[CV] estimator__max_depth=10, estimator__max_features=sqrt, estimator__n_estimators=700 
[CV]  estimator__max_depth=10, estimator__max_features=sqrt, estimator__n_estimators=700, total= 2.4min
[CV] estimator__max_depth=10, estimator__max_features=sqrt, estimator__n_estimators=1000 
[CV]  estimator__max_depth=10, estimator__max_features=sqrt, estimator__n_estimators=1000, total= 3.2min
[CV] estimator__max_depth=10, estimator__max_features=log2, estimator__n_estimators=100 
[CV]  estimator__max_depth=10, estimator__max_features=log2, estimator__n_estimators=100, total=   5.0s
[CV] estimator__max_depth=10, estimator__max_features=log2, estimator__n_estimators=100 
[CV]  estimator__max_depth=10, estimator__max_features=log2, estimator__n_estimators=100, total=   5.1s
[CV] estimator__max_depth=10, estimator__max_features=log2, estimator__n_estimators=100 
[CV]  estimator__max_depth=10, estimator__max_features=log2, estimator__n_estimators=100, total=   5.2s
[CV] estimator__max_depth=10, estimator__max_features=log2, estimator__n_estimators=100 
[CV]  estimator__max_depth=10, estimator__max_features=log2, estimator__n_estimators=100, total=   5.0s
[CV] estimator__max_depth=10, estimator__max_features=log2, estimator__n_estimators=300 
[CV]  estimator__max_depth=10, estimator__max_features=log2, estimator__n_estimators=300, total=  11.5s
[CV] estimator__max_depth=10, estimator__max_features=log2, estimator__n_estimators=500 
[CV]  estimator__max_depth=10, estimator__max_features=log2, estimator__n_estimators=500, total=  17.4s
[CV] estimator__max_depth=10, estimator__max_features=log2, estimator__n_estimators=500 
[CV]  estimator__max_depth=10, estimator__max_features=log2, estimator__n_estimators=500, total=  17.6s
[CV] estimator__max_depth=10, estimator__max_features=log2, estimator__n_estimators=700 
[CV]  estimator__max_depth=10, estimator__max_features=log2, estimator__n_estimators=700, total=  24.2s
[CV] estimator__max_depth=10, estimator__max_features=log2, estimator__n_estimators=1000 
[CV]  estimator__max_depth=10, estimator__max_features=log2, estimator__n_estimators=1000, total=  32.9s
[CV] estimator__max_depth=10, estimator__max_features=log2, estimator__n_estimators=1000 
[CV]  estimator__max_depth=10, estimator__max_features=log2, estimator__n_estimators=1000, total=  33.5s
[CV] estimator__max_depth=3, estimator__max_features=0.1, estimator__n_estimators=300 
[CV]  estimator__max_depth=3, estimator__max_features=0.1, estimator__n_estimators=300, total= 6.8min
[CV] estimator__max_depth=3, estimator__max_features=0.5, estimator__n_estimators=100 
[CV]  estimator__max_depth=3, estimator__max_features=0.5, estimator__n_estimators=100, total=11.4min
[CV] estimator__max_depth=3, estimator__max_features=0.5, estimator__n_estimators=700 
[CV]  estimator__max_depth=3, estimator__max_features=0.5, estimator__n_estimators=700, total=79.7min
[CV] estimator__max_depth=5, estimator__max_features=0.5, estimator__n_estimators=100 
[CV]  estimator__max_depth=5, estimator__max_features=0.5, estimator__n_estimators=100, total=20.6min
[CV] estimator__max_depth=5, estimator__max_features=0.5, estimator__n_estimators=500 
[CV]  estimator__max_depth=5, estimator__max_features=0.5, estimator__n_estimators=500, total=100.2min
[CV] estimator__max_depth=10, estimator__max_features=0.1, estimator__n_estimators=700 
[CV]  estimator__max_depth=10, estimator__max_features=0.1, estimator__n_estimators=700, total=67.7min
[CV] estimator__max_depth=10, estimator__max_features=0.5, estimator__n_estimators=300 
[CV]  estimator__max_depth=10, estimator__max_features=0.5, estimator__n_estimators=300, total=145.3min
[CV] estimator__max_depth=3, estimator__max_features=0.1, estimator__n_estimators=500 
[CV]  estimator__max_depth=3, estimator__max_features=0.1, estimator__n_estimators=500, total=11.6min
[CV] estimator__max_depth=3, estimator__max_features=0.5, estimator__n_estimators=300 
[CV]  estimator__max_depth=3, estimator__max_features=0.5, estimator__n_estimators=300, total=35.3min
[CV] estimator__max_depth=3, estimator__max_features=sqrt, estimator__n_estimators=1000 
[CV]  estimator__max_depth=3, estimator__max_features=sqrt, estimator__n_estimators=1000, total= 1.0min
[CV] estimator__max_depth=3, estimator__max_features=log2, estimator__n_estimators=500 
[CV]  estimator__max_depth=3, estimator__max_features=log2, estimator__n_estimators=500, total=  13.3s
[CV] estimator__max_depth=3, estimator__max_features=log2, estimator__n_estimators=700 
[CV]  estimator__max_depth=3, estimator__max_features=log2, estimator__n_estimators=700, total=  18.8s
[CV] estimator__max_depth=3, estimator__max_features=log2, estimator__n_estimators=1000 
[CV]  estimator__max_depth=3, estimator__max_features=log2, estimator__n_estimators=1000, total=  24.0s
[CV] estimator__max_depth=5, estimator__max_features=0.1, estimator__n_estimators=100 
[CV]  estimator__max_depth=5, estimator__max_features=0.1, estimator__n_estimators=100, total= 4.0min
[CV] estimator__max_depth=5, estimator__max_features=0.1, estimator__n_estimators=300 
[CV]  estimator__max_depth=5, estimator__max_features=0.1, estimator__n_estimators=300, total=12.6min
[CV] estimator__max_depth=5, estimator__max_features=0.1, estimator__n_estimators=500 
[CV]  estimator__max_depth=5, estimator__max_features=0.1, estimator__n_estimators=500, total=21.0min
[CV] estimator__max_depth=5, estimator__max_features=0.1, estimator__n_estimators=1000 
[CV]  estimator__max_depth=5, estimator__max_features=0.1, estimator__n_estimators=1000, total=40.2min
[CV] estimator__max_depth=5, estimator__max_features=0.5, estimator__n_estimators=700 
[CV]  estimator__max_depth=5, estimator__max_features=0.5, estimator__n_estimators=700, total=146.7min
[CV] estimator__max_depth=10, estimator__max_features=0.5, estimator__n_estimators=100 
[CV]  estimator__max_depth=10, estimator__max_features=0.5, estimator__n_estimators=100, total=42.4min
[CV] estimator__max_depth=10, estimator__max_features=0.5, estimator__n_estimators=500 
[CV]  estimator__max_depth=10, estimator__max_features=0.5, estimator__n_estimators=500, total=209.5min
[CV] estimator__max_depth=3, estimator__max_features=0.1, estimator__n_estimators=500 
[CV]  estimator__max_depth=3, estimator__max_features=0.1, estimator__n_estimators=500, total=11.6min
[CV] estimator__max_depth=3, estimator__max_features=0.5, estimator__n_estimators=300 
[CV]  estimator__max_depth=3, estimator__max_features=0.5, estimator__n_estimators=300, total=34.0min
[CV] estimator__max_depth=3, estimator__max_features=sqrt, estimator__n_estimators=700 
[CV]  estimator__max_depth=3, estimator__max_features=sqrt, estimator__n_estimators=700, total=  45.5s
[CV] estimator__max_depth=3, estimator__max_features=sqrt, estimator__n_estimators=1000 
[CV]  estimator__max_depth=3, estimator__max_features=sqrt, estimator__n_estimators=1000, total= 1.0min
[CV] estimator__max_depth=3, estimator__max_features=log2, estimator__n_estimators=100 
[CV]  estimator__max_depth=3, estimator__max_features=log2, estimator__n_estimators=100, total=   4.2s
[CV] estimator__max_depth=3, estimator__max_features=log2, estimator__n_estimators=300 
[CV]  estimator__max_depth=3, estimator__max_features=log2, estimator__n_estimators=300, total=   9.0s
[CV] estimator__max_depth=3, estimator__max_features=log2, estimator__n_estimators=300 
[CV]  estimator__max_depth=3, estimator__max_features=log2, estimator__n_estimators=300, total=   9.0s
[CV] estimator__max_depth=3, estimator__max_features=log2, estimator__n_estimators=500 
[CV]  estimator__max_depth=3, estimator__max_features=log2, estimator__n_estimators=500, total=  13.3s
[CV] estimator__max_depth=3, estimator__max_features=log2, estimator__n_estimators=700 
[CV]  estimator__max_depth=3, estimator__max_features=log2, estimator__n_estimators=700, total=  16.8s
[CV] estimator__max_depth=3, estimator__max_features=log2, estimator__n_estimators=1000 
[CV]  estimator__max_depth=3, estimator__max_features=log2, estimator__n_estimators=1000, total=  23.2s
[CV] estimator__max_depth=5, estimator__max_features=0.1, estimator__n_estimators=100 
[CV]  estimator__max_depth=5, estimator__max_features=0.1, estimator__n_estimators=100, total= 4.8min
[CV] estimator__max_depth=5, estimator__max_features=0.1, estimator__n_estimators=300 
[CV]  estimator__max_depth=5, estimator__max_features=0.1, estimator__n_estimators=300, total=12.3min
[CV] estimator__max_depth=5, estimator__max_features=0.1, estimator__n_estimators=500 
[CV]  estimator__max_depth=5, estimator__max_features=0.1, estimator__n_estimators=500, total=20.5min
[CV] estimator__max_depth=5, estimator__max_features=0.1, estimator__n_estimators=1000 
[CV]  estimator__max_depth=5, estimator__max_features=0.1, estimator__n_estimators=1000, total=43.4min
[CV] estimator__max_depth=5, estimator__max_features=0.5, estimator__n_estimators=700 
[CV]  estimator__max_depth=5, estimator__max_features=0.5, estimator__n_estimators=700, total=134.7min
[CV] estimator__max_depth=10, estimator__max_features=0.5, estimator__n_estimators=100 
[CV]  estimator__max_depth=10, estimator__max_features=0.5, estimator__n_estimators=100, total=43.8min
[CV] estimator__max_depth=10, estimator__max_features=0.5, estimator__n_estimators=500 
[CV]  estimator__max_depth=10, estimator__max_features=0.5, estimator__n_estimators=500, total=220.6min
[CV] estimator__max_depth=3, estimator__max_features=0.1, estimator__n_estimators=500 
[CV]  estimator__max_depth=3, estimator__max_features=0.1, estimator__n_estimators=500, total=10.9min
[CV] estimator__max_depth=3, estimator__max_features=0.5, estimator__n_estimators=300 
[CV]  estimator__max_depth=3, estimator__max_features=0.5, estimator__n_estimators=300, total=32.5min
[CV] estimator__max_depth=3, estimator__max_features=sqrt, estimator__n_estimators=100 
[CV]  estimator__max_depth=3, estimator__max_features=sqrt, estimator__n_estimators=100, total=   7.5s
[CV] estimator__max_depth=3, estimator__max_features=sqrt, estimator__n_estimators=300 
[CV]  estimator__max_depth=3, estimator__max_features=sqrt, estimator__n_estimators=300, total=  19.3s
[CV] estimator__max_depth=3, estimator__max_features=sqrt, estimator__n_estimators=300 
[CV]  estimator__max_depth=3, estimator__max_features=sqrt, estimator__n_estimators=300, total=  19.1s
[CV] estimator__max_depth=3, estimator__max_features=sqrt, estimator__n_estimators=500 
[CV]  estimator__max_depth=3, estimator__max_features=sqrt, estimator__n_estimators=500, total=  30.1s
[CV] estimator__max_depth=3, estimator__max_features=sqrt, estimator__n_estimators=500 
[CV]  estimator__max_depth=3, estimator__max_features=sqrt, estimator__n_estimators=500, total=  31.4s
[CV] estimator__max_depth=3, estimator__max_features=sqrt, estimator__n_estimators=700 
[CV]  estimator__max_depth=3, estimator__max_features=sqrt, estimator__n_estimators=700, total=  41.4s
[CV] estimator__max_depth=3, estimator__max_features=sqrt, estimator__n_estimators=700 
[CV]  estimator__max_depth=3, estimator__max_features=sqrt, estimator__n_estimators=700, total=  41.2s
[CV] estimator__max_depth=3, estimator__max_features=sqrt, estimator__n_estimators=1000 
[CV]  estimator__max_depth=3, estimator__max_features=sqrt, estimator__n_estimators=1000, total=  59.1s
[CV] estimator__max_depth=3, estimator__max_features=log2, estimator__n_estimators=300 
[CV]  estimator__max_depth=3, estimator__max_features=log2, estimator__n_estimators=300, total=   8.1s
[CV] estimator__max_depth=3, estimator__max_features=log2, estimator__n_estimators=500 
[CV]  estimator__max_depth=3, estimator__max_features=log2, estimator__n_estimators=500, total=  12.3s
[CV] estimator__max_depth=3, estimator__max_features=log2, estimator__n_estimators=700 
[CV]  estimator__max_depth=3, estimator__max_features=log2, estimator__n_estimators=700, total=  16.4s
[CV] estimator__max_depth=3, estimator__max_features=log2, estimator__n_estimators=1000 
[CV]  estimator__max_depth=3, estimator__max_features=log2, estimator__n_estimators=1000, total=  22.6s
[CV] estimator__max_depth=5, estimator__max_features=0.1, estimator__n_estimators=100 
[CV]  estimator__max_depth=5, estimator__max_features=0.1, estimator__n_estimators=100, total= 4.0min
[CV] estimator__max_depth=5, estimator__max_features=0.1, estimator__n_estimators=300 
[CV]  estimator__max_depth=5, estimator__max_features=0.1, estimator__n_estimators=300, total=12.1min
[CV] estimator__max_depth=5, estimator__max_features=0.1, estimator__n_estimators=500 
[CV]  estimator__max_depth=5, estimator__max_features=0.1, estimator__n_estimators=500, total=20.0min
[CV] estimator__max_depth=5, estimator__max_features=0.1, estimator__n_estimators=1000 
[CV]  estimator__max_depth=5, estimator__max_features=0.1, estimator__n_estimators=1000, total=40.5min
[CV] estimator__max_depth=5, estimator__max_features=0.5, estimator__n_estimators=700 
[CV]  estimator__max_depth=5, estimator__max_features=0.5, estimator__n_estimators=700, total=139.1min
[CV] estimator__max_depth=10, estimator__max_features=0.5, estimator__n_estimators=100 
[CV]  estimator__max_depth=10, estimator__max_features=0.5, estimator__n_estimators=100, total=44.4min
[CV] estimator__max_depth=10, estimator__max_features=0.5, estimator__n_estimators=500 
[CV]  estimator__max_depth=10, estimator__max_features=0.5, estimator__n_estimators=500, total=220.0min
[CV] estimator__max_depth=3, estimator__max_features=0.1, estimator__n_estimators=500 
[CV]  estimator__max_depth=3, estimator__max_features=0.1, estimator__n_estimators=500, total=11.6min
[CV] estimator__max_depth=3, estimator__max_features=0.5, estimator__n_estimators=300 
[CV]  estimator__max_depth=3, estimator__max_features=0.5, estimator__n_estimators=300, total=33.6min
[CV] estimator__max_depth=3, estimator__max_features=sqrt, estimator__n_estimators=500 
[CV]  estimator__max_depth=3, estimator__max_features=sqrt, estimator__n_estimators=500, total=  31.7s
[CV] estimator__max_depth=3, estimator__max_features=sqrt, estimator__n_estimators=700 
[CV]  estimator__max_depth=3, estimator__max_features=sqrt, estimator__n_estimators=700, total=  44.3s
[CV] estimator__max_depth=3, estimator__max_features=sqrt, estimator__n_estimators=1000 
[CV]  estimator__max_depth=3, estimator__max_features=sqrt, estimator__n_estimators=1000, total= 1.1min
[CV] estimator__max_depth=3, estimator__max_features=log2, estimator__n_estimators=300 
[CV]  estimator__max_depth=3, estimator__max_features=log2, estimator__n_estimators=300, total=   8.4s
[CV] estimator__max_depth=3, estimator__max_features=log2, estimator__n_estimators=500 
[CV]  estimator__max_depth=3, estimator__max_features=log2, estimator__n_estimators=500, total=  12.7s
[CV] estimator__max_depth=3, estimator__max_features=log2, estimator__n_estimators=700 
[CV]  estimator__max_depth=3, estimator__max_features=log2, estimator__n_estimators=700, total=  17.6s
[CV] estimator__max_depth=3, estimator__max_features=log2, estimator__n_estimators=1000 
[CV]  estimator__max_depth=3, estimator__max_features=log2, estimator__n_estimators=1000, total=  28.1s
[CV] estimator__max_depth=5, estimator__max_features=0.1, estimator__n_estimators=100 
[CV]  estimator__max_depth=5, estimator__max_features=0.1, estimator__n_estimators=100, total= 4.3min
[CV] estimator__max_depth=5, estimator__max_features=0.1, estimator__n_estimators=300 
[CV]  estimator__max_depth=5, estimator__max_features=0.1, estimator__n_estimators=300, total=12.8min
[CV] estimator__max_depth=5, estimator__max_features=0.1, estimator__n_estimators=500 
[CV]  estimator__max_depth=5, estimator__max_features=0.1, estimator__n_estimators=500, total=21.0min
[CV] estimator__max_depth=5, estimator__max_features=0.1, estimator__n_estimators=1000 
[CV]  estimator__max_depth=5, estimator__max_features=0.1, estimator__n_estimators=1000, total=41.0min
[CV] estimator__max_depth=5, estimator__max_features=0.5, estimator__n_estimators=700 
[CV]  estimator__max_depth=5, estimator__max_features=0.5, estimator__n_estimators=700, total=144.2min
[CV] estimator__max_depth=10, estimator__max_features=0.5, estimator__n_estimators=100 
[CV]  estimator__max_depth=10, estimator__max_features=0.5, estimator__n_estimators=100, total=43.4min
[CV] estimator__max_depth=10, estimator__max_features=0.5, estimator__n_estimators=500 
[CV]  estimator__max_depth=10, estimator__max_features=0.5, estimator__n_estimators=500, total=218.6min
[CV] estimator__max_depth=3, estimator__max_features=0.1, estimator__n_estimators=500 
[CV]  estimator__max_depth=3, estimator__max_features=0.1, estimator__n_estimators=500, total=10.7min
[CV] estimator__max_depth=3, estimator__max_features=0.5, estimator__n_estimators=300 
[CV]  estimator__max_depth=3, estimator__max_features=0.5, estimator__n_estimators=300, total=32.2min
[CV] estimator__max_depth=3, estimator__max_features=sqrt, estimator__n_estimators=100 
[CV]  estimator__max_depth=3, estimator__max_features=sqrt, estimator__n_estimators=100, total=   7.6s
[CV] estimator__max_depth=3, estimator__max_features=sqrt, estimator__n_estimators=100 
[CV]  estimator__max_depth=3, estimator__max_features=sqrt, estimator__n_estimators=100, total=   7.6s
[CV] estimator__max_depth=3, estimator__max_features=sqrt, estimator__n_estimators=100 
[CV]  estimator__max_depth=3, estimator__max_features=sqrt, estimator__n_estimators=100, total=   7.7s
[CV] estimator__max_depth=3, estimator__max_features=sqrt, estimator__n_estimators=100 
[CV]  estimator__max_depth=3, estimator__max_features=sqrt, estimator__n_estimators=100, total=   8.1s
[CV] estimator__max_depth=3, estimator__max_features=sqrt, estimator__n_estimators=300 
[CV]  estimator__max_depth=3, estimator__max_features=sqrt, estimator__n_estimators=300, total=  19.4s
[CV] estimator__max_depth=3, estimator__max_features=sqrt, estimator__n_estimators=300 
[CV]  estimator__max_depth=3, estimator__max_features=sqrt, estimator__n_estimators=300, total=  21.8s
[CV] estimator__max_depth=3, estimator__max_features=sqrt, estimator__n_estimators=300 
[CV]  estimator__max_depth=3, estimator__max_features=sqrt, estimator__n_estimators=300, total=  19.6s
[CV] estimator__max_depth=3, estimator__max_features=sqrt, estimator__n_estimators=500 
[CV]  estimator__max_depth=3, estimator__max_features=sqrt, estimator__n_estimators=500, total=  32.4s
[CV] estimator__max_depth=3, estimator__max_features=sqrt, estimator__n_estimators=500 
[CV]  estimator__max_depth=3, estimator__max_features=sqrt, estimator__n_estimators=500, total=  30.7s
[CV] estimator__max_depth=3, estimator__max_features=sqrt, estimator__n_estimators=700 
[CV]  estimator__max_depth=3, estimator__max_features=sqrt, estimator__n_estimators=700, total=  42.3s
[CV] estimator__max_depth=3, estimator__max_features=sqrt, estimator__n_estimators=1000 
[CV]  estimator__max_depth=3, estimator__max_features=sqrt, estimator__n_estimators=1000, total=  58.7s
[CV] estimator__max_depth=3, estimator__max_features=log2, estimator__n_estimators=100 
[CV]  estimator__max_depth=3, estimator__max_features=log2, estimator__n_estimators=100, total=   3.9s
[CV] estimator__max_depth=3, estimator__max_features=log2, estimator__n_estimators=100 
[CV]  estimator__max_depth=3, estimator__max_features=log2, estimator__n_estimators=100, total=   4.0s
[CV] estimator__max_depth=3, estimator__max_features=log2, estimator__n_estimators=100 
[CV]  estimator__max_depth=3, estimator__max_features=log2, estimator__n_estimators=100, total=   3.9s
[CV] estimator__max_depth=3, estimator__max_features=log2, estimator__n_estimators=100 
[CV]  estimator__max_depth=3, estimator__max_features=log2, estimator__n_estimators=100, total=   4.0s
[CV] estimator__max_depth=3, estimator__max_features=log2, estimator__n_estimators=300 
[CV]  estimator__max_depth=3, estimator__max_features=log2, estimator__n_estimators=300, total=   8.1s
[CV] estimator__max_depth=3, estimator__max_features=log2, estimator__n_estimators=500 
[CV]  estimator__max_depth=3, estimator__max_features=log2, estimator__n_estimators=500, total=  12.2s
[CV] estimator__max_depth=3, estimator__max_features=log2, estimator__n_estimators=700 
[CV]  estimator__max_depth=3, estimator__max_features=log2, estimator__n_estimators=700, total=  16.3s
[CV] estimator__max_depth=3, estimator__max_features=log2, estimator__n_estimators=1000 
[CV]  estimator__max_depth=3, estimator__max_features=log2, estimator__n_estimators=1000, total=  23.1s
[CV] estimator__max_depth=5, estimator__max_features=0.1, estimator__n_estimators=100 
[CV]  estimator__max_depth=5, estimator__max_features=0.1, estimator__n_estimators=100, total= 3.9min
[CV] estimator__max_depth=5, estimator__max_features=0.1, estimator__n_estimators=300 
[CV]  estimator__max_depth=5, estimator__max_features=0.1, estimator__n_estimators=300, total=11.8min
[CV] estimator__max_depth=5, estimator__max_features=0.1, estimator__n_estimators=500 
[CV]  estimator__max_depth=5, estimator__max_features=0.1, estimator__n_estimators=500, total=19.7min
[CV] estimator__max_depth=5, estimator__max_features=0.1, estimator__n_estimators=1000 
[CV]  estimator__max_depth=5, estimator__max_features=0.1, estimator__n_estimators=1000, total=40.5min
[CV] estimator__max_depth=5, estimator__max_features=0.5, estimator__n_estimators=700 
[CV]  estimator__max_depth=5, estimator__max_features=0.5, estimator__n_estimators=700, total=141.3min
[CV] estimator__max_depth=10, estimator__max_features=0.5, estimator__n_estimators=100 
[CV]  estimator__max_depth=10, estimator__max_features=0.5, estimator__n_estimators=100, total=48.3min
[CV] estimator__max_depth=10, estimator__max_features=0.5, estimator__n_estimators=500 
[CV]  estimator__max_depth=10, estimator__max_features=0.5, estimator__n_estimators=500, total=239.2min
[CV] estimator__max_depth=3, estimator__max_features=0.1, estimator__n_estimators=100 
[CV]  estimator__max_depth=3, estimator__max_features=0.1, estimator__n_estimators=100, total= 2.2min
[CV] estimator__max_depth=3, estimator__max_features=0.1, estimator__n_estimators=1000 
[CV]  estimator__max_depth=3, estimator__max_features=0.1, estimator__n_estimators=1000, total=21.5min
[CV] estimator__max_depth=3, estimator__max_features=0.5, estimator__n_estimators=1000 
[CV]  estimator__max_depth=3, estimator__max_features=0.5, estimator__n_estimators=1000, total=110.4min
[CV] estimator__max_depth=5, estimator__max_features=0.5, estimator__n_estimators=1000 
[CV]  estimator__max_depth=5, estimator__max_features=0.5, estimator__n_estimators=1000, total=197.0min
[CV] estimator__max_depth=10, estimator__max_features=0.5, estimator__n_estimators=700 
[CV]  estimator__max_depth=10, estimator__max_features=0.5, estimator__n_estimators=700, total=306.4min
[CV] estimator__max_depth=3, estimator__max_features=0.1, estimator__n_estimators=100 
[CV]  estimator__max_depth=3, estimator__max_features=0.1, estimator__n_estimators=100, total= 2.3min
[CV] estimator__max_depth=3, estimator__max_features=0.1, estimator__n_estimators=1000 
[CV]  estimator__max_depth=3, estimator__max_features=0.1, estimator__n_estimators=1000, total=21.4min
[CV] estimator__max_depth=3, estimator__max_features=0.5, estimator__n_estimators=1000 
[CV]  estimator__max_depth=3, estimator__max_features=0.5, estimator__n_estimators=1000, total=107.8min
[CV] estimator__max_depth=5, estimator__max_features=0.5, estimator__n_estimators=1000 
[CV]  estimator__max_depth=5, estimator__max_features=0.5, estimator__n_estimators=1000, total=201.5min
[CV] estimator__max_depth=10, estimator__max_features=0.5, estimator__n_estimators=700 
[CV]  estimator__max_depth=10, estimator__max_features=0.5, estimator__n_estimators=700, total=306.5min
[CV] estimator__max_depth=3, estimator__max_features=0.1, estimator__n_estimators=100 
[CV]  estimator__max_depth=3, estimator__max_features=0.1, estimator__n_estimators=100, total= 2.3min
[CV] estimator__max_depth=3, estimator__max_features=0.1, estimator__n_estimators=1000 
[CV]  estimator__max_depth=3, estimator__max_features=0.1, estimator__n_estimators=1000, total=23.1min
[CV] estimator__max_depth=3, estimator__max_features=0.5, estimator__n_estimators=1000 
[CV]  estimator__max_depth=3, estimator__max_features=0.5, estimator__n_estimators=1000, total=119.9min
[CV] estimator__max_depth=5, estimator__max_features=0.5, estimator__n_estimators=1000 
[CV]  estimator__max_depth=5, estimator__max_features=0.5, estimator__n_estimators=1000, total=198.8min
[CV] estimator__max_depth=10, estimator__max_features=0.5, estimator__n_estimators=700 
[CV]  estimator__max_depth=10, estimator__max_features=0.5, estimator__n_estimators=700, total=304.1min
[CV] estimator__max_depth=3, estimator__max_features=0.1, estimator__n_estimators=300 
[CV]  estimator__max_depth=3, estimator__max_features=0.1, estimator__n_estimators=300, total= 6.9min
[CV] estimator__max_depth=3, estimator__max_features=0.5, estimator__n_estimators=100 
[CV]  estimator__max_depth=3, estimator__max_features=0.5, estimator__n_estimators=100, total=11.3min
[CV] estimator__max_depth=3, estimator__max_features=0.5, estimator__n_estimators=700 
[CV]  estimator__max_depth=3, estimator__max_features=0.5, estimator__n_estimators=700, total=83.8min
[CV] estimator__max_depth=5, estimator__max_features=0.5, estimator__n_estimators=300 
[CV]  estimator__max_depth=5, estimator__max_features=0.5, estimator__n_estimators=300, total=64.8min
[CV] estimator__max_depth=5, estimator__max_features=sqrt, estimator__n_estimators=1000 
[CV]  estimator__max_depth=5, estimator__max_features=sqrt, estimator__n_estimators=1000, total= 1.6min
[CV] estimator__max_depth=5, estimator__max_features=log2, estimator__n_estimators=500 
[CV]  estimator__max_depth=5, estimator__max_features=log2, estimator__n_estimators=500, total=  13.9s
[CV] estimator__max_depth=5, estimator__max_features=log2, estimator__n_estimators=700 
[CV]  estimator__max_depth=5, estimator__max_features=log2, estimator__n_estimators=700, total=  19.3s
[CV] estimator__max_depth=5, estimator__max_features=log2, estimator__n_estimators=1000 
[CV]  estimator__max_depth=5, estimator__max_features=log2, estimator__n_estimators=1000, total=  31.0s
[CV] estimator__max_depth=10, estimator__max_features=0.1, estimator__n_estimators=100 
[CV]  estimator__max_depth=10, estimator__max_features=0.1, estimator__n_estimators=100, total= 9.6min
[CV] estimator__max_depth=10, estimator__max_features=0.1, estimator__n_estimators=300 
[CV]  estimator__max_depth=10, estimator__max_features=0.1, estimator__n_estimators=300, total=27.8min
[CV] estimator__max_depth=10, estimator__max_features=0.1, estimator__n_estimators=500 
[CV]  estimator__max_depth=10, estimator__max_features=0.1, estimator__n_estimators=500, total=46.5min
[CV] estimator__max_depth=10, estimator__max_features=0.1, estimator__n_estimators=1000 
[CV]  estimator__max_depth=10, estimator__max_features=0.1, estimator__n_estimators=1000, total=95.8min
[CV] estimator__max_depth=10, estimator__max_features=0.5, estimator__n_estimators=700 
[CV]  estimator__max_depth=10, estimator__max_features=0.5, estimator__n_estimators=700, total=301.4min
[CV] estimator__max_depth=3, estimator__max_features=0.1, estimator__n_estimators=100 
[CV]  estimator__max_depth=3, estimator__max_features=0.1, estimator__n_estimators=100, total= 2.3min
[CV] estimator__max_depth=3, estimator__max_features=0.1, estimator__n_estimators=1000 
[CV]  estimator__max_depth=3, estimator__max_features=0.1, estimator__n_estimators=1000, total=23.1min
[CV] estimator__max_depth=3, estimator__max_features=0.5, estimator__n_estimators=1000 
[CV]  estimator__max_depth=3, estimator__max_features=0.5, estimator__n_estimators=1000, total=113.5min
[CV] estimator__max_depth=5, estimator__max_features=0.5, estimator__n_estimators=1000 
[CV]  estimator__max_depth=5, estimator__max_features=0.5, estimator__n_estimators=1000, total=204.4min
[CV] estimator__max_depth=10, estimator__max_features=0.5, estimator__n_estimators=700 
[CV]  estimator__max_depth=10, estimator__max_features=0.5, estimator__n_estimators=700, total=330.0min
[CV] estimator__max_depth=3, estimator__max_features=0.1, estimator__n_estimators=100 
[CV]  estimator__max_depth=3, estimator__max_features=0.1, estimator__n_estimators=100, total= 2.3min
[CV] estimator__max_depth=3, estimator__max_features=0.1, estimator__n_estimators=1000 
[CV]  estimator__max_depth=3, estimator__max_features=0.1, estimator__n_estimators=1000, total=24.4min
[CV] estimator__max_depth=3, estimator__max_features=0.5, estimator__n_estimators=1000 
[CV]  estimator__max_depth=3, estimator__max_features=0.5, estimator__n_estimators=1000, total=110.8min
[CV] estimator__max_depth=5, estimator__max_features=0.5, estimator__n_estimators=1000 
[CV]  estimator__max_depth=5, estimator__max_features=0.5, estimator__n_estimators=1000, total=213.6min
[CV] estimator__max_depth=10, estimator__max_features=0.5, estimator__n_estimators=1000 
[CV]  estimator__max_depth=10, estimator__max_features=0.5, estimator__n_estimators=1000, total=427.2min
[CV] estimator__max_depth=3, estimator__max_features=0.1, estimator__n_estimators=700 
[CV]  estimator__max_depth=3, estimator__max_features=0.1, estimator__n_estimators=700, total=15.9min
[CV] estimator__max_depth=3, estimator__max_features=0.5, estimator__n_estimators=500 
[CV]  estimator__max_depth=3, estimator__max_features=0.5, estimator__n_estimators=500, total=56.6min
[CV] estimator__max_depth=5, estimator__max_features=0.1, estimator__n_estimators=700 
[CV]  estimator__max_depth=5, estimator__max_features=0.1, estimator__n_estimators=700, total=29.4min
[CV] estimator__max_depth=5, estimator__max_features=0.5, estimator__n_estimators=300 
[CV]  estimator__max_depth=5, estimator__max_features=0.5, estimator__n_estimators=300, total=61.4min
[CV] estimator__max_depth=5, estimator__max_features=sqrt, estimator__n_estimators=300 
[CV]  estimator__max_depth=5, estimator__max_features=sqrt, estimator__n_estimators=300, total=  31.4s
[CV] estimator__max_depth=5, estimator__max_features=sqrt, estimator__n_estimators=300 
[CV]  estimator__max_depth=5, estimator__max_features=sqrt, estimator__n_estimators=300, total=  29.3s
[CV] estimator__max_depth=5, estimator__max_features=sqrt, estimator__n_estimators=500 
[CV]  estimator__max_depth=5, estimator__max_features=sqrt, estimator__n_estimators=500, total=  50.6s
[CV] estimator__max_depth=5, estimator__max_features=sqrt, estimator__n_estimators=700 
[CV]  estimator__max_depth=5, estimator__max_features=sqrt, estimator__n_estimators=700, total= 1.1min
[CV] estimator__max_depth=5, estimator__max_features=sqrt, estimator__n_estimators=1000 
[CV]  estimator__max_depth=5, estimator__max_features=sqrt, estimator__n_estimators=1000, total= 1.6min
[CV] estimator__max_depth=5, estimator__max_features=log2, estimator__n_estimators=100 
[CV]  estimator__max_depth=5, estimator__max_features=log2, estimator__n_estimators=100, total=   4.2s
[CV] estimator__max_depth=5, estimator__max_features=log2, estimator__n_estimators=100 
[CV]  estimator__max_depth=5, estimator__max_features=log2, estimator__n_estimators=100, total=   4.3s
[CV] estimator__max_depth=5, estimator__max_features=log2, estimator__n_estimators=100 
[CV]  estimator__max_depth=5, estimator__max_features=log2, estimator__n_estimators=100, total=   4.2s
[CV] estimator__max_depth=5, estimator__max_features=log2, estimator__n_estimators=100 
[CV]  estimator__max_depth=5, estimator__max_features=log2, estimator__n_estimators=100, total=   4.3s
[CV] estimator__max_depth=5, estimator__max_features=log2, estimator__n_estimators=100 
[CV]  estimator__max_depth=5, estimator__max_features=log2, estimator__n_estimators=100, total=   4.2s
[CV] estimator__max_depth=5, estimator__max_features=log2, estimator__n_estimators=300 
[CV]  estimator__max_depth=5, estimator__max_features=log2, estimator__n_estimators=300, total=   9.3s
[CV] estimator__max_depth=5, estimator__max_features=log2, estimator__n_estimators=300 
[CV]  estimator__max_depth=5, estimator__max_features=log2, estimator__n_estimators=300, total=   8.9s
[CV] estimator__max_depth=5, estimator__max_features=log2, estimator__n_estimators=500 
[CV]  estimator__max_depth=5, estimator__max_features=log2, estimator__n_estimators=500, total=  13.6s
[CV] estimator__max_depth=5, estimator__max_features=log2, estimator__n_estimators=700 
[CV]  estimator__max_depth=5, estimator__max_features=log2, estimator__n_estimators=700, total=  18.1s
[CV] estimator__max_depth=5, estimator__max_features=log2, estimator__n_estimators=1000 
[CV]  estimator__max_depth=5, estimator__max_features=log2, estimator__n_estimators=1000, total=  25.4s
[CV] estimator__max_depth=10, estimator__max_features=0.1, estimator__n_estimators=100 
[CV]  estimator__max_depth=10, estimator__max_features=0.1, estimator__n_estimators=100, total= 9.5min
[CV] estimator__max_depth=10, estimator__max_features=0.1, estimator__n_estimators=300 
[CV]  estimator__max_depth=10, estimator__max_features=0.1, estimator__n_estimators=300, total=28.4min
[CV] estimator__max_depth=10, estimator__max_features=0.1, estimator__n_estimators=500 
[CV]  estimator__max_depth=10, estimator__max_features=0.1, estimator__n_estimators=500, total=47.4min
[CV] estimator__max_depth=10, estimator__max_features=0.1, estimator__n_estimators=1000 
[CV]  estimator__max_depth=10, estimator__max_features=0.1, estimator__n_estimators=1000, total=95.2min
[CV] estimator__max_depth=10, estimator__max_features=0.5, estimator__n_estimators=1000 
[CV]  estimator__max_depth=10, estimator__max_features=0.5, estimator__n_estimators=1000, total=433.8min
[CV] estimator__max_depth=3, estimator__max_features=0.1, estimator__n_estimators=700 
[CV]  estimator__max_depth=3, estimator__max_features=0.1, estimator__n_estimators=700, total=16.0min
[CV] estimator__max_depth=3, estimator__max_features=0.5, estimator__n_estimators=500 
[CV]  estimator__max_depth=3, estimator__max_features=0.5, estimator__n_estimators=500, total=59.9min
[CV] estimator__max_depth=5, estimator__max_features=0.1, estimator__n_estimators=700 
[CV]  estimator__max_depth=5, estimator__max_features=0.1, estimator__n_estimators=700, total=28.6min
[CV] estimator__max_depth=5, estimator__max_features=0.5, estimator__n_estimators=300 
[CV]  estimator__max_depth=5, estimator__max_features=0.5, estimator__n_estimators=300, total=60.0min
[CV] estimator__max_depth=5, estimator__max_features=sqrt, estimator__n_estimators=500 
[CV]  estimator__max_depth=5, estimator__max_features=sqrt, estimator__n_estimators=500, total=  48.0s
[CV] estimator__max_depth=5, estimator__max_features=sqrt, estimator__n_estimators=700 
[CV]  estimator__max_depth=5, estimator__max_features=sqrt, estimator__n_estimators=700, total= 1.2min
[CV] estimator__max_depth=5, estimator__max_features=sqrt, estimator__n_estimators=1000 
[CV]  estimator__max_depth=5, estimator__max_features=sqrt, estimator__n_estimators=1000, total= 1.6min
[CV] estimator__max_depth=5, estimator__max_features=log2, estimator__n_estimators=300 
[CV]  estimator__max_depth=5, estimator__max_features=log2, estimator__n_estimators=300, total=   8.9s
[CV] estimator__max_depth=5, estimator__max_features=log2, estimator__n_estimators=300 
[CV]  estimator__max_depth=5, estimator__max_features=log2, estimator__n_estimators=300, total=   9.0s
[CV] estimator__max_depth=5, estimator__max_features=log2, estimator__n_estimators=300 
[CV]  estimator__max_depth=5, estimator__max_features=log2, estimator__n_estimators=300, total=   8.9s
[CV] estimator__max_depth=5, estimator__max_features=log2, estimator__n_estimators=500 
[CV]  estimator__max_depth=5, estimator__max_features=log2, estimator__n_estimators=500, total=  13.6s
[CV] estimator__max_depth=5, estimator__max_features=log2, estimator__n_estimators=700 
[CV]  estimator__max_depth=5, estimator__max_features=log2, estimator__n_estimators=700, total=  18.3s
[CV] estimator__max_depth=5, estimator__max_features=log2, estimator__n_estimators=1000 
[CV]  estimator__max_depth=5, estimator__max_features=log2, estimator__n_estimators=1000, total=  25.7s
[CV] estimator__max_depth=10, estimator__max_features=0.1, estimator__n_estimators=100 
[CV]  estimator__max_depth=10, estimator__max_features=0.1, estimator__n_estimators=100, total=10.2min
[CV] estimator__max_depth=10, estimator__max_features=0.1, estimator__n_estimators=300 
[CV]  estimator__max_depth=10, estimator__max_features=0.1, estimator__n_estimators=300, total=28.4min
[CV] estimator__max_depth=10, estimator__max_features=0.1, estimator__n_estimators=500 
[CV]  estimator__max_depth=10, estimator__max_features=0.1, estimator__n_estimators=500, total=48.3min
[CV] estimator__max_depth=10, estimator__max_features=0.1, estimator__n_estimators=1000 
[CV]  estimator__max_depth=10, estimator__max_features=0.1, estimator__n_estimators=1000, total=103.9min
[CV] estimator__max_depth=10, estimator__max_features=0.5, estimator__n_estimators=1000 
[CV]  estimator__max_depth=10, estimator__max_features=0.5, estimator__n_estimators=1000, total=424.0min
[CV] estimator__max_depth=3, estimator__max_features=0.1, estimator__n_estimators=300 
[CV]  estimator__max_depth=3, estimator__max_features=0.1, estimator__n_estimators=300, total= 6.5min
[CV] estimator__max_depth=3, estimator__max_features=0.5, estimator__n_estimators=100 
[CV]  estimator__max_depth=3, estimator__max_features=0.5, estimator__n_estimators=100, total=10.6min
[CV] estimator__max_depth=3, estimator__max_features=0.5, estimator__n_estimators=700 
[CV]  estimator__max_depth=3, estimator__max_features=0.5, estimator__n_estimators=700, total=74.4min
[CV] estimator__max_depth=5, estimator__max_features=0.5, estimator__n_estimators=100 
[CV]  estimator__max_depth=5, estimator__max_features=0.5, estimator__n_estimators=100, total=19.4min
[CV] estimator__max_depth=5, estimator__max_features=0.5, estimator__n_estimators=500 
[CV]  estimator__max_depth=5, estimator__max_features=0.5, estimator__n_estimators=500, total=98.9min
[CV] estimator__max_depth=10, estimator__max_features=0.1, estimator__n_estimators=500 
[CV]  estimator__max_depth=10, estimator__max_features=0.1, estimator__n_estimators=500, total=47.6min
[CV] estimator__max_depth=10, estimator__max_features=0.1, estimator__n_estimators=1000 
[CV]  estimator__max_depth=10, estimator__max_features=0.1, estimator__n_estimators=1000, total=96.6min
[CV] estimator__max_depth=10, estimator__max_features=0.5, estimator__n_estimators=1000 
[CV]  estimator__max_depth=10, estimator__max_features=0.5, estimator__n_estimators=1000, total=441.1min
[CV] estimator__max_depth=3, estimator__max_features=0.1, estimator__n_estimators=700 
[CV]  estimator__max_depth=3, estimator__max_features=0.1, estimator__n_estimators=700, total=16.1min
[CV] estimator__max_depth=3, estimator__max_features=0.5, estimator__n_estimators=500 
[CV]  estimator__max_depth=3, estimator__max_features=0.5, estimator__n_estimators=500, total=56.1min
[CV] estimator__max_depth=5, estimator__max_features=0.1, estimator__n_estimators=700 
[CV]  estimator__max_depth=5, estimator__max_features=0.1, estimator__n_estimators=700, total=30.9min
[CV] estimator__max_depth=5, estimator__max_features=0.5, estimator__n_estimators=300 
[CV]  estimator__max_depth=5, estimator__max_features=0.5, estimator__n_estimators=300, total=61.0min
[CV] estimator__max_depth=5, estimator__max_features=sqrt, estimator__n_estimators=500 
[CV]  estimator__max_depth=5, estimator__max_features=sqrt, estimator__n_estimators=500, total=  48.5s
[CV] estimator__max_depth=5, estimator__max_features=sqrt, estimator__n_estimators=700 
[CV]  estimator__max_depth=5, estimator__max_features=sqrt, estimator__n_estimators=700, total= 1.1min
[CV] estimator__max_depth=5, estimator__max_features=sqrt, estimator__n_estimators=700 
[CV]  estimator__max_depth=5, estimator__max_features=sqrt, estimator__n_estimators=700, total= 1.1min
[CV] estimator__max_depth=5, estimator__max_features=sqrt, estimator__n_estimators=1000 
[CV]  estimator__max_depth=5, estimator__max_features=sqrt, estimator__n_estimators=1000, total= 1.6min
[CV] estimator__max_depth=5, estimator__max_features=log2, estimator__n_estimators=700 
[CV]  estimator__max_depth=5, estimator__max_features=log2, estimator__n_estimators=700, total=  18.5s
[CV] estimator__max_depth=5, estimator__max_features=log2, estimator__n_estimators=1000 
[CV]  estimator__max_depth=5, estimator__max_features=log2, estimator__n_estimators=1000, total=  25.5s
[CV] estimator__max_depth=10, estimator__max_features=0.1, estimator__n_estimators=100 
[CV]  estimator__max_depth=10, estimator__max_features=0.1, estimator__n_estimators=100, total= 9.5min
[CV] estimator__max_depth=10, estimator__max_features=0.1, estimator__n_estimators=300 
[CV]  estimator__max_depth=10, estimator__max_features=0.1, estimator__n_estimators=300, total=28.6min
[CV] estimator__max_depth=10, estimator__max_features=0.1, estimator__n_estimators=500 
[CV]  estimator__max_depth=10, estimator__max_features=0.1, estimator__n_estimators=500, total=51.2min
[CV] estimator__max_depth=10, estimator__max_features=0.1, estimator__n_estimators=1000 
[CV]  estimator__max_depth=10, estimator__max_features=0.1, estimator__n_estimators=1000, total=94.4min
[CV] estimator__max_depth=10, estimator__max_features=0.5, estimator__n_estimators=1000 
[CV]  estimator__max_depth=10, estimator__max_features=0.5, estimator__n_estimators=1000, total=465.7min
Round 2 of 10
Fitting 5 folds for each of 60 candidates, totalling 300 fits
[Parallel(n_jobs=-1)]: Done   1 tasks      | elapsed:  2.9min
[Parallel(n_jobs=-1)]: Done 122 tasks      | elapsed: 125.9min
[Parallel(n_jobs=-1)]: Done 300 out of 300 | elapsed: 819.7min finished
[Parallel(n_jobs=-1)]: Using backend LokyBackend with 20 concurrent workers.
[CV] estimator__max_depth=3, estimator__max_features=0.1, estimator__n_estimators=700 
[CV]  estimator__max_depth=3, estimator__max_features=0.1, estimator__n_estimators=700, total=15.4min
[CV] estimator__max_depth=3, estimator__max_features=0.5, estimator__n_estimators=500 
[CV]  estimator__max_depth=3, estimator__max_features=0.5, estimator__n_estimators=500, total=53.1min
[CV] estimator__max_depth=5, estimator__max_features=0.1, estimator__n_estimators=700 
[CV]  estimator__max_depth=5, estimator__max_features=0.1, estimator__n_estimators=700, total=30.5min
[CV] estimator__max_depth=5, estimator__max_features=0.5, estimator__n_estimators=100 
[CV]  estimator__max_depth=5, estimator__max_features=0.5, estimator__n_estimators=100, total=20.2min
[CV] estimator__max_depth=5, estimator__max_features=0.5, estimator__n_estimators=500 
[CV]  estimator__max_depth=5, estimator__max_features=0.5, estimator__n_estimators=500, total=103.8min
[CV] estimator__max_depth=10, estimator__max_features=0.1, estimator__n_estimators=700 
[CV]  estimator__max_depth=10, estimator__max_features=0.1, estimator__n_estimators=700, total=65.5min
[CV] estimator__max_depth=10, estimator__max_features=0.5, estimator__n_estimators=300 
[CV]  estimator__max_depth=10, estimator__max_features=0.5, estimator__n_estimators=300, total=140.4min
[CV] estimator__max_depth=10, estimator__max_features=sqrt, estimator__n_estimators=1000 
[CV]  estimator__max_depth=10, estimator__max_features=sqrt, estimator__n_estimators=1000, total= 3.0min
[CV] estimator__max_depth=10, estimator__max_features=log2, estimator__n_estimators=1000 
[CV]  estimator__max_depth=10, estimator__max_features=log2, estimator__n_estimators=1000, total=  31.2s
[CV] estimator__max_depth=3, estimator__max_features=0.1, estimator__n_estimators=300 
[CV]  estimator__max_depth=3, estimator__max_features=0.1, estimator__n_estimators=300, total= 6.9min
[CV] estimator__max_depth=3, estimator__max_features=0.5, estimator__n_estimators=100 
[CV]  estimator__max_depth=3, estimator__max_features=0.5, estimator__n_estimators=100, total=12.0min
[CV] estimator__max_depth=3, estimator__max_features=0.5, estimator__n_estimators=700 
[CV]  estimator__max_depth=3, estimator__max_features=0.5, estimator__n_estimators=700, total=77.6min
[CV] estimator__max_depth=5, estimator__max_features=0.5, estimator__n_estimators=100 
[CV]  estimator__max_depth=5, estimator__max_features=0.5, estimator__n_estimators=100, total=21.7min
[CV] estimator__max_depth=5, estimator__max_features=0.5, estimator__n_estimators=500 
[CV]  estimator__max_depth=5, estimator__max_features=0.5, estimator__n_estimators=500, total=108.0min
[CV] estimator__max_depth=10, estimator__max_features=0.1, estimator__n_estimators=700 
[CV]  estimator__max_depth=10, estimator__max_features=0.1, estimator__n_estimators=700, total=67.7min
[CV] estimator__max_depth=10, estimator__max_features=0.5, estimator__n_estimators=300 
[CV]  estimator__max_depth=10, estimator__max_features=0.5, estimator__n_estimators=300, total=131.9min
[CV] estimator__max_depth=10, estimator__max_features=sqrt, estimator__n_estimators=700 
[CV]  estimator__max_depth=10, estimator__max_features=sqrt, estimator__n_estimators=700, total= 2.1min
[CV] estimator__max_depth=10, estimator__max_features=sqrt, estimator__n_estimators=1000 
[CV]  estimator__max_depth=10, estimator__max_features=sqrt, estimator__n_estimators=1000, total= 3.3min
[CV] estimator__max_depth=10, estimator__max_features=log2, estimator__n_estimators=500 
[CV]  estimator__max_depth=10, estimator__max_features=log2, estimator__n_estimators=500, total=  16.6s
[CV] estimator__max_depth=10, estimator__max_features=log2, estimator__n_estimators=500 
[CV]  estimator__max_depth=10, estimator__max_features=log2, estimator__n_estimators=500, total=  16.7s
[CV] estimator__max_depth=10, estimator__max_features=log2, estimator__n_estimators=700 
[CV]  estimator__max_depth=10, estimator__max_features=log2, estimator__n_estimators=700, total=  23.1s
[CV] estimator__max_depth=10, estimator__max_features=log2, estimator__n_estimators=1000 
[CV]  estimator__max_depth=10, estimator__max_features=log2, estimator__n_estimators=1000, total=  39.2s
[CV] estimator__max_depth=3, estimator__max_features=0.1, estimator__n_estimators=300 
[CV]  estimator__max_depth=3, estimator__max_features=0.1, estimator__n_estimators=300, total= 6.5min
[CV] estimator__max_depth=3, estimator__max_features=0.5, estimator__n_estimators=100 
[CV]  estimator__max_depth=3, estimator__max_features=0.5, estimator__n_estimators=100, total=10.7min
[CV] estimator__max_depth=3, estimator__max_features=0.5, estimator__n_estimators=700 
[CV]  estimator__max_depth=3, estimator__max_features=0.5, estimator__n_estimators=700, total=77.8min
[CV] estimator__max_depth=5, estimator__max_features=0.5, estimator__n_estimators=100 
[CV]  estimator__max_depth=5, estimator__max_features=0.5, estimator__n_estimators=100, total=20.5min
[CV] estimator__max_depth=5, estimator__max_features=0.5, estimator__n_estimators=500 
[CV]  estimator__max_depth=5, estimator__max_features=0.5, estimator__n_estimators=500, total=102.7min
[CV] estimator__max_depth=10, estimator__max_features=0.1, estimator__n_estimators=700 
[CV]  estimator__max_depth=10, estimator__max_features=0.1, estimator__n_estimators=700, total=66.1min
[CV] estimator__max_depth=10, estimator__max_features=0.5, estimator__n_estimators=300 
[CV]  estimator__max_depth=10, estimator__max_features=0.5, estimator__n_estimators=300, total=130.1min
[CV] estimator__max_depth=10, estimator__max_features=sqrt, estimator__n_estimators=100 
[CV]  estimator__max_depth=10, estimator__max_features=sqrt, estimator__n_estimators=100, total=  19.5s
[CV] estimator__max_depth=10, estimator__max_features=sqrt, estimator__n_estimators=100 
[CV]  estimator__max_depth=10, estimator__max_features=sqrt, estimator__n_estimators=100, total=  19.7s
[CV] estimator__max_depth=10, estimator__max_features=sqrt, estimator__n_estimators=100 
[CV]  estimator__max_depth=10, estimator__max_features=sqrt, estimator__n_estimators=100, total=  21.2s
[CV] estimator__max_depth=10, estimator__max_features=sqrt, estimator__n_estimators=100 
[CV]  estimator__max_depth=10, estimator__max_features=sqrt, estimator__n_estimators=100, total=  19.8s
[CV] estimator__max_depth=10, estimator__max_features=sqrt, estimator__n_estimators=300 
[CV]  estimator__max_depth=10, estimator__max_features=sqrt, estimator__n_estimators=300, total=  55.6s
[CV] estimator__max_depth=10, estimator__max_features=sqrt, estimator__n_estimators=300 
[CV]  estimator__max_depth=10, estimator__max_features=sqrt, estimator__n_estimators=300, total=  59.7s
[CV] estimator__max_depth=10, estimator__max_features=sqrt, estimator__n_estimators=300 
[CV]  estimator__max_depth=10, estimator__max_features=sqrt, estimator__n_estimators=300, total=  55.7s
[CV] estimator__max_depth=10, estimator__max_features=sqrt, estimator__n_estimators=500 
[CV]  estimator__max_depth=10, estimator__max_features=sqrt, estimator__n_estimators=500, total= 1.5min
[CV] estimator__max_depth=10, estimator__max_features=sqrt, estimator__n_estimators=500 
[CV]  estimator__max_depth=10, estimator__max_features=sqrt, estimator__n_estimators=500, total= 1.6min
[CV] estimator__max_depth=10, estimator__max_features=sqrt, estimator__n_estimators=500 
[CV]  estimator__max_depth=10, estimator__max_features=sqrt, estimator__n_estimators=500, total= 1.5min
[CV] estimator__max_depth=10, estimator__max_features=sqrt, estimator__n_estimators=700 
[CV]  estimator__max_depth=10, estimator__max_features=sqrt, estimator__n_estimators=700, total= 2.1min
[CV] estimator__max_depth=10, estimator__max_features=sqrt, estimator__n_estimators=700 
[CV]  estimator__max_depth=10, estimator__max_features=sqrt, estimator__n_estimators=700, total= 2.1min
[CV] estimator__max_depth=10, estimator__max_features=sqrt, estimator__n_estimators=1000 
[CV]  estimator__max_depth=10, estimator__max_features=sqrt, estimator__n_estimators=1000, total= 3.0min
[CV] estimator__max_depth=10, estimator__max_features=log2, estimator__n_estimators=100 
[CV]  estimator__max_depth=10, estimator__max_features=log2, estimator__n_estimators=100, total=   4.8s
[CV] estimator__max_depth=10, estimator__max_features=log2, estimator__n_estimators=300 
[CV]  estimator__max_depth=10, estimator__max_features=log2, estimator__n_estimators=300, total=  10.7s
[CV] estimator__max_depth=10, estimator__max_features=log2, estimator__n_estimators=300 
[CV]  estimator__max_depth=10, estimator__max_features=log2, estimator__n_estimators=300, total=  11.0s
[CV] estimator__max_depth=10, estimator__max_features=log2, estimator__n_estimators=300 
[CV]  estimator__max_depth=10, estimator__max_features=log2, estimator__n_estimators=300, total=  10.8s
[CV] estimator__max_depth=10, estimator__max_features=log2, estimator__n_estimators=500 
[CV]  estimator__max_depth=10, estimator__max_features=log2, estimator__n_estimators=500, total=  17.1s
[CV] estimator__max_depth=10, estimator__max_features=log2, estimator__n_estimators=700 
[CV]  estimator__max_depth=10, estimator__max_features=log2, estimator__n_estimators=700, total=  22.3s
[CV] estimator__max_depth=10, estimator__max_features=log2, estimator__n_estimators=700 
[CV]  estimator__max_depth=10, estimator__max_features=log2, estimator__n_estimators=700, total=  22.5s
[CV] estimator__max_depth=10, estimator__max_features=log2, estimator__n_estimators=1000 
[CV]  estimator__max_depth=10, estimator__max_features=log2, estimator__n_estimators=1000, total=  31.3s
[CV] estimator__max_depth=3, estimator__max_features=0.1, estimator__n_estimators=300 
[CV]  estimator__max_depth=3, estimator__max_features=0.1, estimator__n_estimators=300, total= 7.1min
[CV] estimator__max_depth=3, estimator__max_features=0.5, estimator__n_estimators=100 
[CV]  estimator__max_depth=3, estimator__max_features=0.5, estimator__n_estimators=100, total=11.5min
[CV] estimator__max_depth=3, estimator__max_features=0.5, estimator__n_estimators=700 
[CV]  estimator__max_depth=3, estimator__max_features=0.5, estimator__n_estimators=700, total=79.3min
[CV] estimator__max_depth=5, estimator__max_features=0.5, estimator__n_estimators=100 
[CV]  estimator__max_depth=5, estimator__max_features=0.5, estimator__n_estimators=100, total=20.5min
[CV] estimator__max_depth=5, estimator__max_features=0.5, estimator__n_estimators=500 
[CV]  estimator__max_depth=5, estimator__max_features=0.5, estimator__n_estimators=500, total=102.0min
[CV] estimator__max_depth=10, estimator__max_features=0.1, estimator__n_estimators=700 
[CV]  estimator__max_depth=10, estimator__max_features=0.1, estimator__n_estimators=700, total=74.5min
[CV] estimator__max_depth=10, estimator__max_features=0.5, estimator__n_estimators=300 
[CV]  estimator__max_depth=10, estimator__max_features=0.5, estimator__n_estimators=300, total=132.3min
[CV] estimator__max_depth=10, estimator__max_features=sqrt, estimator__n_estimators=1000 
[CV]  estimator__max_depth=10, estimator__max_features=sqrt, estimator__n_estimators=1000, total= 3.2min
[CV] estimator__max_depth=10, estimator__max_features=log2, estimator__n_estimators=100 
[CV]  estimator__max_depth=10, estimator__max_features=log2, estimator__n_estimators=100, total=   5.0s
[CV] estimator__max_depth=10, estimator__max_features=log2, estimator__n_estimators=100 
[CV]  estimator__max_depth=10, estimator__max_features=log2, estimator__n_estimators=100, total=   5.0s
[CV] estimator__max_depth=10, estimator__max_features=log2, estimator__n_estimators=100 
[CV]  estimator__max_depth=10, estimator__max_features=log2, estimator__n_estimators=100, total=   5.0s
[CV] estimator__max_depth=10, estimator__max_features=log2, estimator__n_estimators=100 
[CV]  estimator__max_depth=10, estimator__max_features=log2, estimator__n_estimators=100, total=   4.9s
[CV] estimator__max_depth=10, estimator__max_features=log2, estimator__n_estimators=300 
[CV]  estimator__max_depth=10, estimator__max_features=log2, estimator__n_estimators=300, total=  11.3s
[CV] estimator__max_depth=10, estimator__max_features=log2, estimator__n_estimators=300 
[CV]  estimator__max_depth=10, estimator__max_features=log2, estimator__n_estimators=300, total=  10.8s
[CV] estimator__max_depth=10, estimator__max_features=log2, estimator__n_estimators=500 
[CV]  estimator__max_depth=10, estimator__max_features=log2, estimator__n_estimators=500, total=  17.1s
[CV] estimator__max_depth=10, estimator__max_features=log2, estimator__n_estimators=500 
[CV]  estimator__max_depth=10, estimator__max_features=log2, estimator__n_estimators=500, total=  16.9s
[CV] estimator__max_depth=10, estimator__max_features=log2, estimator__n_estimators=700 
[CV]  estimator__max_depth=10, estimator__max_features=log2, estimator__n_estimators=700, total=  23.3s
[CV] estimator__max_depth=10, estimator__max_features=log2, estimator__n_estimators=1000 
[CV]  estimator__max_depth=10, estimator__max_features=log2, estimator__n_estimators=1000, total=  42.6s
[CV] estimator__max_depth=3, estimator__max_features=0.1, estimator__n_estimators=700 
[CV]  estimator__max_depth=3, estimator__max_features=0.1, estimator__n_estimators=700, total=17.0min
[CV] estimator__max_depth=3, estimator__max_features=0.5, estimator__n_estimators=700 
[CV]  estimator__max_depth=3, estimator__max_features=0.5, estimator__n_estimators=700, total=78.3min
[CV] estimator__max_depth=5, estimator__max_features=0.5, estimator__n_estimators=100 
[CV]  estimator__max_depth=5, estimator__max_features=0.5, estimator__n_estimators=100, total=20.2min
[CV] estimator__max_depth=5, estimator__max_features=0.5, estimator__n_estimators=500 
[CV]  estimator__max_depth=5, estimator__max_features=0.5, estimator__n_estimators=500, total=100.7min
[CV] estimator__max_depth=10, estimator__max_features=0.1, estimator__n_estimators=700 
[CV]  estimator__max_depth=10, estimator__max_features=0.1, estimator__n_estimators=700, total=65.7min
[CV] estimator__max_depth=10, estimator__max_features=0.5, estimator__n_estimators=300 
[CV]  estimator__max_depth=10, estimator__max_features=0.5, estimator__n_estimators=300, total=133.3min
[CV] estimator__max_depth=10, estimator__max_features=sqrt, estimator__n_estimators=100 
[CV]  estimator__max_depth=10, estimator__max_features=sqrt, estimator__n_estimators=100, total=  42.9s
[CV] estimator__max_depth=10, estimator__max_features=sqrt, estimator__n_estimators=300 
[CV]  estimator__max_depth=10, estimator__max_features=sqrt, estimator__n_estimators=300, total= 1.3min
[CV] estimator__max_depth=10, estimator__max_features=sqrt, estimator__n_estimators=300 
[CV]  estimator__max_depth=10, estimator__max_features=sqrt, estimator__n_estimators=300, total= 1.1min
[CV] estimator__max_depth=10, estimator__max_features=sqrt, estimator__n_estimators=500 
[CV]  estimator__max_depth=10, estimator__max_features=sqrt, estimator__n_estimators=500, total= 2.4min
[CV] estimator__max_depth=10, estimator__max_features=sqrt, estimator__n_estimators=500 
[CV]  estimator__max_depth=10, estimator__max_features=sqrt, estimator__n_estimators=500, total= 2.0min
[CV] estimator__max_depth=10, estimator__max_features=sqrt, estimator__n_estimators=700 
[CV]  estimator__max_depth=10, estimator__max_features=sqrt, estimator__n_estimators=700, total= 2.2min
[CV] estimator__max_depth=10, estimator__max_features=sqrt, estimator__n_estimators=700 
[CV]  estimator__max_depth=10, estimator__max_features=sqrt, estimator__n_estimators=700, total= 3.7min
[CV] estimator__max_depth=10, estimator__max_features=sqrt, estimator__n_estimators=1000 
[CV]  estimator__max_depth=10, estimator__max_features=sqrt, estimator__n_estimators=1000, total= 3.2min
[CV] estimator__max_depth=10, estimator__max_features=log2, estimator__n_estimators=700 
[CV]  estimator__max_depth=10, estimator__max_features=log2, estimator__n_estimators=700, total=  24.3s
[CV] estimator__max_depth=10, estimator__max_features=log2, estimator__n_estimators=1000 
[CV]  estimator__max_depth=10, estimator__max_features=log2, estimator__n_estimators=1000, total=  34.5s
