
 

YPDFORMAMIDE5
[['Y', 'P', 'D', 'F', 'O', 'R', 'M', 'A', 'M', 'I', 'D', 'E', '5'], ['Y', 'P', 'D', 'S', 'O', 'D', 'I', 'U', 'M', 'M', 'E', 'T', 'A', 'A', 'R', 'S', 'E', 'N', 'I', 'T', 'E']]
Round 1 of 10
Fitting 5 folds for each of 60 candidates, totalling 300 fits
[Parallel(n_jobs=-1)]: Using backend LokyBackend with 20 concurrent workers.
[CV] estimator__max_depth=3, estimator__max_features=0.1, estimator__n_estimators=300 
[CV]  estimator__max_depth=3, estimator__max_features=0.1, estimator__n_estimators=300, total=  58.5s
[CV] estimator__max_depth=3, estimator__max_features=0.5, estimator__n_estimators=100 
[CV]  estimator__max_depth=3, estimator__max_features=0.5, estimator__n_estimators=100, total= 1.5min
[CV] estimator__max_depth=3, estimator__max_features=0.5, estimator__n_estimators=700 
[CV]  estimator__max_depth=3, estimator__max_features=0.5, estimator__n_estimators=700, total=10.4min
[CV] estimator__max_depth=5, estimator__max_features=0.5, estimator__n_estimators=100 
[CV]  estimator__max_depth=5, estimator__max_features=0.5, estimator__n_estimators=100, total= 2.9min
[CV] estimator__max_depth=5, estimator__max_features=0.5, estimator__n_estimators=500 
[CV]  estimator__max_depth=5, estimator__max_features=0.5, estimator__n_estimators=500, total=14.4min
[CV] estimator__max_depth=10, estimator__max_features=0.1, estimator__n_estimators=700 
[CV]  estimator__max_depth=10, estimator__max_features=0.1, estimator__n_estimators=700, total=11.6min
[CV] estimator__max_depth=10, estimator__max_features=0.5, estimator__n_estimators=300 
[CV]  estimator__max_depth=10, estimator__max_features=0.5, estimator__n_estimators=300, total=21.9min
[CV] estimator__max_depth=10, estimator__max_features=sqrt, estimator__n_estimators=300 
[CV]  estimator__max_depth=10, estimator__max_features=sqrt, estimator__n_estimators=300, total=  10.5s
[CV] estimator__max_depth=10, estimator__max_features=sqrt, estimator__n_estimators=300 
[CV]  estimator__max_depth=10, estimator__max_features=sqrt, estimator__n_estimators=300, total=  10.2s
[CV] estimator__max_depth=10, estimator__max_features=sqrt, estimator__n_estimators=500 
[CV]  estimator__max_depth=10, estimator__max_features=sqrt, estimator__n_estimators=500, total=  18.3s
[CV] estimator__max_depth=10, estimator__max_features=sqrt, estimator__n_estimators=500 
[CV]  estimator__max_depth=10, estimator__max_features=sqrt, estimator__n_estimators=500, total=  17.2s
[CV] estimator__max_depth=10, estimator__max_features=sqrt, estimator__n_estimators=700 
[CV]  estimator__max_depth=10, estimator__max_features=sqrt, estimator__n_estimators=700, total=  25.4s
[CV] estimator__max_depth=10, estimator__max_features=sqrt, estimator__n_estimators=1000 
[CV]  estimator__max_depth=10, estimator__max_features=sqrt, estimator__n_estimators=1000, total=  35.4s
[CV] estimator__max_depth=10, estimator__max_features=log2, estimator__n_estimators=100 
[CV]  estimator__max_depth=10, estimator__max_features=log2, estimator__n_estimators=100, total=   0.7s
[CV] estimator__max_depth=10, estimator__max_features=log2, estimator__n_estimators=100 
[CV]  estimator__max_depth=10, estimator__max_features=log2, estimator__n_estimators=100, total=   0.8s
[CV] estimator__max_depth=10, estimator__max_features=log2, estimator__n_estimators=100 
[CV]  estimator__max_depth=10, estimator__max_features=log2, estimator__n_estimators=100, total=   0.7s
[CV] estimator__max_depth=10, estimator__max_features=log2, estimator__n_estimators=100 
[CV]  estimator__max_depth=10, estimator__max_features=log2, estimator__n_estimators=100, total=   0.7s
[CV] estimator__max_depth=10, estimator__max_features=log2, estimator__n_estimators=100 
[CV]  estimator__max_depth=10, estimator__max_features=log2, estimator__n_estimators=100, total=   0.7s
[CV] estimator__max_depth=10, estimator__max_features=log2, estimator__n_estimators=300 
[CV]  estimator__max_depth=10, estimator__max_features=log2, estimator__n_estimators=300, total=   1.5s
[CV] estimator__max_depth=10, estimator__max_features=log2, estimator__n_estimators=300 
[CV]  estimator__max_depth=10, estimator__max_features=log2, estimator__n_estimators=300, total=   1.6s
[CV] estimator__max_depth=10, estimator__max_features=log2, estimator__n_estimators=300 
[CV]  estimator__max_depth=10, estimator__max_features=log2, estimator__n_estimators=300, total=   1.5s
[CV] estimator__max_depth=10, estimator__max_features=log2, estimator__n_estimators=500 
[CV]  estimator__max_depth=10, estimator__max_features=log2, estimator__n_estimators=500, total=   2.3s
[CV] estimator__max_depth=10, estimator__max_features=log2, estimator__n_estimators=500 
[CV]  estimator__max_depth=10, estimator__max_features=log2, estimator__n_estimators=500, total=   2.3s
[CV] estimator__max_depth=10, estimator__max_features=log2, estimator__n_estimators=500 
[CV]  estimator__max_depth=10, estimator__max_features=log2, estimator__n_estimators=500, total=   2.3s
[CV] estimator__max_depth=10, estimator__max_features=log2, estimator__n_estimators=700 
[CV]  estimator__max_depth=10, estimator__max_features=log2, estimator__n_estimators=700, total=   3.2s
[CV] estimator__max_depth=10, estimator__max_features=log2, estimator__n_estimators=1000 
[CV]  estimator__max_depth=10, estimator__max_features=log2, estimator__n_estimators=1000, total=   4.4s
[CV] estimator__max_depth=3, estimator__max_features=0.1, estimator__n_estimators=300 
[CV]  estimator__max_depth=3, estimator__max_features=0.1, estimator__n_estimators=300, total=  55.5s
[CV] estimator__max_depth=3, estimator__max_features=0.5, estimator__n_estimators=100 
[CV]  estimator__max_depth=3, estimator__max_features=0.5, estimator__n_estimators=100, total= 1.5min
[CV] estimator__max_depth=3, estimator__max_features=0.5, estimator__n_estimators=700 
[CV]  estimator__max_depth=3, estimator__max_features=0.5, estimator__n_estimators=700, total=10.4min
[CV] estimator__max_depth=5, estimator__max_features=0.5, estimator__n_estimators=100 
[CV]  estimator__max_depth=5, estimator__max_features=0.5, estimator__n_estimators=100, total= 2.9min
[CV] estimator__max_depth=5, estimator__max_features=0.5, estimator__n_estimators=500 
[CV]  estimator__max_depth=5, estimator__max_features=0.5, estimator__n_estimators=500, total=14.4min
[CV] estimator__max_depth=10, estimator__max_features=0.1, estimator__n_estimators=700 
[CV]  estimator__max_depth=10, estimator__max_features=0.1, estimator__n_estimators=700, total=11.5min
[CV] estimator__max_depth=10, estimator__max_features=0.5, estimator__n_estimators=300 
[CV]  estimator__max_depth=10, estimator__max_features=0.5, estimator__n_estimators=300, total=21.7min
[CV] estimator__max_depth=10, estimator__max_features=sqrt, estimator__n_estimators=100 
[CV]  estimator__max_depth=10, estimator__max_features=sqrt, estimator__n_estimators=100, total=   3.6s
[CV] estimator__max_depth=10, estimator__max_features=sqrt, estimator__n_estimators=100 
[CV]  estimator__max_depth=10, estimator__max_features=sqrt, estimator__n_estimators=100, total=   3.8s
[CV] estimator__max_depth=10, estimator__max_features=sqrt, estimator__n_estimators=100 
[CV]  estimator__max_depth=10, estimator__max_features=sqrt, estimator__n_estimators=100, total=   3.8s
[CV] estimator__max_depth=10, estimator__max_features=sqrt, estimator__n_estimators=100 
[CV]  estimator__max_depth=10, estimator__max_features=sqrt, estimator__n_estimators=100, total=   3.5s
[CV] estimator__max_depth=10, estimator__max_features=sqrt, estimator__n_estimators=100 
[CV]  estimator__max_depth=10, estimator__max_features=sqrt, estimator__n_estimators=100, total=   3.6s
[CV] estimator__max_depth=10, estimator__max_features=sqrt, estimator__n_estimators=300 
[CV]  estimator__max_depth=10, estimator__max_features=sqrt, estimator__n_estimators=300, total=  11.0s
[CV] estimator__max_depth=10, estimator__max_features=sqrt, estimator__n_estimators=300 
[CV]  estimator__max_depth=10, estimator__max_features=sqrt, estimator__n_estimators=300, total=  11.2s
[CV] estimator__max_depth=10, estimator__max_features=sqrt, estimator__n_estimators=300 
[CV]  estimator__max_depth=10, estimator__max_features=sqrt, estimator__n_estimators=300, total=  11.3s
[CV] estimator__max_depth=10, estimator__max_features=sqrt, estimator__n_estimators=500 
[CV]  estimator__max_depth=10, estimator__max_features=sqrt, estimator__n_estimators=500, total=  18.8s
[CV] estimator__max_depth=10, estimator__max_features=sqrt, estimator__n_estimators=700 
[CV]  estimator__max_depth=10, estimator__max_features=sqrt, estimator__n_estimators=700, total=  25.2s
[CV] estimator__max_depth=10, estimator__max_features=sqrt, estimator__n_estimators=700 
[CV]  estimator__max_depth=10, estimator__max_features=sqrt, estimator__n_estimators=700, total=  24.1s
[CV] estimator__max_depth=10, estimator__max_features=sqrt, estimator__n_estimators=1000 
[CV]  estimator__max_depth=10, estimator__max_features=sqrt, estimator__n_estimators=1000, total=  34.8s
[CV] estimator__max_depth=10, estimator__max_features=log2, estimator__n_estimators=700 
[CV]  estimator__max_depth=10, estimator__max_features=log2, estimator__n_estimators=700, total=   3.2s
[CV] estimator__max_depth=10, estimator__max_features=log2, estimator__n_estimators=1000 
[CV]  estimator__max_depth=10, estimator__max_features=log2, estimator__n_estimators=1000, total=   4.5s
[CV] estimator__max_depth=3, estimator__max_features=0.1, estimator__n_estimators=300 
[CV]  estimator__max_depth=3, estimator__max_features=0.1, estimator__n_estimators=300, total=  55.5s
[CV] estimator__max_depth=3, estimator__max_features=0.5, estimator__n_estimators=100 
[CV]  estimator__max_depth=3, estimator__max_features=0.5, estimator__n_estimators=100, total= 1.5min
[CV] estimator__max_depth=3, estimator__max_features=0.5, estimator__n_estimators=700 
[CV]  estimator__max_depth=3, estimator__max_features=0.5, estimator__n_estimators=700, total=10.5min
[CV] estimator__max_depth=5, estimator__max_features=0.5, estimator__n_estimators=100 
[CV]  estimator__max_depth=5, estimator__max_features=0.5, estimator__n_estimators=100, total= 3.0min
[CV] estimator__max_depth=5, estimator__max_features=0.5, estimator__n_estimators=500 
[CV]  estimator__max_depth=5, estimator__max_features=0.5, estimator__n_estimators=500, total=15.2min
[CV] estimator__max_depth=10, estimator__max_features=0.1, estimator__n_estimators=700 
[CV]  estimator__max_depth=10, estimator__max_features=0.1, estimator__n_estimators=700, total=11.7min
[CV] estimator__max_depth=10, estimator__max_features=0.5, estimator__n_estimators=300 
[CV]  estimator__max_depth=10, estimator__max_features=0.5, estimator__n_estimators=300, total=21.9min
[CV] estimator__max_depth=10, estimator__max_features=sqrt, estimator__n_estimators=700 
[CV]  estimator__max_depth=10, estimator__max_features=sqrt, estimator__n_estimators=700, total=  23.7s
[CV] estimator__max_depth=10, estimator__max_features=sqrt, estimator__n_estimators=1000 
[CV]  estimator__max_depth=10, estimator__max_features=sqrt, estimator__n_estimators=1000, total=  36.8s
[CV] estimator__max_depth=10, estimator__max_features=log2, estimator__n_estimators=700 
[CV]  estimator__max_depth=10, estimator__max_features=log2, estimator__n_estimators=700, total=   3.1s
[CV] estimator__max_depth=10, estimator__max_features=log2, estimator__n_estimators=700 
[CV]  estimator__max_depth=10, estimator__max_features=log2, estimator__n_estimators=700, total=   3.2s
[CV] estimator__max_depth=10, estimator__max_features=log2, estimator__n_estimators=1000 
[CV]  estimator__max_depth=10, estimator__max_features=log2, estimator__n_estimators=1000, total=   4.2s
[CV] estimator__max_depth=3, estimator__max_features=0.1, estimator__n_estimators=300 
[CV]  estimator__max_depth=3, estimator__max_features=0.1, estimator__n_estimators=300, total=  56.3s
[CV] estimator__max_depth=3, estimator__max_features=0.5, estimator__n_estimators=100 
[CV]  estimator__max_depth=3, estimator__max_features=0.5, estimator__n_estimators=100, total= 1.6min
[CV] estimator__max_depth=3, estimator__max_features=0.5, estimator__n_estimators=700 
[CV]  estimator__max_depth=3, estimator__max_features=0.5, estimator__n_estimators=700, total=10.7min
[CV] estimator__max_depth=5, estimator__max_features=0.5, estimator__n_estimators=100 
[CV]  estimator__max_depth=5, estimator__max_features=0.5, estimator__n_estimators=100, total= 2.9min
[CV] estimator__max_depth=5, estimator__max_features=0.5, estimator__n_estimators=500 
[CV]  estimator__max_depth=5, estimator__max_features=0.5, estimator__n_estimators=500, total=14.5min
[CV] estimator__max_depth=10, estimator__max_features=0.1, estimator__n_estimators=700 
[CV]  estimator__max_depth=10, estimator__max_features=0.1, estimator__n_estimators=700, total=11.3min
[CV] estimator__max_depth=10, estimator__max_features=0.5, estimator__n_estimators=300 
[CV]  estimator__max_depth=10, estimator__max_features=0.5, estimator__n_estimators=300, total=23.5min
[CV] estimator__max_depth=10, estimator__max_features=sqrt, estimator__n_estimators=1000 
[CV]  estimator__max_depth=10, estimator__max_features=sqrt, estimator__n_estimators=1000, total=  37.1s
[CV] estimator__max_depth=3, estimator__max_features=0.1, estimator__n_estimators=700 
[CV]  estimator__max_depth=3, estimator__max_features=0.1, estimator__n_estimators=700, total= 2.1min
[CV] estimator__max_depth=3, estimator__max_features=0.5, estimator__n_estimators=500 
[CV]  estimator__max_depth=3, estimator__max_features=0.5, estimator__n_estimators=500, total= 8.0min
[CV] estimator__max_depth=5, estimator__max_features=0.1, estimator__n_estimators=700 
[CV]  estimator__max_depth=5, estimator__max_features=0.1, estimator__n_estimators=700, total= 4.3min
[CV] estimator__max_depth=5, estimator__max_features=0.5, estimator__n_estimators=300 
[CV]  estimator__max_depth=5, estimator__max_features=0.5, estimator__n_estimators=300, total= 8.9min
[CV] estimator__max_depth=10, estimator__max_features=0.1, estimator__n_estimators=100 
[CV]  estimator__max_depth=10, estimator__max_features=0.1, estimator__n_estimators=100, total= 1.7min
[CV] estimator__max_depth=10, estimator__max_features=0.1, estimator__n_estimators=300 
[CV]  estimator__max_depth=10, estimator__max_features=0.1, estimator__n_estimators=300, total= 5.1min
[CV] estimator__max_depth=10, estimator__max_features=0.1, estimator__n_estimators=700 
[CV]  estimator__max_depth=10, estimator__max_features=0.1, estimator__n_estimators=700, total=12.0min
[CV] estimator__max_depth=10, estimator__max_features=0.5, estimator__n_estimators=300 
[CV]  estimator__max_depth=10, estimator__max_features=0.5, estimator__n_estimators=300, total=21.7min
[CV] estimator__max_depth=10, estimator__max_features=sqrt, estimator__n_estimators=500 
[CV]  estimator__max_depth=10, estimator__max_features=sqrt, estimator__n_estimators=500, total=  18.4s
[CV] estimator__max_depth=10, estimator__max_features=sqrt, estimator__n_estimators=500 
[CV]  estimator__max_depth=10, estimator__max_features=sqrt, estimator__n_estimators=500, total=  18.4s
[CV] estimator__max_depth=10, estimator__max_features=sqrt, estimator__n_estimators=700 
[CV]  estimator__max_depth=10, estimator__max_features=sqrt, estimator__n_estimators=700, total=  30.3s
[CV] estimator__max_depth=10, estimator__max_features=sqrt, estimator__n_estimators=1000 
[CV]  estimator__max_depth=10, estimator__max_features=sqrt, estimator__n_estimators=1000, total=  35.5s
[CV] estimator__max_depth=10, estimator__max_features=log2, estimator__n_estimators=300 
[CV]  estimator__max_depth=10, estimator__max_features=log2, estimator__n_estimators=300, total=   1.6s
[CV] estimator__max_depth=10, estimator__max_features=log2, estimator__n_estimators=300 
[CV]  estimator__max_depth=10, estimator__max_features=log2, estimator__n_estimators=300, total=   1.5s
[CV] estimator__max_depth=10, estimator__max_features=log2, estimator__n_estimators=500 
[CV]  estimator__max_depth=10, estimator__max_features=log2, estimator__n_estimators=500, total=   2.4s
[CV] estimator__max_depth=10, estimator__max_features=log2, estimator__n_estimators=500 
[CV]  estimator__max_depth=10, estimator__max_features=log2, estimator__n_estimators=500, total=   2.4s
[CV] estimator__max_depth=10, estimator__max_features=log2, estimator__n_estimators=700 
[CV]  estimator__max_depth=10, estimator__max_features=log2, estimator__n_estimators=700, total=   3.4s
[CV] estimator__max_depth=10, estimator__max_features=log2, estimator__n_estimators=1000 
[CV]  estimator__max_depth=10, estimator__max_features=log2, estimator__n_estimators=1000, total=   4.3s
[CV] estimator__max_depth=10, estimator__max_features=log2, estimator__n_estimators=1000 
[CV]  estimator__max_depth=10, estimator__max_features=log2, estimator__n_estimators=1000, total=   4.2s
[CV] estimator__max_depth=3, estimator__max_features=0.1, estimator__n_estimators=700 
[CV]  estimator__max_depth=3, estimator__max_features=0.1, estimator__n_estimators=700, total= 2.3min
[CV] estimator__max_depth=3, estimator__max_features=0.5, estimator__n_estimators=500 
[CV]  estimator__max_depth=3, estimator__max_features=0.5, estimator__n_estimators=500, total= 7.5min
[CV] estimator__max_depth=5, estimator__max_features=0.1, estimator__n_estimators=700 
[CV]  estimator__max_depth=5, estimator__max_features=0.1, estimator__n_estimators=700, total= 4.1min
[CV] estimator__max_depth=5, estimator__max_features=0.5, estimator__n_estimators=300 
[CV]  estimator__max_depth=5, estimator__max_features=0.5, estimator__n_estimators=300, total= 9.0min
[CV] estimator__max_depth=5, estimator__max_features=sqrt, estimator__n_estimators=1000 
[CV]  estimator__max_depth=5, estimator__max_features=sqrt, estimator__n_estimators=1000, total=  14.5s
[CV] estimator__max_depth=5, estimator__max_features=log2, estimator__n_estimators=700 
[CV]  estimator__max_depth=5, estimator__max_features=log2, estimator__n_estimators=700, total=   2.0s
[CV] estimator__max_depth=5, estimator__max_features=log2, estimator__n_estimators=1000 
[CV]  estimator__max_depth=5, estimator__max_features=log2, estimator__n_estimators=1000, total=   2.7s
[CV] estimator__max_depth=10, estimator__max_features=0.1, estimator__n_estimators=100 
[CV]  estimator__max_depth=10, estimator__max_features=0.1, estimator__n_estimators=100, total= 1.7min
[CV] estimator__max_depth=10, estimator__max_features=0.1, estimator__n_estimators=300 
[CV]  estimator__max_depth=10, estimator__max_features=0.1, estimator__n_estimators=300, total= 4.8min
[CV] estimator__max_depth=10, estimator__max_features=0.1, estimator__n_estimators=500 
[CV]  estimator__max_depth=10, estimator__max_features=0.1, estimator__n_estimators=500, total= 8.3min
[CV] estimator__max_depth=10, estimator__max_features=0.5, estimator__n_estimators=100 
[CV]  estimator__max_depth=10, estimator__max_features=0.5, estimator__n_estimators=100, total= 7.2min
[CV] estimator__max_depth=10, estimator__max_features=0.5, estimator__n_estimators=500 
[CV]  estimator__max_depth=10, estimator__max_features=0.5, estimator__n_estimators=500, total=35.3min
[CV] estimator__max_depth=3, estimator__max_features=0.1, estimator__n_estimators=700 
[CV]  estimator__max_depth=3, estimator__max_features=0.1, estimator__n_estimators=700, total= 2.2min
[CV] estimator__max_depth=3, estimator__max_features=0.5, estimator__n_estimators=500 
[CV]  estimator__max_depth=3, estimator__max_features=0.5, estimator__n_estimators=500, total= 7.5min
[CV] estimator__max_depth=5, estimator__max_features=0.1, estimator__n_estimators=700 
[CV]  estimator__max_depth=5, estimator__max_features=0.1, estimator__n_estimators=700, total= 4.4min
[CV] estimator__max_depth=5, estimator__max_features=0.5, estimator__n_estimators=300 
[CV]  estimator__max_depth=5, estimator__max_features=0.5, estimator__n_estimators=300, total= 8.6min
[CV] estimator__max_depth=5, estimator__max_features=sqrt, estimator__n_estimators=700 
[CV]  estimator__max_depth=5, estimator__max_features=sqrt, estimator__n_estimators=700, total=   9.3s
[CV] estimator__max_depth=5, estimator__max_features=sqrt, estimator__n_estimators=1000 
[CV]  estimator__max_depth=5, estimator__max_features=sqrt, estimator__n_estimators=1000, total=  13.8s
[CV] estimator__max_depth=5, estimator__max_features=log2, estimator__n_estimators=100 
[CV]  estimator__max_depth=5, estimator__max_features=log2, estimator__n_estimators=100, total=   0.7s
[CV] estimator__max_depth=5, estimator__max_features=log2, estimator__n_estimators=100 
[CV]  estimator__max_depth=5, estimator__max_features=log2, estimator__n_estimators=100, total=   0.6s
[CV] estimator__max_depth=5, estimator__max_features=log2, estimator__n_estimators=300 
[CV]  estimator__max_depth=5, estimator__max_features=log2, estimator__n_estimators=300, total=   1.1s
[CV] estimator__max_depth=5, estimator__max_features=log2, estimator__n_estimators=300 
[CV]  estimator__max_depth=5, estimator__max_features=log2, estimator__n_estimators=300, total=   1.1s
[CV] estimator__max_depth=5, estimator__max_features=log2, estimator__n_estimators=500 
[CV]  estimator__max_depth=5, estimator__max_features=log2, estimator__n_estimators=500, total=   1.5s
[CV] estimator__max_depth=5, estimator__max_features=log2, estimator__n_estimators=500 
[CV]  estimator__max_depth=5, estimator__max_features=log2, estimator__n_estimators=500, total=   1.5s
[CV] estimator__max_depth=5, estimator__max_features=log2, estimator__n_estimators=700 
[CV]  estimator__max_depth=5, estimator__max_features=log2, estimator__n_estimators=700, total=   2.0s
[CV] estimator__max_depth=5, estimator__max_features=log2, estimator__n_estimators=1000 
[CV]  estimator__max_depth=5, estimator__max_features=log2, estimator__n_estimators=1000, total=   2.8s
[CV] estimator__max_depth=5, estimator__max_features=log2, estimator__n_estimators=1000 
[CV]  estimator__max_depth=5, estimator__max_features=log2, estimator__n_estimators=1000, total=   2.7s
[CV] estimator__max_depth=10, estimator__max_features=0.1, estimator__n_estimators=100 
[CV]  estimator__max_depth=10, estimator__max_features=0.1, estimator__n_estimators=100, total= 1.6min
[CV] estimator__max_depth=10, estimator__max_features=0.1, estimator__n_estimators=300 
[CV]  estimator__max_depth=10, estimator__max_features=0.1, estimator__n_estimators=300, total= 5.0min
[CV] estimator__max_depth=10, estimator__max_features=0.1, estimator__n_estimators=500 
[CV]  estimator__max_depth=10, estimator__max_features=0.1, estimator__n_estimators=500, total= 8.7min
[CV] estimator__max_depth=10, estimator__max_features=0.5, estimator__n_estimators=100 
[CV]  estimator__max_depth=10, estimator__max_features=0.5, estimator__n_estimators=100, total= 7.8min
[CV] estimator__max_depth=10, estimator__max_features=0.5, estimator__n_estimators=500 
[CV]  estimator__max_depth=10, estimator__max_features=0.5, estimator__n_estimators=500, total=35.0min
[CV] estimator__max_depth=3, estimator__max_features=0.1, estimator__n_estimators=500 
[CV]  estimator__max_depth=3, estimator__max_features=0.1, estimator__n_estimators=500, total= 1.5min
[CV] estimator__max_depth=3, estimator__max_features=0.5, estimator__n_estimators=300 
[CV]  estimator__max_depth=3, estimator__max_features=0.5, estimator__n_estimators=300, total= 4.5min
[CV] estimator__max_depth=3, estimator__max_features=sqrt, estimator__n_estimators=300 
[CV]  estimator__max_depth=3, estimator__max_features=sqrt, estimator__n_estimators=300, total=   2.5s
[CV] estimator__max_depth=3, estimator__max_features=sqrt, estimator__n_estimators=500 
[CV]  estimator__max_depth=3, estimator__max_features=sqrt, estimator__n_estimators=500, total=   4.1s
[CV] estimator__max_depth=3, estimator__max_features=sqrt, estimator__n_estimators=700 
[CV]  estimator__max_depth=3, estimator__max_features=sqrt, estimator__n_estimators=700, total=   5.4s
[CV] estimator__max_depth=3, estimator__max_features=sqrt, estimator__n_estimators=1000 
[CV]  estimator__max_depth=3, estimator__max_features=sqrt, estimator__n_estimators=1000, total=   7.4s
[CV] estimator__max_depth=3, estimator__max_features=log2, estimator__n_estimators=100 
[CV]  estimator__max_depth=3, estimator__max_features=log2, estimator__n_estimators=100, total=   0.6s
[CV] estimator__max_depth=3, estimator__max_features=log2, estimator__n_estimators=100 
[CV]  estimator__max_depth=3, estimator__max_features=log2, estimator__n_estimators=100, total=   0.6s
[CV] estimator__max_depth=3, estimator__max_features=log2, estimator__n_estimators=100 
[CV]  estimator__max_depth=3, estimator__max_features=log2, estimator__n_estimators=100, total=   0.6s
[CV] estimator__max_depth=3, estimator__max_features=log2, estimator__n_estimators=300 
[CV]  estimator__max_depth=3, estimator__max_features=log2, estimator__n_estimators=300, total=   1.0s
[CV] estimator__max_depth=3, estimator__max_features=log2, estimator__n_estimators=500 
[CV]  estimator__max_depth=3, estimator__max_features=log2, estimator__n_estimators=500, total=   1.4s
[CV] estimator__max_depth=3, estimator__max_features=log2, estimator__n_estimators=700 
[CV]  estimator__max_depth=3, estimator__max_features=log2, estimator__n_estimators=700, total=   1.8s
[CV] estimator__max_depth=3, estimator__max_features=log2, estimator__n_estimators=1000 
[CV]  estimator__max_depth=3, estimator__max_features=log2, estimator__n_estimators=1000, total=   2.3s
[CV] estimator__max_depth=5, estimator__max_features=0.1, estimator__n_estimators=100 
[CV]  estimator__max_depth=5, estimator__max_features=0.1, estimator__n_estimators=100, total=  36.0s
[CV] estimator__max_depth=5, estimator__max_features=0.1, estimator__n_estimators=300 
[CV]  estimator__max_depth=5, estimator__max_features=0.1, estimator__n_estimators=300, total= 1.8min
[CV] estimator__max_depth=5, estimator__max_features=0.1, estimator__n_estimators=500 
[CV]  estimator__max_depth=5, estimator__max_features=0.1, estimator__n_estimators=500, total= 3.0min
[CV] estimator__max_depth=5, estimator__max_features=0.1, estimator__n_estimators=1000 
[CV]  estimator__max_depth=5, estimator__max_features=0.1, estimator__n_estimators=1000, total= 6.1min
[CV] estimator__max_depth=5, estimator__max_features=0.5, estimator__n_estimators=700 
[CV]  estimator__max_depth=5, estimator__max_features=0.5, estimator__n_estimators=700, total=20.4min
[CV] estimator__max_depth=10, estimator__max_features=0.5, estimator__n_estimators=100 
[CV]  estimator__max_depth=10, estimator__max_features=0.5, estimator__n_estimators=100, total= 7.3min
[CV] estimator__max_depth=10, estimator__max_features=0.5, estimator__n_estimators=500 
[CV]  estimator__max_depth=10, estimator__max_features=0.5, estimator__n_estimators=500, total=35.7min
[CV] estimator__max_depth=3, estimator__max_features=0.1, estimator__n_estimators=500 
[CV]  estimator__max_depth=3, estimator__max_features=0.1, estimator__n_estimators=500, total= 1.6min
[CV] estimator__max_depth=3, estimator__max_features=0.5, estimator__n_estimators=300 
[CV]  estimator__max_depth=3, estimator__max_features=0.5, estimator__n_estimators=300, total= 4.5min
[CV] estimator__max_depth=3, estimator__max_features=sqrt, estimator__n_estimators=500 
[CV]  estimator__max_depth=3, estimator__max_features=sqrt, estimator__n_estimators=500, total=   3.9s
[CV] estimator__max_depth=3, estimator__max_features=sqrt, estimator__n_estimators=700 
[CV]  estimator__max_depth=3, estimator__max_features=sqrt, estimator__n_estimators=700, total=   5.5s
[CV] estimator__max_depth=3, estimator__max_features=sqrt, estimator__n_estimators=1000 
[CV]  estimator__max_depth=3, estimator__max_features=sqrt, estimator__n_estimators=1000, total=   7.6s
[CV] estimator__max_depth=3, estimator__max_features=log2, estimator__n_estimators=100 
[CV]  estimator__max_depth=3, estimator__max_features=log2, estimator__n_estimators=100, total=   0.6s
[CV] estimator__max_depth=3, estimator__max_features=log2, estimator__n_estimators=300 
[CV]  estimator__max_depth=3, estimator__max_features=log2, estimator__n_estimators=300, total=   1.0s
[CV] estimator__max_depth=3, estimator__max_features=log2, estimator__n_estimators=500 
[CV]  estimator__max_depth=3, estimator__max_features=log2, estimator__n_estimators=500, total=   1.5s
[CV] estimator__max_depth=3, estimator__max_features=log2, estimator__n_estimators=700 
[CV]  estimator__max_depth=3, estimator__max_features=log2, estimator__n_estimators=700, total=   1.8s
[CV] estimator__max_depth=3, estimator__max_features=log2, estimator__n_estimators=1000 
[CV]  estimator__max_depth=3, estimator__max_features=log2, estimator__n_estimators=1000, total=   2.5s
[CV] estimator__max_depth=5, estimator__max_features=0.1, estimator__n_estimators=100 
[CV]  estimator__max_depth=5, estimator__max_features=0.1, estimator__n_estimators=100, total=  36.1s
[CV] estimator__max_depth=5, estimator__max_features=0.1, estimator__n_estimators=300 
[CV]  estimator__max_depth=5, estimator__max_features=0.1, estimator__n_estimators=300, total= 1.8min
[CV] estimator__max_depth=5, estimator__max_features=0.1, estimator__n_estimators=500 
[CV]  estimator__max_depth=5, estimator__max_features=0.1, estimator__n_estimators=500, total= 3.1min
[CV] estimator__max_depth=5, estimator__max_features=0.1, estimator__n_estimators=1000 
[CV]  estimator__max_depth=5, estimator__max_features=0.1, estimator__n_estimators=1000, total= 6.0min
[CV] estimator__max_depth=5, estimator__max_features=0.5, estimator__n_estimators=700 
[CV]  estimator__max_depth=5, estimator__max_features=0.5, estimator__n_estimators=700, total=21.5min
[CV] estimator__max_depth=10, estimator__max_features=0.5, estimator__n_estimators=100 
[CV]  estimator__max_depth=10, estimator__max_features=0.5, estimator__n_estimators=100, total= 7.2min
[CV] estimator__max_depth=10, estimator__max_features=0.5, estimator__n_estimators=500 
[CV]  estimator__max_depth=10, estimator__max_features=0.5, estimator__n_estimators=500, total=35.1min
[CV] estimator__max_depth=3, estimator__max_features=0.1, estimator__n_estimators=500 
[CV]  estimator__max_depth=3, estimator__max_features=0.1, estimator__n_estimators=500, total= 1.5min
[CV] estimator__max_depth=3, estimator__max_features=0.5, estimator__n_estimators=300 
[CV]  estimator__max_depth=3, estimator__max_features=0.5, estimator__n_estimators=300, total= 4.7min
[CV] estimator__max_depth=3, estimator__max_features=sqrt, estimator__n_estimators=1000 
[CV]  estimator__max_depth=3, estimator__max_features=sqrt, estimator__n_estimators=1000, total=   7.7s
[CV] estimator__max_depth=3, estimator__max_features=log2, estimator__n_estimators=300 
[CV]  estimator__max_depth=3, estimator__max_features=log2, estimator__n_estimators=300, total=   1.0s
[CV] estimator__max_depth=3, estimator__max_features=log2, estimator__n_estimators=500 
[CV]  estimator__max_depth=3, estimator__max_features=log2, estimator__n_estimators=500, total=   1.4s
[CV] estimator__max_depth=3, estimator__max_features=log2, estimator__n_estimators=700 
[CV]  estimator__max_depth=3, estimator__max_features=log2, estimator__n_estimators=700, total=   1.7s
[CV] estimator__max_depth=3, estimator__max_features=log2, estimator__n_estimators=1000 
[CV]  estimator__max_depth=3, estimator__max_features=log2, estimator__n_estimators=1000, total=   2.3s
[CV] estimator__max_depth=5, estimator__max_features=0.1, estimator__n_estimators=100 
[CV]  estimator__max_depth=5, estimator__max_features=0.1, estimator__n_estimators=100, total=  36.7s
[CV] estimator__max_depth=5, estimator__max_features=0.1, estimator__n_estimators=300 
[CV]  estimator__max_depth=5, estimator__max_features=0.1, estimator__n_estimators=300, total= 1.9min
[CV] estimator__max_depth=5, estimator__max_features=0.1, estimator__n_estimators=500 
[CV]  estimator__max_depth=5, estimator__max_features=0.1, estimator__n_estimators=500, total= 3.1min
[CV] estimator__max_depth=5, estimator__max_features=0.1, estimator__n_estimators=1000 
[CV]  estimator__max_depth=5, estimator__max_features=0.1, estimator__n_estimators=1000, total= 6.2min
[CV] estimator__max_depth=5, estimator__max_features=0.5, estimator__n_estimators=700 
[CV]  estimator__max_depth=5, estimator__max_features=0.5, estimator__n_estimators=700, total=20.8min
[CV] estimator__max_depth=10, estimator__max_features=0.5, estimator__n_estimators=100 
[CV]  estimator__max_depth=10, estimator__max_features=0.5, estimator__n_estimators=100, total= 7.2min
[CV] estimator__max_depth=10, estimator__max_features=0.5, estimator__n_estimators=500 
[CV]  estimator__max_depth=10, estimator__max_features=0.5, estimator__n_estimators=500, total=37.3min
[CV] estimator__max_depth=3, estimator__max_features=0.1, estimator__n_estimators=500 
[CV]  estimator__max_depth=3, estimator__max_features=0.1, estimator__n_estimators=500, total= 1.6min
[CV] estimator__max_depth=3, estimator__max_features=0.5, estimator__n_estimators=300 
[CV]  estimator__max_depth=3, estimator__max_features=0.5, estimator__n_estimators=300, total= 4.5min
[CV] estimator__max_depth=3, estimator__max_features=sqrt, estimator__n_estimators=500 
[CV]  estimator__max_depth=3, estimator__max_features=sqrt, estimator__n_estimators=500, total=   3.9s
[CV] estimator__max_depth=3, estimator__max_features=sqrt, estimator__n_estimators=700 
[CV]  estimator__max_depth=3, estimator__max_features=sqrt, estimator__n_estimators=700, total=   5.3s
[CV] estimator__max_depth=3, estimator__max_features=sqrt, estimator__n_estimators=700 
[CV]  estimator__max_depth=3, estimator__max_features=sqrt, estimator__n_estimators=700, total=   5.2s
[CV] estimator__max_depth=3, estimator__max_features=sqrt, estimator__n_estimators=1000 
[CV]  estimator__max_depth=3, estimator__max_features=sqrt, estimator__n_estimators=1000, total=   7.5s
[CV] estimator__max_depth=3, estimator__max_features=log2, estimator__n_estimators=500 
[CV]  estimator__max_depth=3, estimator__max_features=log2, estimator__n_estimators=500, total=   1.4s
[CV] estimator__max_depth=3, estimator__max_features=log2, estimator__n_estimators=700 
[CV]  estimator__max_depth=3, estimator__max_features=log2, estimator__n_estimators=700, total=   1.8s
[CV] estimator__max_depth=3, estimator__max_features=log2, estimator__n_estimators=1000 
[CV]  estimator__max_depth=3, estimator__max_features=log2, estimator__n_estimators=1000, total=   2.4s
[CV] estimator__max_depth=5, estimator__max_features=0.1, estimator__n_estimators=100 
[CV]  estimator__max_depth=5, estimator__max_features=0.1, estimator__n_estimators=100, total=  37.7s
[CV] estimator__max_depth=5, estimator__max_features=0.1, estimator__n_estimators=300 
[CV]  estimator__max_depth=5, estimator__max_features=0.1, estimator__n_estimators=300, total= 1.8min
[CV] estimator__max_depth=5, estimator__max_features=0.1, estimator__n_estimators=500 
[CV]  estimator__max_depth=5, estimator__max_features=0.1, estimator__n_estimators=500, total= 3.0min
[CV] estimator__max_depth=5, estimator__max_features=0.1, estimator__n_estimators=1000 
[CV]  estimator__max_depth=5, estimator__max_features=0.1, estimator__n_estimators=1000, total= 6.3min
[CV] estimator__max_depth=5, estimator__max_features=0.5, estimator__n_estimators=1000 
[CV]  estimator__max_depth=5, estimator__max_features=0.5, estimator__n_estimators=1000, total=28.9min
[CV] estimator__max_depth=10, estimator__max_features=0.5, estimator__n_estimators=700 
[CV]  estimator__max_depth=10, estimator__max_features=0.5, estimator__n_estimators=700, total=47.5min
[CV] estimator__max_depth=3, estimator__max_features=0.1, estimator__n_estimators=100 
[CV]  estimator__max_depth=3, estimator__max_features=0.1, estimator__n_estimators=100, total=  19.5s
[CV] estimator__max_depth=3, estimator__max_features=0.1, estimator__n_estimators=1000 
[CV]  estimator__max_depth=3, estimator__max_features=0.1, estimator__n_estimators=1000, total= 3.2min
[CV] estimator__max_depth=3, estimator__max_features=0.5, estimator__n_estimators=1000 
[CV]  estimator__max_depth=3, estimator__max_features=0.5, estimator__n_estimators=1000, total=15.1min
[CV] estimator__max_depth=5, estimator__max_features=0.5, estimator__n_estimators=1000 
[CV]  estimator__max_depth=5, estimator__max_features=0.5, estimator__n_estimators=1000, total=29.1min
[CV] estimator__max_depth=10, estimator__max_features=0.5, estimator__n_estimators=700 
[CV]  estimator__max_depth=10, estimator__max_features=0.5, estimator__n_estimators=700, total=48.4min
[CV] estimator__max_depth=3, estimator__max_features=0.1, estimator__n_estimators=100 
[CV]  estimator__max_depth=3, estimator__max_features=0.1, estimator__n_estimators=100, total=  18.9s
[CV] estimator__max_depth=3, estimator__max_features=0.1, estimator__n_estimators=1000 
[CV]  estimator__max_depth=3, estimator__max_features=0.1, estimator__n_estimators=1000, total= 3.1min
[CV] estimator__max_depth=3, estimator__max_features=0.5, estimator__n_estimators=1000 
[CV]  estimator__max_depth=3, estimator__max_features=0.5, estimator__n_estimators=1000, total=15.1min
[CV] estimator__max_depth=5, estimator__max_features=0.5, estimator__n_estimators=1000 
[CV]  estimator__max_depth=5, estimator__max_features=0.5, estimator__n_estimators=1000, total=30.5min
[CV] estimator__max_depth=10, estimator__max_features=0.5, estimator__n_estimators=700 
[CV]  estimator__max_depth=10, estimator__max_features=0.5, estimator__n_estimators=700, total=47.4min
[CV] estimator__max_depth=3, estimator__max_features=0.1, estimator__n_estimators=100 
[CV]  estimator__max_depth=3, estimator__max_features=0.1, estimator__n_estimators=100, total=  19.1s
[CV] estimator__max_depth=3, estimator__max_features=0.1, estimator__n_estimators=1000 
[CV]  estimator__max_depth=3, estimator__max_features=0.1, estimator__n_estimators=1000, total= 3.1min
[CV] estimator__max_depth=3, estimator__max_features=0.5, estimator__n_estimators=1000 
[CV]  estimator__max_depth=3, estimator__max_features=0.5, estimator__n_estimators=1000, total=15.9min
[CV] estimator__max_depth=5, estimator__max_features=0.5, estimator__n_estimators=1000 
[CV]  estimator__max_depth=5, estimator__max_features=0.5, estimator__n_estimators=1000, total=29.8min
[CV] estimator__max_depth=10, estimator__max_features=0.5, estimator__n_estimators=700 
[CV]  estimator__max_depth=10, estimator__max_features=0.5, estimator__n_estimators=700, total=47.9min
[CV] estimator__max_depth=3, estimator__max_features=0.1, estimator__n_estimators=100 
[CV]  estimator__max_depth=3, estimator__max_features=0.1, estimator__n_estimators=100, total=  20.1s
[CV] estimator__max_depth=3, estimator__max_features=0.1, estimator__n_estimators=1000 
[CV]  estimator__max_depth=3, estimator__max_features=0.1, estimator__n_estimators=1000, total= 3.1min
[CV] estimator__max_depth=3, estimator__max_features=0.5, estimator__n_estimators=1000 
[CV]  estimator__max_depth=3, estimator__max_features=0.5, estimator__n_estimators=1000, total=15.0min
[CV] estimator__max_depth=5, estimator__max_features=0.5, estimator__n_estimators=1000 
[CV]  estimator__max_depth=5, estimator__max_features=0.5, estimator__n_estimators=1000, total=29.5min
[CV] estimator__max_depth=10, estimator__max_features=0.5, estimator__n_estimators=700 
[CV]  estimator__max_depth=10, estimator__max_features=0.5, estimator__n_estimators=700, total=51.1min
[CV] estimator__max_depth=3, estimator__max_features=0.1, estimator__n_estimators=500 
[CV]  estimator__max_depth=3, estimator__max_features=0.1, estimator__n_estimators=500, total= 1.5min
[CV] estimator__max_depth=3, estimator__max_features=0.5, estimator__n_estimators=300 
[CV]  estimator__max_depth=3, estimator__max_features=0.5, estimator__n_estimators=300, total= 4.3min
[CV] estimator__max_depth=3, estimator__max_features=sqrt, estimator__n_estimators=100 
[CV]  estimator__max_depth=3, estimator__max_features=sqrt, estimator__n_estimators=100, total=   1.0s
[CV] estimator__max_depth=3, estimator__max_features=sqrt, estimator__n_estimators=100 
[CV]  estimator__max_depth=3, estimator__max_features=sqrt, estimator__n_estimators=100, total=   1.0s
[CV] estimator__max_depth=3, estimator__max_features=sqrt, estimator__n_estimators=100 
[CV]  estimator__max_depth=3, estimator__max_features=sqrt, estimator__n_estimators=100, total=   1.0s
[CV] estimator__max_depth=3, estimator__max_features=sqrt, estimator__n_estimators=100 
[CV]  estimator__max_depth=3, estimator__max_features=sqrt, estimator__n_estimators=100, total=   1.0s
[CV] estimator__max_depth=3, estimator__max_features=sqrt, estimator__n_estimators=100 
[CV]  estimator__max_depth=3, estimator__max_features=sqrt, estimator__n_estimators=100, total=   1.0s
[CV] estimator__max_depth=3, estimator__max_features=sqrt, estimator__n_estimators=300 
[CV]  estimator__max_depth=3, estimator__max_features=sqrt, estimator__n_estimators=300, total=   2.3s
[CV] estimator__max_depth=3, estimator__max_features=sqrt, estimator__n_estimators=300 
[CV]  estimator__max_depth=3, estimator__max_features=sqrt, estimator__n_estimators=300, total=   2.4s
[CV] estimator__max_depth=3, estimator__max_features=sqrt, estimator__n_estimators=300 
[CV]  estimator__max_depth=3, estimator__max_features=sqrt, estimator__n_estimators=300, total=   2.4s
[CV] estimator__max_depth=3, estimator__max_features=sqrt, estimator__n_estimators=300 
[CV]  estimator__max_depth=3, estimator__max_features=sqrt, estimator__n_estimators=300, total=   2.4s
[CV] estimator__max_depth=3, estimator__max_features=sqrt, estimator__n_estimators=500 
[CV]  estimator__max_depth=3, estimator__max_features=sqrt, estimator__n_estimators=500, total=   3.8s
[CV] estimator__max_depth=3, estimator__max_features=sqrt, estimator__n_estimators=500 
[CV]  estimator__max_depth=3, estimator__max_features=sqrt, estimator__n_estimators=500, total=   3.8s
[CV] estimator__max_depth=3, estimator__max_features=sqrt, estimator__n_estimators=700 
[CV]  estimator__max_depth=3, estimator__max_features=sqrt, estimator__n_estimators=700, total=   5.1s
[CV] estimator__max_depth=3, estimator__max_features=sqrt, estimator__n_estimators=1000 
[CV]  estimator__max_depth=3, estimator__max_features=sqrt, estimator__n_estimators=1000, total=   7.4s
[CV] estimator__max_depth=3, estimator__max_features=log2, estimator__n_estimators=100 
[CV]  estimator__max_depth=3, estimator__max_features=log2, estimator__n_estimators=100, total=   0.5s
[CV] estimator__max_depth=3, estimator__max_features=log2, estimator__n_estimators=300 
[CV]  estimator__max_depth=3, estimator__max_features=log2, estimator__n_estimators=300, total=   1.1s
[CV] estimator__max_depth=3, estimator__max_features=log2, estimator__n_estimators=300 
[CV]  estimator__max_depth=3, estimator__max_features=log2, estimator__n_estimators=300, total=   0.9s
[CV] estimator__max_depth=3, estimator__max_features=log2, estimator__n_estimators=500 
[CV]  estimator__max_depth=3, estimator__max_features=log2, estimator__n_estimators=500, total=   1.4s
[CV] estimator__max_depth=3, estimator__max_features=log2, estimator__n_estimators=700 
[CV]  estimator__max_depth=3, estimator__max_features=log2, estimator__n_estimators=700, total=   1.9s
[CV] estimator__max_depth=3, estimator__max_features=log2, estimator__n_estimators=1000 
[CV]  estimator__max_depth=3, estimator__max_features=log2, estimator__n_estimators=1000, total=   2.3s
[CV] estimator__max_depth=5, estimator__max_features=0.1, estimator__n_estimators=100 
[CV]  estimator__max_depth=5, estimator__max_features=0.1, estimator__n_estimators=100, total=  37.6s
[CV] estimator__max_depth=5, estimator__max_features=0.1, estimator__n_estimators=300 
[CV]  estimator__max_depth=5, estimator__max_features=0.1, estimator__n_estimators=300, total= 1.7min
[CV] estimator__max_depth=5, estimator__max_features=0.1, estimator__n_estimators=500 
[CV]  estimator__max_depth=5, estimator__max_features=0.1, estimator__n_estimators=500, total= 2.9min
[CV] estimator__max_depth=5, estimator__max_features=0.1, estimator__n_estimators=1000 
[CV]  estimator__max_depth=5, estimator__max_features=0.1, estimator__n_estimators=1000, total= 5.6min
[CV] estimator__max_depth=5, estimator__max_features=0.5, estimator__n_estimators=700 
[CV]  estimator__max_depth=5, estimator__max_features=0.5, estimator__n_estimators=700, total=19.3min
[CV] estimator__max_depth=10, estimator__max_features=0.1, estimator__n_estimators=1000 
[CV]  estimator__max_depth=10, estimator__max_features=0.1, estimator__n_estimators=1000, total=15.7min
[CV] estimator__max_depth=10, estimator__max_features=0.5, estimator__n_estimators=1000 
[CV]  estimator__max_depth=10, estimator__max_features=0.5, estimator__n_estimators=1000, total=64.7min
[CV] estimator__max_depth=3, estimator__max_features=0.1, estimator__n_estimators=700 
[CV]  estimator__max_depth=3, estimator__max_features=0.1, estimator__n_estimators=700, total= 2.1min
[CV] estimator__max_depth=3, estimator__max_features=0.5, estimator__n_estimators=500 
[CV]  estimator__max_depth=3, estimator__max_features=0.5, estimator__n_estimators=500, total= 7.3min
[CV] estimator__max_depth=5, estimator__max_features=0.1, estimator__n_estimators=700 
[CV]  estimator__max_depth=5, estimator__max_features=0.1, estimator__n_estimators=700, total= 4.0min
[CV] estimator__max_depth=5, estimator__max_features=0.5, estimator__n_estimators=100 
[CV]  estimator__max_depth=5, estimator__max_features=0.5, estimator__n_estimators=100, total= 2.8min
[CV] estimator__max_depth=5, estimator__max_features=0.5, estimator__n_estimators=500 
[CV]  estimator__max_depth=5, estimator__max_features=0.5, estimator__n_estimators=500, total=13.9min
[CV] estimator__max_depth=10, estimator__max_features=0.1, estimator__n_estimators=500 
[CV]  estimator__max_depth=10, estimator__max_features=0.1, estimator__n_estimators=500, total= 7.6min
[CV] estimator__max_depth=10, estimator__max_features=0.1, estimator__n_estimators=1000 
[CV]  estimator__max_depth=10, estimator__max_features=0.1, estimator__n_estimators=1000, total=16.4min
[CV] estimator__max_depth=10, estimator__max_features=0.5, estimator__n_estimators=1000 
[CV]  estimator__max_depth=10, estimator__max_features=0.5, estimator__n_estimators=1000, total=64.4min
